[01m[K/home/santhosh/Desktop/ros2_ws/pendulum_control/src/esp32_interface/src/esp32.cpp:3:63:[m[K [01;35m[Kwarning: [m[Kcharacter constant too long for its type
    3 | ESP32Interface::ESP32Interface(int argc, char **argv)  : Node([01;35m[K'esp_32_interface'[m[K), serial_(io_, "/dev/ttyUSB0")
      |                                                               [01;35m[K^~~~~~~~~~~~~~~~~~[m[K
[01m[K/home/santhosh/Desktop/ros2_ws/pendulum_control/src/esp32_interface/src/esp32.cpp:3:1:[m[K [01;31m[Kerror: [m[Kno declaration matches ‘[01m[KESP32Interface::ESP32Interface(int, char**)[m[K’
    3 | [01;31m[KESP32Interface[m[K::ESP32Interface(int argc, char **argv)  : Node('esp_32_interface'), serial_(io_, "/dev/ttyUSB0")
      | [01;31m[K^~~~~~~~~~~~~~[m[K
In file included from [01m[K/home/santhosh/Desktop/ros2_ws/pendulum_control/src/esp32_interface/src/esp32.cpp:1[m[K:
[01m[K/home/santhosh/Desktop/ros2_ws/pendulum_control/src/esp32_interface/include/esp32_interface/esp32.hpp:7:7:[m[K [01;36m[Knote: [m[Kcandidates are: ‘[01m[KESP32Interface::ESP32Interface(ESP32Interface&&)[m[K’
    7 | class [01;36m[KESP32Interface[m[K : public rclcpp::Node
      |       [01;36m[K^~~~~~~~~~~~~~[m[K
[01m[K/home/santhosh/Desktop/ros2_ws/pendulum_control/src/esp32_interface/include/esp32_interface/esp32.hpp:7:7:[m[K [01;36m[Knote: [m[K                ‘[01m[KESP32Interface::ESP32Interface(const ESP32Interface&)[m[K’
[01m[K/home/santhosh/Desktop/ros2_ws/pendulum_control/src/esp32_interface/include/esp32_interface/esp32.hpp:15:5:[m[K [01;36m[Knote: [m[K                ‘[01m[KESP32Interface::ESP32Interface(int, char**, rclcpp::NodeOptions&)[m[K’
   15 |     [01;36m[KESP32Interface[m[K(int argc, char **argv, rclcpp::NodeOptions &options);
      |     [01;36m[K^~~~~~~~~~~~~~[m[K
[01m[K/home/santhosh/Desktop/ros2_ws/pendulum_control/src/esp32_interface/include/esp32_interface/esp32.hpp:7:7:[m[K [01;36m[Knote: [m[K‘[01m[Kclass ESP32Interface[m[K’ defined here
    7 | class [01;36m[KESP32Interface[m[K : public rclcpp::Node
      |       [01;36m[K^~~~~~~~~~~~~~[m[K
[01m[K/home/santhosh/Desktop/ros2_ws/pendulum_control/src/esp32_interface/src/esp32.cpp:[m[K In static member function ‘[01m[Kstatic ESP32Interface::esp_read_response_ ESP32Interface::read_register(uint8_t, int, int16_t&)[m[K’:
[01m[K/home/santhosh/Desktop/ros2_ws/pendulum_control/src/esp32_interface/src/esp32.cpp:34:24:[m[K [01;31m[Kerror: [m[Kinvalid use of member ‘[01m[KESP32Interface::serial_[m[K’ in static member function
   34 |     boost::asio::write([01;31m[Kserial_[m[K, boost::asio::buffer(request, 2));
      |                        [01;31m[K^~~~~~~[m[K
In file included from [01m[K/home/santhosh/Desktop/ros2_ws/pendulum_control/src/esp32_interface/src/esp32.cpp:1[m[K:
[01m[K/home/santhosh/Desktop/ros2_ws/pendulum_control/src/esp32_interface/include/esp32_interface/esp32.hpp:19:30:[m[K [01;36m[Knote: [m[Kdeclared here
   19 |     boost::asio::serial_port [01;36m[Kserial_[m[K;
      |                              [01;36m[K^~~~~~~[m[K
[01m[K/home/santhosh/Desktop/ros2_ws/pendulum_control/src/esp32_interface/src/esp32.cpp:45:20:[m[K [01;31m[Kerror: [m[Kinvalid use of member ‘[01m[KESP32Interface::serial_[m[K’ in static member function
   45 |         size_t n = [01;31m[Kserial_[m[K.read_some(boost::asio::buffer(&byte, 1), ec);
      |                    [01;31m[K^~~~~~~[m[K
In file included from [01m[K/home/santhosh/Desktop/ros2_ws/pendulum_control/src/esp32_interface/src/esp32.cpp:1[m[K:
[01m[K/home/santhosh/Desktop/ros2_ws/pendulum_control/src/esp32_interface/include/esp32_interface/esp32.hpp:19:30:[m[K [01;36m[Knote: [m[Kdeclared here
   19 |     boost::asio::serial_port [01;36m[Kserial_[m[K;
      |                              [01;36m[K^~~~~~~[m[K
[01m[K/home/santhosh/Desktop/ros2_ws/pendulum_control/src/esp32_interface/src/esp32.cpp:72:20:[m[K [01;31m[Kerror: [m[Kinvalid use of member ‘[01m[KESP32Interface::serial_[m[K’ in static member function
   72 |         size_t n = [01;31m[Kserial_[m[K.read_some(boost::asio::buffer(resp + total_read, PACKET_SIZE - total_read), ec);
      |                    [01;31m[K^~~~~~~[m[K
In file included from [01m[K/home/santhosh/Desktop/ros2_ws/pendulum_control/src/esp32_interface/src/esp32.cpp:1[m[K:
[01m[K/home/santhosh/Desktop/ros2_ws/pendulum_control/src/esp32_interface/include/esp32_interface/esp32.hpp:19:30:[m[K [01;36m[Knote: [m[Kdeclared here
   19 |     boost::asio::serial_port [01;36m[Kserial_[m[K;
      |                              [01;36m[K^~~~~~~[m[K
[01m[K/home/santhosh/Desktop/ros2_ws/pendulum_control/src/esp32_interface/src/esp32.cpp:[m[K At global scope:
[01m[K/home/santhosh/Desktop/ros2_ws/pendulum_control/src/esp32_interface/src/esp32.cpp:133:1:[m[K [01;31m[Kerror: [m[KISO C++ forbids declaration of ‘[01m[KreadDataPubliherThread[m[K’ with no type [[01;31m[K]8;;https://gcc.gnu.org/onlinedocs/gcc/Warning-Options.html#index-fpermissive-fpermissive]8;;[m[K]
  133 | [01;31m[KESP32Interface[m[K::readDataPubliherThread(){
      | [01;31m[K^~~~~~~~~~~~~~[m[K
[01m[K/home/santhosh/Desktop/ros2_ws/pendulum_control/src/esp32_interface/src/esp32.cpp:133:1:[m[K [01;31m[Kerror: [m[Kno declaration matches ‘[01m[Kint ESP32Interface::readDataPubliherThread()[m[K’
In file included from [01m[K/home/santhosh/Desktop/ros2_ws/pendulum_control/src/esp32_interface/src/esp32.cpp:1[m[K:
[01m[K/home/santhosh/Desktop/ros2_ws/pendulum_control/src/esp32_interface/include/esp32_interface/esp32.hpp:21:10:[m[K [01;36m[Knote: [m[Kcandidate is: ‘[01m[Kvoid ESP32Interface::readDataPubliherThread()[m[K’
   21 |     void [01;36m[KreadDataPubliherThread[m[K();
      |          [01;36m[K^~~~~~~~~~~~~~~~~~~~~~[m[K
[01m[K/home/santhosh/Desktop/ros2_ws/pendulum_control/src/esp32_interface/include/esp32_interface/esp32.hpp:7:7:[m[K [01;36m[Knote: [m[K‘[01m[Kclass ESP32Interface[m[K’ defined here
    7 | class [01;36m[KESP32Interface[m[K : public rclcpp::Node
      |       [01;36m[K^~~~~~~~~~~~~~[m[K
gmake[2]: *** [CMakeFiles/esp32_interface_node.dir/build.make:76: CMakeFiles/esp32_interface_node.dir/src/esp32.cpp.o] Error 1
gmake[1]: *** [CMakeFiles/Makefile2:137: CMakeFiles/esp32_interface_node.dir/all] Error 2
gmake: *** [Makefile:146: all] Error 2
