[0.060s] DEBUG:colcon:Command line arguments: ['/usr/bin/colcon', 'build']
[0.060s] DEBUG:colcon:Parsed command line arguments: Namespace(log_base=None, log_level=None, verb_name='build', build_base='build', install_base='install', merge_install=False, symlink_install=False, test_result_base=None, continue_on_error=False, executor='parallel', parallel_workers=16, event_handlers=None, ignore_user_meta=False, metas=['./colcon.meta'], base_paths=['.'], packages_ignore=None, packages_ignore_regex=None, paths=None, packages_up_to=None, packages_up_to_regex=None, packages_above=None, packages_above_and_dependencies=None, packages_above_depth=None, packages_select_by_dep=None, packages_skip_by_dep=None, packages_skip_up_to=None, packages_select_build_failed=False, packages_skip_build_finished=False, packages_select_test_failures=False, packages_skip_test_passed=False, packages_select=None, packages_skip=None, packages_select_regex=None, packages_skip_regex=None, packages_start=None, packages_end=None, allow_overriding=[], cmake_args=None, cmake_target=None, cmake_target_skip_unavailable=False, cmake_clean_cache=False, cmake_clean_first=False, cmake_force_configure=False, ament_cmake_args=None, catkin_cmake_args=None, catkin_skip_building_tests=False, verb_parser=<colcon_defaults.argument_parser.defaults.DefaultArgumentsDecorator object at 0x763fc5933220>, verb_extension=<colcon_core.verb.build.BuildVerb object at 0x763fc5a78610>, main=<bound method BuildVerb.main of <colcon_core.verb.build.BuildVerb object at 0x763fc5a78610>>)
[0.152s] Level 1:colcon.colcon_core.package_discovery:discover_packages(colcon_meta) check parameters
[0.152s] Level 1:colcon.colcon_core.package_discovery:discover_packages(recursive) check parameters
[0.152s] Level 1:colcon.colcon_core.package_discovery:discover_packages(ignore) check parameters
[0.152s] Level 1:colcon.colcon_core.package_discovery:discover_packages(path) check parameters
[0.152s] Level 1:colcon.colcon_core.package_discovery:discover_packages(colcon_meta) discover
[0.152s] Level 1:colcon.colcon_core.package_discovery:discover_packages(recursive) discover
[0.152s] INFO:colcon.colcon_core.package_discovery:Crawling recursively for packages in '/home/santhosh/Desktop/ros2_ws/pendulum_control'
[0.153s] Level 1:colcon.colcon_core.package_identification:_identify(.) by extensions ['ignore', 'ignore_ament_install']
[0.153s] Level 1:colcon.colcon_core.package_identification:_identify(.) by extension 'ignore'
[0.153s] Level 1:colcon.colcon_core.package_identification:_identify(.) by extension 'ignore_ament_install'
[0.153s] Level 1:colcon.colcon_core.package_identification:_identify(.) by extensions ['colcon_pkg']
[0.153s] Level 1:colcon.colcon_core.package_identification:_identify(.) by extension 'colcon_pkg'
[0.153s] Level 1:colcon.colcon_core.package_identification:_identify(.) by extensions ['colcon_meta']
[0.153s] Level 1:colcon.colcon_core.package_identification:_identify(.) by extension 'colcon_meta'
[0.153s] Level 1:colcon.colcon_core.package_identification:_identify(.) by extensions ['ros']
[0.153s] Level 1:colcon.colcon_core.package_identification:_identify(.) by extension 'ros'
[0.160s] Level 1:colcon.colcon_core.package_identification:_identify(.) by extensions ['cmake', 'python']
[0.160s] Level 1:colcon.colcon_core.package_identification:_identify(.) by extension 'cmake'
[0.160s] Level 1:colcon.colcon_core.package_identification:_identify(.) by extension 'python'
[0.160s] Level 1:colcon.colcon_core.package_identification:_identify(.) by extensions ['python_setup_py']
[0.160s] Level 1:colcon.colcon_core.package_identification:_identify(.) by extension 'python_setup_py'
[0.160s] Level 1:colcon.colcon_core.package_identification:_identify(build) by extensions ['ignore', 'ignore_ament_install']
[0.160s] Level 1:colcon.colcon_core.package_identification:_identify(build) by extension 'ignore'
[0.160s] Level 1:colcon.colcon_core.package_identification:_identify(build) ignored
[0.160s] Level 1:colcon.colcon_core.package_identification:_identify(install) by extensions ['ignore', 'ignore_ament_install']
[0.160s] Level 1:colcon.colcon_core.package_identification:_identify(install) by extension 'ignore'
[0.161s] Level 1:colcon.colcon_core.package_identification:_identify(install) ignored
[0.161s] Level 1:colcon.colcon_core.package_identification:_identify(log) by extensions ['ignore', 'ignore_ament_install']
[0.161s] Level 1:colcon.colcon_core.package_identification:_identify(log) by extension 'ignore'
[0.161s] Level 1:colcon.colcon_core.package_identification:_identify(log) ignored
[0.161s] Level 1:colcon.colcon_core.package_identification:_identify(src) by extensions ['ignore', 'ignore_ament_install']
[0.161s] Level 1:colcon.colcon_core.package_identification:_identify(src) by extension 'ignore'
[0.161s] Level 1:colcon.colcon_core.package_identification:_identify(src) by extension 'ignore_ament_install'
[0.161s] Level 1:colcon.colcon_core.package_identification:_identify(src) by extensions ['colcon_pkg']
[0.161s] Level 1:colcon.colcon_core.package_identification:_identify(src) by extension 'colcon_pkg'
[0.161s] Level 1:colcon.colcon_core.package_identification:_identify(src) by extensions ['colcon_meta']
[0.161s] Level 1:colcon.colcon_core.package_identification:_identify(src) by extension 'colcon_meta'
[0.161s] Level 1:colcon.colcon_core.package_identification:_identify(src) by extensions ['ros']
[0.161s] Level 1:colcon.colcon_core.package_identification:_identify(src) by extension 'ros'
[0.161s] Level 1:colcon.colcon_core.package_identification:_identify(src) by extensions ['cmake', 'python']
[0.161s] Level 1:colcon.colcon_core.package_identification:_identify(src) by extension 'cmake'
[0.161s] Level 1:colcon.colcon_core.package_identification:_identify(src) by extension 'python'
[0.161s] Level 1:colcon.colcon_core.package_identification:_identify(src) by extensions ['python_setup_py']
[0.161s] Level 1:colcon.colcon_core.package_identification:_identify(src) by extension 'python_setup_py'
[0.161s] Level 1:colcon.colcon_core.package_identification:_identify(src/esp32_interface) by extensions ['ignore', 'ignore_ament_install']
[0.161s] Level 1:colcon.colcon_core.package_identification:_identify(src/esp32_interface) by extension 'ignore'
[0.161s] Level 1:colcon.colcon_core.package_identification:_identify(src/esp32_interface) by extension 'ignore_ament_install'
[0.161s] Level 1:colcon.colcon_core.package_identification:_identify(src/esp32_interface) by extensions ['colcon_pkg']
[0.161s] Level 1:colcon.colcon_core.package_identification:_identify(src/esp32_interface) by extension 'colcon_pkg'
[0.161s] Level 1:colcon.colcon_core.package_identification:_identify(src/esp32_interface) by extensions ['colcon_meta']
[0.161s] Level 1:colcon.colcon_core.package_identification:_identify(src/esp32_interface) by extension 'colcon_meta'
[0.161s] Level 1:colcon.colcon_core.package_identification:_identify(src/esp32_interface) by extensions ['ros']
[0.161s] Level 1:colcon.colcon_core.package_identification:_identify(src/esp32_interface) by extension 'ros'
[0.163s] DEBUG:colcon.colcon_core.package_identification:Package 'src/esp32_interface' with type 'ros.ament_cmake' and name 'esp32_interface'
[0.163s] Level 1:colcon.colcon_core.package_identification:_identify(src/esp32_msgs) by extensions ['ignore', 'ignore_ament_install']
[0.163s] Level 1:colcon.colcon_core.package_identification:_identify(src/esp32_msgs) by extension 'ignore'
[0.163s] Level 1:colcon.colcon_core.package_identification:_identify(src/esp32_msgs) by extension 'ignore_ament_install'
[0.163s] Level 1:colcon.colcon_core.package_identification:_identify(src/esp32_msgs) by extensions ['colcon_pkg']
[0.163s] Level 1:colcon.colcon_core.package_identification:_identify(src/esp32_msgs) by extension 'colcon_pkg'
[0.163s] Level 1:colcon.colcon_core.package_identification:_identify(src/esp32_msgs) by extensions ['colcon_meta']
[0.163s] Level 1:colcon.colcon_core.package_identification:_identify(src/esp32_msgs) by extension 'colcon_meta'
[0.163s] Level 1:colcon.colcon_core.package_identification:_identify(src/esp32_msgs) by extensions ['ros']
[0.163s] Level 1:colcon.colcon_core.package_identification:_identify(src/esp32_msgs) by extension 'ros'
[0.163s] DEBUG:colcon.colcon_core.package_identification:Package 'src/esp32_msgs' with type 'ros.ament_cmake' and name 'esp32_msgs'
[0.163s] Level 1:colcon.colcon_core.package_discovery:discover_packages(recursive) using defaults
[0.163s] Level 1:colcon.colcon_core.package_discovery:discover_packages(ignore) discover
[0.163s] Level 1:colcon.colcon_core.package_discovery:discover_packages(ignore) using defaults
[0.163s] Level 1:colcon.colcon_core.package_discovery:discover_packages(path) discover
[0.163s] Level 1:colcon.colcon_core.package_discovery:discover_packages(path) using defaults
[0.175s] Level 1:colcon.colcon_core.package_discovery:discover_packages(prefix_path) check parameters
[0.175s] Level 1:colcon.colcon_core.package_discovery:discover_packages(prefix_path) discover
[0.177s] DEBUG:colcon.colcon_installed_package_information.package_discovery:Found 277 installed packages in /opt/ros/humble
[0.178s] Level 1:colcon.colcon_core.package_discovery:discover_packages(prefix_path) using defaults
[0.207s] Level 5:colcon.colcon_core.verb:set package 'esp32_msgs' build argument 'cmake_args' from command line to 'None'
[0.207s] Level 5:colcon.colcon_core.verb:set package 'esp32_msgs' build argument 'cmake_target' from command line to 'None'
[0.207s] Level 5:colcon.colcon_core.verb:set package 'esp32_msgs' build argument 'cmake_target_skip_unavailable' from command line to 'False'
[0.207s] Level 5:colcon.colcon_core.verb:set package 'esp32_msgs' build argument 'cmake_clean_cache' from command line to 'False'
[0.207s] Level 5:colcon.colcon_core.verb:set package 'esp32_msgs' build argument 'cmake_clean_first' from command line to 'False'
[0.207s] Level 5:colcon.colcon_core.verb:set package 'esp32_msgs' build argument 'cmake_force_configure' from command line to 'False'
[0.207s] Level 5:colcon.colcon_core.verb:set package 'esp32_msgs' build argument 'ament_cmake_args' from command line to 'None'
[0.207s] Level 5:colcon.colcon_core.verb:set package 'esp32_msgs' build argument 'catkin_cmake_args' from command line to 'None'
[0.207s] Level 5:colcon.colcon_core.verb:set package 'esp32_msgs' build argument 'catkin_skip_building_tests' from command line to 'False'
[0.207s] DEBUG:colcon.colcon_core.verb:Building package 'esp32_msgs' with the following arguments: {'ament_cmake_args': None, 'build_base': '/home/santhosh/Desktop/ros2_ws/pendulum_control/build/esp32_msgs', 'catkin_cmake_args': None, 'catkin_skip_building_tests': False, 'cmake_args': None, 'cmake_clean_cache': False, 'cmake_clean_first': False, 'cmake_force_configure': False, 'cmake_target': None, 'cmake_target_skip_unavailable': False, 'install_base': '/home/santhosh/Desktop/ros2_ws/pendulum_control/install/esp32_msgs', 'merge_install': False, 'path': '/home/santhosh/Desktop/ros2_ws/pendulum_control/src/esp32_msgs', 'symlink_install': False, 'test_result_base': None}
[0.208s] Level 5:colcon.colcon_core.verb:set package 'esp32_interface' build argument 'cmake_args' from command line to 'None'
[0.208s] Level 5:colcon.colcon_core.verb:set package 'esp32_interface' build argument 'cmake_target' from command line to 'None'
[0.208s] Level 5:colcon.colcon_core.verb:set package 'esp32_interface' build argument 'cmake_target_skip_unavailable' from command line to 'False'
[0.208s] Level 5:colcon.colcon_core.verb:set package 'esp32_interface' build argument 'cmake_clean_cache' from command line to 'False'
[0.208s] Level 5:colcon.colcon_core.verb:set package 'esp32_interface' build argument 'cmake_clean_first' from command line to 'False'
[0.208s] Level 5:colcon.colcon_core.verb:set package 'esp32_interface' build argument 'cmake_force_configure' from command line to 'False'
[0.208s] Level 5:colcon.colcon_core.verb:set package 'esp32_interface' build argument 'ament_cmake_args' from command line to 'None'
[0.208s] Level 5:colcon.colcon_core.verb:set package 'esp32_interface' build argument 'catkin_cmake_args' from command line to 'None'
[0.208s] Level 5:colcon.colcon_core.verb:set package 'esp32_interface' build argument 'catkin_skip_building_tests' from command line to 'False'
[0.208s] DEBUG:colcon.colcon_core.verb:Building package 'esp32_interface' with the following arguments: {'ament_cmake_args': None, 'build_base': '/home/santhosh/Desktop/ros2_ws/pendulum_control/build/esp32_interface', 'catkin_cmake_args': None, 'catkin_skip_building_tests': False, 'cmake_args': None, 'cmake_clean_cache': False, 'cmake_clean_first': False, 'cmake_force_configure': False, 'cmake_target': None, 'cmake_target_skip_unavailable': False, 'install_base': '/home/santhosh/Desktop/ros2_ws/pendulum_control/install/esp32_interface', 'merge_install': False, 'path': '/home/santhosh/Desktop/ros2_ws/pendulum_control/src/esp32_interface', 'symlink_install': False, 'test_result_base': None}
[0.208s] INFO:colcon.colcon_core.executor:Executing jobs using 'parallel' executor
[0.209s] DEBUG:colcon.colcon_parallel_executor.executor.parallel:run_until_complete
[0.209s] INFO:colcon.colcon_ros.task.ament_cmake.build:Building ROS package in '/home/santhosh/Desktop/ros2_ws/pendulum_control/src/esp32_msgs' with build type 'ament_cmake'
[0.209s] INFO:colcon.colcon_cmake.task.cmake.build:Building CMake package in '/home/santhosh/Desktop/ros2_ws/pendulum_control/src/esp32_msgs'
[0.210s] INFO:colcon.colcon_core.plugin_system:Skipping extension 'colcon_core.shell.bat': Not used on non-Windows systems
[0.210s] INFO:colcon.colcon_core.shell:Skip shell extension 'powershell' for command environment: Not usable outside of PowerShell
[0.210s] DEBUG:colcon.colcon_core.shell:Skip shell extension 'dsv' for command environment
[0.219s] DEBUG:colcon.colcon_core.event_handler.log_command:Invoking command in '/home/santhosh/Desktop/ros2_ws/pendulum_control/build/esp32_msgs': CMAKE_PREFIX_PATH=/opt/ros/humble /usr/bin/cmake --build /home/santhosh/Desktop/ros2_ws/pendulum_control/build/esp32_msgs -- -j16 -l16
[0.474s] DEBUG:colcon.colcon_core.event_handler.log_command:Invoked command in '/home/santhosh/Desktop/ros2_ws/pendulum_control/build/esp32_msgs' returned '0': CMAKE_PREFIX_PATH=/opt/ros/humble /usr/bin/cmake --build /home/santhosh/Desktop/ros2_ws/pendulum_control/build/esp32_msgs -- -j16 -l16
[0.482s] DEBUG:colcon.colcon_core.event_handler.log_command:Invoking command in '/home/santhosh/Desktop/ros2_ws/pendulum_control/build/esp32_msgs': CMAKE_PREFIX_PATH=/opt/ros/humble /usr/bin/cmake --install /home/santhosh/Desktop/ros2_ws/pendulum_control/build/esp32_msgs
[0.521s] Level 1:colcon.colcon_core.environment:create_environment_scripts_only(esp32_msgs)
[0.522s] DEBUG:colcon.colcon_core.event_handler.log_command:Invoked command in '/home/santhosh/Desktop/ros2_ws/pendulum_control/build/esp32_msgs' returned '0': CMAKE_PREFIX_PATH=/opt/ros/humble /usr/bin/cmake --install /home/santhosh/Desktop/ros2_ws/pendulum_control/build/esp32_msgs
[0.523s] Level 1:colcon.colcon_core.environment:checking '/home/santhosh/Desktop/ros2_ws/pendulum_control/install/esp32_msgs' for CMake module files
[0.524s] Level 1:colcon.colcon_core.environment:checking '/home/santhosh/Desktop/ros2_ws/pendulum_control/install/esp32_msgs' for CMake config files
[0.524s] Level 1:colcon.colcon_core.shell:create_environment_hook('esp32_msgs', 'cmake_prefix_path')
[0.524s] INFO:colcon.colcon_core.shell:Creating environment hook '/home/santhosh/Desktop/ros2_ws/pendulum_control/install/esp32_msgs/share/esp32_msgs/hook/cmake_prefix_path.ps1'
[0.525s] INFO:colcon.colcon_core.shell:Creating environment descriptor '/home/santhosh/Desktop/ros2_ws/pendulum_control/install/esp32_msgs/share/esp32_msgs/hook/cmake_prefix_path.dsv'
[0.529s] INFO:colcon.colcon_core.shell:Creating environment hook '/home/santhosh/Desktop/ros2_ws/pendulum_control/install/esp32_msgs/share/esp32_msgs/hook/cmake_prefix_path.sh'
[0.531s] Level 1:colcon.colcon_core.environment:checking '/home/santhosh/Desktop/ros2_ws/pendulum_control/install/esp32_msgs/lib'
[0.531s] Level 1:colcon.colcon_core.shell:create_environment_hook('esp32_msgs', 'ld_library_path_lib')
[0.531s] INFO:colcon.colcon_core.shell:Creating environment hook '/home/santhosh/Desktop/ros2_ws/pendulum_control/install/esp32_msgs/share/esp32_msgs/hook/ld_library_path_lib.ps1'
[0.532s] INFO:colcon.colcon_core.shell:Creating environment descriptor '/home/santhosh/Desktop/ros2_ws/pendulum_control/install/esp32_msgs/share/esp32_msgs/hook/ld_library_path_lib.dsv'
[0.532s] INFO:colcon.colcon_core.shell:Creating environment hook '/home/santhosh/Desktop/ros2_ws/pendulum_control/install/esp32_msgs/share/esp32_msgs/hook/ld_library_path_lib.sh'
[0.533s] Level 1:colcon.colcon_core.environment:checking '/home/santhosh/Desktop/ros2_ws/pendulum_control/install/esp32_msgs/bin'
[0.533s] Level 1:colcon.colcon_core.environment:checking '/home/santhosh/Desktop/ros2_ws/pendulum_control/install/esp32_msgs/lib/pkgconfig/esp32_msgs.pc'
[0.533s] Level 1:colcon.colcon_core.environment:checking '/home/santhosh/Desktop/ros2_ws/pendulum_control/install/esp32_msgs/lib/python3.10/site-packages'
[0.533s] Level 1:colcon.colcon_core.environment:checking '/home/santhosh/Desktop/ros2_ws/pendulum_control/install/esp32_msgs/bin'
[0.534s] INFO:colcon.colcon_core.shell:Creating package script '/home/santhosh/Desktop/ros2_ws/pendulum_control/install/esp32_msgs/share/esp32_msgs/package.ps1'
[0.535s] INFO:colcon.colcon_core.shell:Creating package descriptor '/home/santhosh/Desktop/ros2_ws/pendulum_control/install/esp32_msgs/share/esp32_msgs/package.dsv'
[0.535s] INFO:colcon.colcon_core.shell:Creating package script '/home/santhosh/Desktop/ros2_ws/pendulum_control/install/esp32_msgs/share/esp32_msgs/package.sh'
[0.536s] INFO:colcon.colcon_core.shell:Creating package script '/home/santhosh/Desktop/ros2_ws/pendulum_control/install/esp32_msgs/share/esp32_msgs/package.bash'
[0.537s] INFO:colcon.colcon_core.shell:Creating package script '/home/santhosh/Desktop/ros2_ws/pendulum_control/install/esp32_msgs/share/esp32_msgs/package.zsh'
[0.538s] Level 1:colcon.colcon_core.environment:create_file_with_runtime_dependencies(/home/santhosh/Desktop/ros2_ws/pendulum_control/install/esp32_msgs/share/colcon-core/packages/esp32_msgs)
[0.539s] Level 1:colcon.colcon_core.environment:create_environment_scripts_only(esp32_msgs)
[0.539s] Level 1:colcon.colcon_core.environment:checking '/home/santhosh/Desktop/ros2_ws/pendulum_control/install/esp32_msgs' for CMake module files
[0.540s] Level 1:colcon.colcon_core.environment:checking '/home/santhosh/Desktop/ros2_ws/pendulum_control/install/esp32_msgs' for CMake config files
[0.540s] Level 1:colcon.colcon_core.shell:create_environment_hook('esp32_msgs', 'cmake_prefix_path')
[0.541s] INFO:colcon.colcon_core.shell:Creating environment hook '/home/santhosh/Desktop/ros2_ws/pendulum_control/install/esp32_msgs/share/esp32_msgs/hook/cmake_prefix_path.ps1'
[0.542s] INFO:colcon.colcon_core.shell:Creating environment descriptor '/home/santhosh/Desktop/ros2_ws/pendulum_control/install/esp32_msgs/share/esp32_msgs/hook/cmake_prefix_path.dsv'
[0.542s] INFO:colcon.colcon_core.shell:Creating environment hook '/home/santhosh/Desktop/ros2_ws/pendulum_control/install/esp32_msgs/share/esp32_msgs/hook/cmake_prefix_path.sh'
[0.543s] Level 1:colcon.colcon_core.environment:checking '/home/santhosh/Desktop/ros2_ws/pendulum_control/install/esp32_msgs/lib'
[0.543s] Level 1:colcon.colcon_core.shell:create_environment_hook('esp32_msgs', 'ld_library_path_lib')
[0.544s] INFO:colcon.colcon_core.shell:Creating environment hook '/home/santhosh/Desktop/ros2_ws/pendulum_control/install/esp32_msgs/share/esp32_msgs/hook/ld_library_path_lib.ps1'
[0.544s] INFO:colcon.colcon_core.shell:Creating environment descriptor '/home/santhosh/Desktop/ros2_ws/pendulum_control/install/esp32_msgs/share/esp32_msgs/hook/ld_library_path_lib.dsv'
[0.545s] INFO:colcon.colcon_core.shell:Creating environment hook '/home/santhosh/Desktop/ros2_ws/pendulum_control/install/esp32_msgs/share/esp32_msgs/hook/ld_library_path_lib.sh'
[0.545s] Level 1:colcon.colcon_core.environment:checking '/home/santhosh/Desktop/ros2_ws/pendulum_control/install/esp32_msgs/bin'
[0.545s] Level 1:colcon.colcon_core.environment:checking '/home/santhosh/Desktop/ros2_ws/pendulum_control/install/esp32_msgs/lib/pkgconfig/esp32_msgs.pc'
[0.545s] Level 1:colcon.colcon_core.environment:checking '/home/santhosh/Desktop/ros2_ws/pendulum_control/install/esp32_msgs/lib/python3.10/site-packages'
[0.545s] Level 1:colcon.colcon_core.environment:checking '/home/santhosh/Desktop/ros2_ws/pendulum_control/install/esp32_msgs/bin'
[0.546s] INFO:colcon.colcon_core.shell:Creating package script '/home/santhosh/Desktop/ros2_ws/pendulum_control/install/esp32_msgs/share/esp32_msgs/package.ps1'
[0.546s] INFO:colcon.colcon_core.shell:Creating package descriptor '/home/santhosh/Desktop/ros2_ws/pendulum_control/install/esp32_msgs/share/esp32_msgs/package.dsv'
[0.547s] INFO:colcon.colcon_core.shell:Creating package script '/home/santhosh/Desktop/ros2_ws/pendulum_control/install/esp32_msgs/share/esp32_msgs/package.sh'
[0.547s] INFO:colcon.colcon_core.shell:Creating package script '/home/santhosh/Desktop/ros2_ws/pendulum_control/install/esp32_msgs/share/esp32_msgs/package.bash'
[0.547s] INFO:colcon.colcon_core.shell:Creating package script '/home/santhosh/Desktop/ros2_ws/pendulum_control/install/esp32_msgs/share/esp32_msgs/package.zsh'
[0.548s] Level 1:colcon.colcon_core.environment:create_file_with_runtime_dependencies(/home/santhosh/Desktop/ros2_ws/pendulum_control/install/esp32_msgs/share/colcon-core/packages/esp32_msgs)
[0.548s] INFO:colcon.colcon_ros.task.ament_cmake.build:Building ROS package in '/home/santhosh/Desktop/ros2_ws/pendulum_control/src/esp32_interface' with build type 'ament_cmake'
[0.548s] INFO:colcon.colcon_cmake.task.cmake.build:Building CMake package in '/home/santhosh/Desktop/ros2_ws/pendulum_control/src/esp32_interface'
[0.548s] INFO:colcon.colcon_core.shell:Skip shell extension 'powershell' for command environment: Not usable outside of PowerShell
[0.548s] DEBUG:colcon.colcon_core.shell:Skip shell extension 'dsv' for command environment
[0.560s] DEBUG:colcon.colcon_core.event_handler.log_command:Invoking command in '/home/santhosh/Desktop/ros2_ws/pendulum_control/build/esp32_interface': AMENT_PREFIX_PATH=/home/santhosh/Desktop/ros2_ws/pendulum_control/install/esp32_msgs:${AMENT_PREFIX_PATH} CMAKE_PREFIX_PATH=/home/santhosh/Desktop/ros2_ws/pendulum_control/install/esp32_msgs:/opt/ros/humble LD_LIBRARY_PATH=/home/santhosh/Desktop/ros2_ws/pendulum_control/install/esp32_msgs/lib:${LD_LIBRARY_PATH} PYTHONPATH=/home/santhosh/Desktop/ros2_ws/pendulum_control/install/esp32_msgs/local/lib/python3.10/dist-packages:${PYTHONPATH} /usr/bin/cmake --build /home/santhosh/Desktop/ros2_ws/pendulum_control/build/esp32_interface -- -j16 -l16
[4.400s] DEBUG:colcon.colcon_core.event_handler.log_command:Invoked command in '/home/santhosh/Desktop/ros2_ws/pendulum_control/build/esp32_interface' returned '2': AMENT_PREFIX_PATH=/home/santhosh/Desktop/ros2_ws/pendulum_control/install/esp32_msgs:${AMENT_PREFIX_PATH} CMAKE_PREFIX_PATH=/home/santhosh/Desktop/ros2_ws/pendulum_control/install/esp32_msgs:/opt/ros/humble LD_LIBRARY_PATH=/home/santhosh/Desktop/ros2_ws/pendulum_control/install/esp32_msgs/lib:${LD_LIBRARY_PATH} PYTHONPATH=/home/santhosh/Desktop/ros2_ws/pendulum_control/install/esp32_msgs/local/lib/python3.10/dist-packages:${PYTHONPATH} /usr/bin/cmake --build /home/santhosh/Desktop/ros2_ws/pendulum_control/build/esp32_interface -- -j16 -l16
[4.400s] Level 1:colcon.colcon_core.environment:create_environment_scripts_only(esp32_interface)
[4.400s] Level 1:colcon.colcon_core.environment:checking '/home/santhosh/Desktop/ros2_ws/pendulum_control/install/esp32_interface' for CMake module files
[4.401s] Level 1:colcon.colcon_core.environment:checking '/home/santhosh/Desktop/ros2_ws/pendulum_control/install/esp32_interface' for CMake config files
[4.401s] Level 1:colcon.colcon_core.shell:create_environment_hook('esp32_interface', 'cmake_prefix_path')
[4.401s] INFO:colcon.colcon_core.shell:Creating environment hook '/home/santhosh/Desktop/ros2_ws/pendulum_control/install/esp32_interface/share/esp32_interface/hook/cmake_prefix_path.ps1'
[4.402s] INFO:colcon.colcon_core.shell:Creating environment descriptor '/home/santhosh/Desktop/ros2_ws/pendulum_control/install/esp32_interface/share/esp32_interface/hook/cmake_prefix_path.dsv'
[4.402s] INFO:colcon.colcon_core.shell:Creating environment hook '/home/santhosh/Desktop/ros2_ws/pendulum_control/install/esp32_interface/share/esp32_interface/hook/cmake_prefix_path.sh'
[4.402s] Level 1:colcon.colcon_core.environment:checking '/home/santhosh/Desktop/ros2_ws/pendulum_control/install/esp32_interface/lib'
[4.402s] Level 1:colcon.colcon_core.environment:checking '/home/santhosh/Desktop/ros2_ws/pendulum_control/install/esp32_interface/bin'
[4.402s] Level 1:colcon.colcon_core.environment:checking '/home/santhosh/Desktop/ros2_ws/pendulum_control/install/esp32_interface/lib/pkgconfig/esp32_interface.pc'
[4.402s] Level 1:colcon.colcon_core.environment:checking '/home/santhosh/Desktop/ros2_ws/pendulum_control/install/esp32_interface/lib/python3.10/site-packages'
[4.402s] Level 1:colcon.colcon_core.environment:checking '/home/santhosh/Desktop/ros2_ws/pendulum_control/install/esp32_interface/bin'
[4.403s] INFO:colcon.colcon_core.shell:Creating package script '/home/santhosh/Desktop/ros2_ws/pendulum_control/install/esp32_interface/share/esp32_interface/package.ps1'
[4.403s] INFO:colcon.colcon_core.shell:Creating package descriptor '/home/santhosh/Desktop/ros2_ws/pendulum_control/install/esp32_interface/share/esp32_interface/package.dsv'
[4.403s] INFO:colcon.colcon_core.shell:Creating package script '/home/santhosh/Desktop/ros2_ws/pendulum_control/install/esp32_interface/share/esp32_interface/package.sh'
[4.403s] INFO:colcon.colcon_core.shell:Creating package script '/home/santhosh/Desktop/ros2_ws/pendulum_control/install/esp32_interface/share/esp32_interface/package.bash'
[4.404s] INFO:colcon.colcon_core.shell:Creating package script '/home/santhosh/Desktop/ros2_ws/pendulum_control/install/esp32_interface/share/esp32_interface/package.zsh'
[4.404s] Level 1:colcon.colcon_core.environment:create_file_with_runtime_dependencies(/home/santhosh/Desktop/ros2_ws/pendulum_control/install/esp32_interface/share/colcon-core/packages/esp32_interface)
[4.414s] DEBUG:colcon.colcon_parallel_executor.executor.parallel:closing loop
[4.414s] DEBUG:colcon.colcon_parallel_executor.executor.parallel:loop closed
[4.414s] DEBUG:colcon.colcon_parallel_executor.executor.parallel:run_until_complete finished with '2'
[4.414s] DEBUG:colcon.colcon_core.event_reactor:joining thread
[4.418s] INFO:colcon.colcon_core.plugin_system:Skipping extension 'colcon_notification.desktop_notification.terminal_notifier': Not used on non-Darwin systems
[4.418s] INFO:colcon.colcon_core.plugin_system:Skipping extension 'colcon_notification.desktop_notification.win32': Not used on non-Windows systems
[4.418s] INFO:colcon.colcon_notification.desktop_notification:Sending desktop notification using 'notify2'
[4.425s] DEBUG:colcon.colcon_core.event_reactor:joined thread
[4.426s] INFO:colcon.colcon_core.shell:Creating prefix script '/home/santhosh/Desktop/ros2_ws/pendulum_control/install/local_setup.ps1'
[4.427s] INFO:colcon.colcon_core.shell:Creating prefix util module '/home/santhosh/Desktop/ros2_ws/pendulum_control/install/_local_setup_util_ps1.py'
[4.428s] INFO:colcon.colcon_core.shell:Creating prefix chain script '/home/santhosh/Desktop/ros2_ws/pendulum_control/install/setup.ps1'
[4.429s] INFO:colcon.colcon_core.shell:Creating prefix script '/home/santhosh/Desktop/ros2_ws/pendulum_control/install/local_setup.sh'
[4.429s] INFO:colcon.colcon_core.shell:Creating prefix util module '/home/santhosh/Desktop/ros2_ws/pendulum_control/install/_local_setup_util_sh.py'
[4.430s] INFO:colcon.colcon_core.shell:Creating prefix chain script '/home/santhosh/Desktop/ros2_ws/pendulum_control/install/setup.sh'
[4.430s] INFO:colcon.colcon_core.shell:Creating prefix script '/home/santhosh/Desktop/ros2_ws/pendulum_control/install/local_setup.bash'
[4.430s] INFO:colcon.colcon_core.shell:Creating prefix chain script '/home/santhosh/Desktop/ros2_ws/pendulum_control/install/setup.bash'
[4.431s] INFO:colcon.colcon_core.shell:Creating prefix script '/home/santhosh/Desktop/ros2_ws/pendulum_control/install/local_setup.zsh'
[4.431s] INFO:colcon.colcon_core.shell:Creating prefix chain script '/home/santhosh/Desktop/ros2_ws/pendulum_control/install/setup.zsh'
