[35m[1mConsolidate compiler generated dependencies of target esp32_interface_node[0m
[ 50%] [32mBuilding CXX object CMakeFiles/esp32_interface_node.dir/src/esp32.cpp.o[0m
[01m[K/home/santhosh/Desktop/ros2_ws/pendulum_control/src/esp32_interface/src/esp32.cpp:[m[K In constructor ‘[01m[KESP32Interface::ESP32Interface(int, char**, rclcpp::NodeOptions&)[m[K’:
[01m[K/home/santhosh/Desktop/ros2_ws/pendulum_control/src/esp32_interface/src/esp32.cpp:3:36:[m[K [01;35m[Kwarning: [m[Kunused parameter ‘[01m[Kargc[m[K’ [[01;35m[K]8;;https://gcc.gnu.org/onlinedocs/gcc/Warning-Options.html#index-Wunused-parameter-Wunused-parameter]8;;[m[K]
    3 | ESP32Interface::ESP32Interface([01;35m[Kint argc[m[K, char **argv, rclcpp::NodeOptions &options)
      |                                [01;35m[K~~~~^~~~[m[K
[01m[K/home/santhosh/Desktop/ros2_ws/pendulum_control/src/esp32_interface/src/esp32.cpp:3:49:[m[K [01;35m[Kwarning: [m[Kunused parameter ‘[01m[Kargv[m[K’ [[01;35m[K]8;;https://gcc.gnu.org/onlinedocs/gcc/Warning-Options.html#index-Wunused-parameter-Wunused-parameter]8;;[m[K]
    3 | ESP32Interface::ESP32Interface(int argc, [01;35m[Kchar **argv[m[K, rclcpp::NodeOptions &options)
      |                                          [01;35m[K~~~~~~~^~~~[m[K
[100%] [32m[1mLinking CXX executable esp32_interface_node[0m
[100%] Built target esp32_interface_node
-- Install configuration: ""
-- Installing: /home/santhosh/Desktop/ros2_ws/pendulum_control/install/esp32_interface/lib/esp32_interface/esp32_interface_node
-- Set runtime path of "/home/santhosh/Desktop/ros2_ws/pendulum_control/install/esp32_interface/lib/esp32_interface/esp32_interface_node" to ""
-- Installing: /home/santhosh/Desktop/ros2_ws/pendulum_control/install/esp32_interface/share/ament_index/resource_index/package_run_dependencies/esp32_interface
-- Installing: /home/santhosh/Desktop/ros2_ws/pendulum_control/install/esp32_interface/share/ament_index/resource_index/parent_prefix_path/esp32_interface
-- Installing: /home/santhosh/Desktop/ros2_ws/pendulum_control/install/esp32_interface/share/esp32_interface/environment/ament_prefix_path.sh
-- Installing: /home/santhosh/Desktop/ros2_ws/pendulum_control/install/esp32_interface/share/esp32_interface/environment/ament_prefix_path.dsv
-- Installing: /home/santhosh/Desktop/ros2_ws/pendulum_control/install/esp32_interface/share/esp32_interface/environment/path.sh
-- Installing: /home/santhosh/Desktop/ros2_ws/pendulum_control/install/esp32_interface/share/esp32_interface/environment/path.dsv
-- Installing: /home/santhosh/Desktop/ros2_ws/pendulum_control/install/esp32_interface/share/esp32_interface/local_setup.bash
-- Installing: /home/santhosh/Desktop/ros2_ws/pendulum_control/install/esp32_interface/share/esp32_interface/local_setup.sh
-- Installing: /home/santhosh/Desktop/ros2_ws/pendulum_control/install/esp32_interface/share/esp32_interface/local_setup.zsh
-- Installing: /home/santhosh/Desktop/ros2_ws/pendulum_control/install/esp32_interface/share/esp32_interface/local_setup.dsv
-- Installing: /home/santhosh/Desktop/ros2_ws/pendulum_control/install/esp32_interface/share/esp32_interface/package.dsv
-- Installing: /home/santhosh/Desktop/ros2_ws/pendulum_control/install/esp32_interface/share/ament_index/resource_index/packages/esp32_interface
-- Installing: /home/santhosh/Desktop/ros2_ws/pendulum_control/install/esp32_interface/share/esp32_interface/cmake/esp32_interfaceConfig.cmake
-- Installing: /home/santhosh/Desktop/ros2_ws/pendulum_control/install/esp32_interface/share/esp32_interface/cmake/esp32_interfaceConfig-version.cmake
-- Installing: /home/santhosh/Desktop/ros2_ws/pendulum_control/install/esp32_interface/share/esp32_interface/package.xml
