[0.009s] Invoking command in '/home/santhosh/Desktop/ros2_ws/pendulum_control/build/ESP32msgs': CMAKE_PREFIX_PATH=/opt/ros/humble /usr/bin/cmake /home/santhosh/Desktop/ros2_ws/pendulum_control/src/esp32_msgs -DCMAKE_INSTALL_PREFIX=/home/santhosh/Desktop/ros2_ws/pendulum_control/install/ESP32msgs
[0.020s] -- Found ament_cmake: 1.3.12 (/opt/ros/humble/share/ament_cmake/cmake)
[0.102s] -- Found rosidl_default_generators: 1.2.0 (/opt/ros/humble/share/rosidl_default_generators/cmake)
[0.103s] -- Using all available rosidl_typesupport_c: rosidl_typesupport_fastrtps_c;rosidl_typesupport_introspection_c
[0.105s] -- Found rosidl_adapter: 3.1.7 (/opt/ros/humble/share/rosidl_adapter/cmake)
[0.129s] -- Using all available rosidl_typesupport_cpp: rosidl_typesupport_fastrtps_cpp;rosidl_typesupport_introspection_cpp
[0.143s] -- Found std_msgs: 4.9.0 (/opt/ros/humble/share/std_msgs/cmake)
[0.280s] WARNING: Package name "ESP32msgs" does not follow the naming conventions. It should start with a lower case letter and only contain lower case letters, digits, underscores, and dashes.
[0.286s] [31mCMake Error at /opt/ros/humble/share/ament_cmake_core/cmake/core/ament_package_xml.cmake:53 (message):
[0.286s]   ament_package_xml() package name 'ESP32msgs' in '/package.xml' does not
[0.286s]   match current PROJECT_NAME 'esp32_msgs'.  You must call project() with the
[0.286s]   same package name before.
[0.286s] Call Stack (most recent call first):
[0.286s]   /opt/ros/humble/share/rosidl_cmake/cmake/rosidl_generate_interfaces.cmake:226 (ament_package_xml)
[0.286s]   CMakeLists.txt:15 (rosidl_generate_interfaces)
[0.286s] 
[0.286s] [0m
[0.287s] -- Configuring incomplete, errors occurred!
[0.287s] See also "/home/santhosh/Desktop/ros2_ws/pendulum_control/build/ESP32msgs/CMakeFiles/CMakeOutput.log".
[0.290s] Invoked command in '/home/santhosh/Desktop/ros2_ws/pendulum_control/build/ESP32msgs' returned '1': CMAKE_PREFIX_PATH=/opt/ros/humble /usr/bin/cmake /home/santhosh/Desktop/ros2_ws/pendulum_control/src/esp32_msgs -DCMAKE_INSTALL_PREFIX=/home/santhosh/Desktop/ros2_ws/pendulum_control/install/ESP32msgs
