[35m[1mConsolidate compiler generated dependencies of target esp32_interface_node[0m
[ 50%] [32mBuilding CXX object CMakeFiles/esp32_interface_node.dir/src/esp32.cpp.o[0m
[100%] [32m[1mLinking CXX executable esp32_interface_node[0m
[100%] Built target esp32_interface_node
-- Install configuration: ""
-- Installing: /home/santhosh/Desktop/ros2_ws/pendulum_control/install/esp32_interface/lib/esp32_interface/esp32_interface_node
-- Set runtime path of "/home/santhosh/Desktop/ros2_ws/pendulum_control/install/esp32_interface/lib/esp32_interface/esp32_interface_node" to ""
-- Up-to-date: /home/santhosh/Desktop/ros2_ws/pendulum_control/install/esp32_interface/share/ament_index/resource_index/package_run_dependencies/esp32_interface
-- Up-to-date: /home/santhosh/Desktop/ros2_ws/pendulum_control/install/esp32_interface/share/ament_index/resource_index/parent_prefix_path/esp32_interface
-- Up-to-date: /home/santhosh/Desktop/ros2_ws/pendulum_control/install/esp32_interface/share/esp32_interface/environment/ament_prefix_path.sh
-- Up-to-date: /home/santhosh/Desktop/ros2_ws/pendulum_control/install/esp32_interface/share/esp32_interface/environment/ament_prefix_path.dsv
-- Up-to-date: /home/santhosh/Desktop/ros2_ws/pendulum_control/install/esp32_interface/share/esp32_interface/environment/path.sh
-- Up-to-date: /home/santhosh/Desktop/ros2_ws/pendulum_control/install/esp32_interface/share/esp32_interface/environment/path.dsv
-- Up-to-date: /home/santhosh/Desktop/ros2_ws/pendulum_control/install/esp32_interface/share/esp32_interface/local_setup.bash
-- Up-to-date: /home/santhosh/Desktop/ros2_ws/pendulum_control/install/esp32_interface/share/esp32_interface/local_setup.sh
-- Up-to-date: /home/santhosh/Desktop/ros2_ws/pendulum_control/install/esp32_interface/share/esp32_interface/local_setup.zsh
-- Up-to-date: /home/santhosh/Desktop/ros2_ws/pendulum_control/install/esp32_interface/share/esp32_interface/local_setup.dsv
-- Installing: /home/santhosh/Desktop/ros2_ws/pendulum_control/install/esp32_interface/share/esp32_interface/package.dsv
-- Up-to-date: /home/santhosh/Desktop/ros2_ws/pendulum_control/install/esp32_interface/share/ament_index/resource_index/packages/esp32_interface
-- Up-to-date: /home/santhosh/Desktop/ros2_ws/pendulum_control/install/esp32_interface/share/esp32_interface/cmake/esp32_interfaceConfig.cmake
-- Up-to-date: /home/santhosh/Desktop/ros2_ws/pendulum_control/install/esp32_interface/share/esp32_interface/cmake/esp32_interfaceConfig-version.cmake
-- Up-to-date: /home/santhosh/Desktop/ros2_ws/pendulum_control/install/esp32_interface/share/esp32_interface/package.xml
