[01m[K/home/santhosh/Desktop/ros2_ws/pendulum_control/src/esp32_interface/src/esp32.cpp:[m[K In constructor ‘[01m[KESP32Interface::ESP32Interface()[m[K’:
[01m[K/home/santhosh/Desktop/ros2_ws/pendulum_control/src/esp32_interface/src/esp32.cpp:3:42:[m[K [01;31m[Kerror: [m[K‘[01m[Kesp_32_interface[m[K’ was not declared in this scope; did you mean ‘[01m[KESP32Interface[m[K’?
    3 | ESP32Interface::ESP32Interface()  : Node([01;31m[Kesp_32_interface[m[K), serial_(io_)
      |                                          [01;31m[K^~~~~~~~~~~~~~~~[m[K
      |                                          [32m[KESP32Interface[m[K
[01m[K/home/santhosh/Desktop/ros2_ws/pendulum_control/src/esp32_interface/src/esp32.cpp:19:5:[m[K [01;31m[Kerror: [m[K‘[01m[Ki2c_read_timer_[m[K’ was not declared in this scope
   19 |     [01;31m[Ki2c_read_timer_[m[K = this->create_wall_timer(10ms, std::bind(&ESP32Interface::readDataPubliherThread, this));
      |     [01;31m[K^~~~~~~~~~~~~~~[m[K
[01m[K/home/santhosh/Desktop/ros2_ws/pendulum_control/src/esp32_interface/src/esp32.cpp:19:47:[m[K [01;31m[Kerror: [m[Kunable to find numeric literal operator ‘[01m[Koperator""ms[m[K’
   19 |     i2c_read_timer_ = this->create_wall_timer([01;31m[K10ms[m[K, std::bind(&ESP32Interface::readDataPubliherThread, this));
      |                                               [01;31m[K^~~~[m[K
[01m[K/home/santhosh/Desktop/ros2_ws/pendulum_control/src/esp32_interface/src/esp32.cpp:21:14:[m[K [01;31m[Kerror: [m[Kbase operand of ‘[01m[K->[m[K’ has non-pointer type ‘[01m[Kesp32_msgs::msg::ImuData[m[K’ {aka ‘[01m[Kesp32_msgs::msg::ImuData_<std::allocator<void> >[m[K’}
   21 |     imu_data_[01;31m[K->[m[Kax = 0;
      |              [01;31m[K^~[m[K
[01m[K/home/santhosh/Desktop/ros2_ws/pendulum_control/src/esp32_interface/src/esp32.cpp:22:14:[m[K [01;31m[Kerror: [m[Kbase operand of ‘[01m[K->[m[K’ has non-pointer type ‘[01m[Kesp32_msgs::msg::ImuData[m[K’ {aka ‘[01m[Kesp32_msgs::msg::ImuData_<std::allocator<void> >[m[K’}
   22 |     imu_data_[01;31m[K->[m[Kay = 0;
      |              [01;31m[K^~[m[K
[01m[K/home/santhosh/Desktop/ros2_ws/pendulum_control/src/esp32_interface/src/esp32.cpp:23:14:[m[K [01;31m[Kerror: [m[Kbase operand of ‘[01m[K->[m[K’ has non-pointer type ‘[01m[Kesp32_msgs::msg::ImuData[m[K’ {aka ‘[01m[Kesp32_msgs::msg::ImuData_<std::allocator<void> >[m[K’}
   23 |     imu_data_[01;31m[K->[m[Kaz = 0;
      |              [01;31m[K^~[m[K
[01m[K/home/santhosh/Desktop/ros2_ws/pendulum_control/src/esp32_interface/src/esp32.cpp:[m[K In static member function ‘[01m[Kstatic ESP32Interface::esp_read_response_ ESP32Interface::read_register(uint8_t, int, int16_t&)[m[K’:
[01m[K/home/santhosh/Desktop/ros2_ws/pendulum_control/src/esp32_interface/src/esp32.cpp:34:24:[m[K [01;31m[Kerror: [m[Kinvalid use of member ‘[01m[KESP32Interface::serial_[m[K’ in static member function
   34 |     boost::asio::write([01;31m[Kserial_[m[K, boost::asio::buffer(request, 2));
      |                        [01;31m[K^~~~~~~[m[K
In file included from [01m[K/home/santhosh/Desktop/ros2_ws/pendulum_control/src/esp32_interface/src/esp32.cpp:1[m[K:
[01m[K/home/santhosh/Desktop/ros2_ws/pendulum_control/src/esp32_interface/include/esp32_interface/esp32.hpp:19:30:[m[K [01;36m[Knote: [m[Kdeclared here
   19 |     boost::asio::serial_port [01;36m[Kserial_[m[K;
      |                              [01;36m[K^~~~~~~[m[K
[01m[K/home/santhosh/Desktop/ros2_ws/pendulum_control/src/esp32_interface/src/esp32.cpp:45:20:[m[K [01;31m[Kerror: [m[Kinvalid use of member ‘[01m[KESP32Interface::serial_[m[K’ in static member function
   45 |         size_t n = [01;31m[Kserial_[m[K.read_some(boost::asio::buffer(&byte, 1), ec);
      |                    [01;31m[K^~~~~~~[m[K
In file included from [01m[K/home/santhosh/Desktop/ros2_ws/pendulum_control/src/esp32_interface/src/esp32.cpp:1[m[K:
[01m[K/home/santhosh/Desktop/ros2_ws/pendulum_control/src/esp32_interface/include/esp32_interface/esp32.hpp:19:30:[m[K [01;36m[Knote: [m[Kdeclared here
   19 |     boost::asio::serial_port [01;36m[Kserial_[m[K;
      |                              [01;36m[K^~~~~~~[m[K
[01m[K/home/santhosh/Desktop/ros2_ws/pendulum_control/src/esp32_interface/src/esp32.cpp:72:20:[m[K [01;31m[Kerror: [m[Kinvalid use of member ‘[01m[KESP32Interface::serial_[m[K’ in static member function
   72 |         size_t n = [01;31m[Kserial_[m[K.read_some(boost::asio::buffer(resp + total_read, PACKET_SIZE - total_read), ec);
      |                    [01;31m[K^~~~~~~[m[K
In file included from [01m[K/home/santhosh/Desktop/ros2_ws/pendulum_control/src/esp32_interface/src/esp32.cpp:1[m[K:
[01m[K/home/santhosh/Desktop/ros2_ws/pendulum_control/src/esp32_interface/include/esp32_interface/esp32.hpp:19:30:[m[K [01;36m[Knote: [m[Kdeclared here
   19 |     boost::asio::serial_port [01;36m[Kserial_[m[K;
      |                              [01;36m[K^~~~~~~[m[K
[01m[K/home/santhosh/Desktop/ros2_ws/pendulum_control/src/esp32_interface/src/esp32.cpp:[m[K At global scope:
[01m[K/home/santhosh/Desktop/ros2_ws/pendulum_control/src/esp32_interface/src/esp32.cpp:133:40:[m[K [01;31m[Kerror: [m[K‘[01m[Krclcpp::TimerBase::SharedPtr ESP32Interface::readDataPubliherThread[m[K’ is private within this context
  133 | ESP32Interface::readDataPubliherThread([01;31m[K)[m[K{
      |                                        [01;31m[K^[m[K
In file included from [01m[K/home/santhosh/Desktop/ros2_ws/pendulum_control/src/esp32_interface/src/esp32.cpp:1[m[K:
[01m[K/home/santhosh/Desktop/ros2_ws/pendulum_control/src/esp32_interface/include/esp32_interface/esp32.hpp:20:34:[m[K [01;36m[Knote: [m[Kdeclared private here
   20 |     rclcpp::TimerBase::SharedPtr [01;36m[KreadDataPubliherThread[m[K;
      |                                  [01;36m[K^~~~~~~~~~~~~~~~~~~~~~[m[K
[01m[K/home/santhosh/Desktop/ros2_ws/pendulum_control/src/esp32_interface/src/esp32.cpp:133:1:[m[K [01;31m[Kerror: [m[KISO C++ forbids declaration of ‘[01m[KreadDataPubliherThread[m[K’ with no type [[01;31m[K]8;;https://gcc.gnu.org/onlinedocs/gcc/Warning-Options.html#index-fpermissive-fpermissive]8;;[m[K]
  133 | [01;31m[KESP32Interface[m[K::readDataPubliherThread(){
      | [01;31m[K^~~~~~~~~~~~~~[m[K
[01m[K/home/santhosh/Desktop/ros2_ws/pendulum_control/src/esp32_interface/src/esp32.cpp:133:1:[m[K [01;31m[Kerror: [m[Kno declaration matches ‘[01m[Kint ESP32Interface::readDataPubliherThread()[m[K’
In file included from [01m[K/home/santhosh/Desktop/ros2_ws/pendulum_control/src/esp32_interface/src/esp32.cpp:1[m[K:
[01m[K/home/santhosh/Desktop/ros2_ws/pendulum_control/src/esp32_interface/include/esp32_interface/esp32.hpp:20:34:[m[K [01;36m[Knote: [m[Kcandidate is: ‘[01m[Krclcpp::TimerBase::SharedPtr ESP32Interface::readDataPubliherThread[m[K’
   20 |     rclcpp::TimerBase::SharedPtr [01;36m[KreadDataPubliherThread[m[K;
      |                                  [01;36m[K^~~~~~~~~~~~~~~~~~~~~~[m[K
[01m[K/home/santhosh/Desktop/ros2_ws/pendulum_control/src/esp32_interface/include/esp32_interface/esp32.hpp:7:7:[m[K [01;36m[Knote: [m[K‘[01m[Kclass ESP32Interface[m[K’ defined here
    7 | class [01;36m[KESP32Interface[m[K : public rclcpp::Node
      |       [01;36m[K^~~~~~~~~~~~~~[m[K
gmake[2]: *** [CMakeFiles/esp32_interface_node.dir/build.make:76: CMakeFiles/esp32_interface_node.dir/src/esp32.cpp.o] Error 1
gmake[1]: *** [CMakeFiles/Makefile2:137: CMakeFiles/esp32_interface_node.dir/all] Error 2
gmake: *** [Makefile:146: all] Error 2
