[0.057s] DEBUG:colcon:Command line arguments: ['/usr/bin/colcon', 'build']
[0.057s] DEBUG:colcon:Parsed command line arguments: Namespace(log_base=None, log_level=None, verb_name='build', build_base='build', install_base='install', merge_install=False, symlink_install=False, test_result_base=None, continue_on_error=False, executor='parallel', parallel_workers=16, event_handlers=None, ignore_user_meta=False, metas=['./colcon.meta'], base_paths=['.'], packages_ignore=None, packages_ignore_regex=None, paths=None, packages_up_to=None, packages_up_to_regex=None, packages_above=None, packages_above_and_dependencies=None, packages_above_depth=None, packages_select_by_dep=None, packages_skip_by_dep=None, packages_skip_up_to=None, packages_select_build_failed=False, packages_skip_build_finished=False, packages_select_test_failures=False, packages_skip_test_passed=False, packages_select=None, packages_skip=None, packages_select_regex=None, packages_skip_regex=None, packages_start=None, packages_end=None, allow_overriding=[], cmake_args=None, cmake_target=None, cmake_target_skip_unavailable=False, cmake_clean_cache=False, cmake_clean_first=False, cmake_force_configure=False, ament_cmake_args=None, catkin_cmake_args=None, catkin_skip_building_tests=False, verb_parser=<colcon_defaults.argument_parser.defaults.DefaultArgumentsDecorator object at 0x7b7b4e723610>, verb_extension=<colcon_core.verb.build.BuildVerb object at 0x7b7b4e8d4c70>, main=<bound method BuildVerb.main of <colcon_core.verb.build.BuildVerb object at 0x7b7b4e8d4c70>>)
[0.147s] Level 1:colcon.colcon_core.package_discovery:discover_packages(colcon_meta) check parameters
[0.147s] Level 1:colcon.colcon_core.package_discovery:discover_packages(recursive) check parameters
[0.147s] Level 1:colcon.colcon_core.package_discovery:discover_packages(ignore) check parameters
[0.147s] Level 1:colcon.colcon_core.package_discovery:discover_packages(path) check parameters
[0.147s] Level 1:colcon.colcon_core.package_discovery:discover_packages(colcon_meta) discover
[0.147s] Level 1:colcon.colcon_core.package_discovery:discover_packages(recursive) discover
[0.147s] INFO:colcon.colcon_core.package_discovery:Crawling recursively for packages in '/home/santhosh/Desktop/ros2_ws/pendulum_control'
[0.147s] Level 1:colcon.colcon_core.package_identification:_identify(.) by extensions ['ignore', 'ignore_ament_install']
[0.147s] Level 1:colcon.colcon_core.package_identification:_identify(.) by extension 'ignore'
[0.147s] Level 1:colcon.colcon_core.package_identification:_identify(.) by extension 'ignore_ament_install'
[0.147s] Level 1:colcon.colcon_core.package_identification:_identify(.) by extensions ['colcon_pkg']
[0.147s] Level 1:colcon.colcon_core.package_identification:_identify(.) by extension 'colcon_pkg'
[0.147s] Level 1:colcon.colcon_core.package_identification:_identify(.) by extensions ['colcon_meta']
[0.147s] Level 1:colcon.colcon_core.package_identification:_identify(.) by extension 'colcon_meta'
[0.147s] Level 1:colcon.colcon_core.package_identification:_identify(.) by extensions ['ros']
[0.147s] Level 1:colcon.colcon_core.package_identification:_identify(.) by extension 'ros'
[0.154s] Level 1:colcon.colcon_core.package_identification:_identify(.) by extensions ['cmake', 'python']
[0.154s] Level 1:colcon.colcon_core.package_identification:_identify(.) by extension 'cmake'
[0.154s] Level 1:colcon.colcon_core.package_identification:_identify(.) by extension 'python'
[0.154s] Level 1:colcon.colcon_core.package_identification:_identify(.) by extensions ['python_setup_py']
[0.155s] Level 1:colcon.colcon_core.package_identification:_identify(.) by extension 'python_setup_py'
[0.155s] Level 1:colcon.colcon_core.package_identification:_identify(build) by extensions ['ignore', 'ignore_ament_install']
[0.155s] Level 1:colcon.colcon_core.package_identification:_identify(build) by extension 'ignore'
[0.155s] Level 1:colcon.colcon_core.package_identification:_identify(build) ignored
[0.155s] Level 1:colcon.colcon_core.package_identification:_identify(install) by extensions ['ignore', 'ignore_ament_install']
[0.155s] Level 1:colcon.colcon_core.package_identification:_identify(install) by extension 'ignore'
[0.155s] Level 1:colcon.colcon_core.package_identification:_identify(install) ignored
[0.155s] Level 1:colcon.colcon_core.package_identification:_identify(log) by extensions ['ignore', 'ignore_ament_install']
[0.155s] Level 1:colcon.colcon_core.package_identification:_identify(log) by extension 'ignore'
[0.155s] Level 1:colcon.colcon_core.package_identification:_identify(log) ignored
[0.155s] Level 1:colcon.colcon_core.package_identification:_identify(src) by extensions ['ignore', 'ignore_ament_install']
[0.155s] Level 1:colcon.colcon_core.package_identification:_identify(src) by extension 'ignore'
[0.155s] Level 1:colcon.colcon_core.package_identification:_identify(src) by extension 'ignore_ament_install'
[0.155s] Level 1:colcon.colcon_core.package_identification:_identify(src) by extensions ['colcon_pkg']
[0.155s] Level 1:colcon.colcon_core.package_identification:_identify(src) by extension 'colcon_pkg'
[0.155s] Level 1:colcon.colcon_core.package_identification:_identify(src) by extensions ['colcon_meta']
[0.155s] Level 1:colcon.colcon_core.package_identification:_identify(src) by extension 'colcon_meta'
[0.155s] Level 1:colcon.colcon_core.package_identification:_identify(src) by extensions ['ros']
[0.155s] Level 1:colcon.colcon_core.package_identification:_identify(src) by extension 'ros'
[0.155s] Level 1:colcon.colcon_core.package_identification:_identify(src) by extensions ['cmake', 'python']
[0.155s] Level 1:colcon.colcon_core.package_identification:_identify(src) by extension 'cmake'
[0.155s] Level 1:colcon.colcon_core.package_identification:_identify(src) by extension 'python'
[0.155s] Level 1:colcon.colcon_core.package_identification:_identify(src) by extensions ['python_setup_py']
[0.155s] Level 1:colcon.colcon_core.package_identification:_identify(src) by extension 'python_setup_py'
[0.155s] Level 1:colcon.colcon_core.package_identification:_identify(src/esp32_interface) by extensions ['ignore', 'ignore_ament_install']
[0.155s] Level 1:colcon.colcon_core.package_identification:_identify(src/esp32_interface) by extension 'ignore'
[0.155s] Level 1:colcon.colcon_core.package_identification:_identify(src/esp32_interface) by extension 'ignore_ament_install'
[0.155s] Level 1:colcon.colcon_core.package_identification:_identify(src/esp32_interface) by extensions ['colcon_pkg']
[0.155s] Level 1:colcon.colcon_core.package_identification:_identify(src/esp32_interface) by extension 'colcon_pkg'
[0.155s] Level 1:colcon.colcon_core.package_identification:_identify(src/esp32_interface) by extensions ['colcon_meta']
[0.155s] Level 1:colcon.colcon_core.package_identification:_identify(src/esp32_interface) by extension 'colcon_meta'
[0.155s] Level 1:colcon.colcon_core.package_identification:_identify(src/esp32_interface) by extensions ['ros']
[0.155s] Level 1:colcon.colcon_core.package_identification:_identify(src/esp32_interface) by extension 'ros'
[0.157s] DEBUG:colcon.colcon_core.package_identification:Package 'src/esp32_interface' with type 'ros.ament_cmake' and name 'esp32_interface'
[0.157s] Level 1:colcon.colcon_core.package_identification:_identify(src/esp32_msgs) by extensions ['ignore', 'ignore_ament_install']
[0.157s] Level 1:colcon.colcon_core.package_identification:_identify(src/esp32_msgs) by extension 'ignore'
[0.157s] Level 1:colcon.colcon_core.package_identification:_identify(src/esp32_msgs) by extension 'ignore_ament_install'
[0.157s] Level 1:colcon.colcon_core.package_identification:_identify(src/esp32_msgs) by extensions ['colcon_pkg']
[0.157s] Level 1:colcon.colcon_core.package_identification:_identify(src/esp32_msgs) by extension 'colcon_pkg'
[0.157s] Level 1:colcon.colcon_core.package_identification:_identify(src/esp32_msgs) by extensions ['colcon_meta']
[0.157s] Level 1:colcon.colcon_core.package_identification:_identify(src/esp32_msgs) by extension 'colcon_meta'
[0.157s] Level 1:colcon.colcon_core.package_identification:_identify(src/esp32_msgs) by extensions ['ros']
[0.157s] Level 1:colcon.colcon_core.package_identification:_identify(src/esp32_msgs) by extension 'ros'
[0.157s] DEBUG:colcon.colcon_core.package_identification:Package 'src/esp32_msgs' with type 'ros.ament_cmake' and name 'esp32_msgs'
[0.157s] Level 1:colcon.colcon_core.package_discovery:discover_packages(recursive) using defaults
[0.158s] Level 1:colcon.colcon_core.package_discovery:discover_packages(ignore) discover
[0.158s] Level 1:colcon.colcon_core.package_discovery:discover_packages(ignore) using defaults
[0.158s] Level 1:colcon.colcon_core.package_discovery:discover_packages(path) discover
[0.158s] Level 1:colcon.colcon_core.package_discovery:discover_packages(path) using defaults
[0.169s] Level 1:colcon.colcon_core.package_discovery:discover_packages(prefix_path) check parameters
[0.169s] Level 1:colcon.colcon_core.package_discovery:discover_packages(prefix_path) discover
[0.170s] DEBUG:colcon.colcon_installed_package_information.package_discovery:Found 3 installed packages in /home/santhosh/Desktop/ros2_ws/pendulum_control/install
[0.171s] DEBUG:colcon.colcon_installed_package_information.package_discovery:Found 277 installed packages in /opt/ros/humble
[0.172s] Level 1:colcon.colcon_core.package_discovery:discover_packages(prefix_path) using defaults
[0.200s] Level 5:colcon.colcon_core.verb:set package 'esp32_msgs' build argument 'cmake_args' from command line to 'None'
[0.200s] Level 5:colcon.colcon_core.verb:set package 'esp32_msgs' build argument 'cmake_target' from command line to 'None'
[0.200s] Level 5:colcon.colcon_core.verb:set package 'esp32_msgs' build argument 'cmake_target_skip_unavailable' from command line to 'False'
[0.200s] Level 5:colcon.colcon_core.verb:set package 'esp32_msgs' build argument 'cmake_clean_cache' from command line to 'False'
[0.200s] Level 5:colcon.colcon_core.verb:set package 'esp32_msgs' build argument 'cmake_clean_first' from command line to 'False'
[0.200s] Level 5:colcon.colcon_core.verb:set package 'esp32_msgs' build argument 'cmake_force_configure' from command line to 'False'
[0.200s] Level 5:colcon.colcon_core.verb:set package 'esp32_msgs' build argument 'ament_cmake_args' from command line to 'None'
[0.200s] Level 5:colcon.colcon_core.verb:set package 'esp32_msgs' build argument 'catkin_cmake_args' from command line to 'None'
[0.200s] Level 5:colcon.colcon_core.verb:set package 'esp32_msgs' build argument 'catkin_skip_building_tests' from command line to 'False'
[0.200s] DEBUG:colcon.colcon_core.verb:Building package 'esp32_msgs' with the following arguments: {'ament_cmake_args': None, 'build_base': '/home/santhosh/Desktop/ros2_ws/pendulum_control/build/esp32_msgs', 'catkin_cmake_args': None, 'catkin_skip_building_tests': False, 'cmake_args': None, 'cmake_clean_cache': False, 'cmake_clean_first': False, 'cmake_force_configure': False, 'cmake_target': None, 'cmake_target_skip_unavailable': False, 'install_base': '/home/santhosh/Desktop/ros2_ws/pendulum_control/install/esp32_msgs', 'merge_install': False, 'path': '/home/santhosh/Desktop/ros2_ws/pendulum_control/src/esp32_msgs', 'symlink_install': False, 'test_result_base': None}
[0.200s] Level 5:colcon.colcon_core.verb:set package 'esp32_interface' build argument 'cmake_args' from command line to 'None'
[0.200s] Level 5:colcon.colcon_core.verb:set package 'esp32_interface' build argument 'cmake_target' from command line to 'None'
[0.200s] Level 5:colcon.colcon_core.verb:set package 'esp32_interface' build argument 'cmake_target_skip_unavailable' from command line to 'False'
[0.200s] Level 5:colcon.colcon_core.verb:set package 'esp32_interface' build argument 'cmake_clean_cache' from command line to 'False'
[0.200s] Level 5:colcon.colcon_core.verb:set package 'esp32_interface' build argument 'cmake_clean_first' from command line to 'False'
[0.200s] Level 5:colcon.colcon_core.verb:set package 'esp32_interface' build argument 'cmake_force_configure' from command line to 'False'
[0.200s] Level 5:colcon.colcon_core.verb:set package 'esp32_interface' build argument 'ament_cmake_args' from command line to 'None'
[0.200s] Level 5:colcon.colcon_core.verb:set package 'esp32_interface' build argument 'catkin_cmake_args' from command line to 'None'
[0.200s] Level 5:colcon.colcon_core.verb:set package 'esp32_interface' build argument 'catkin_skip_building_tests' from command line to 'False'
[0.200s] DEBUG:colcon.colcon_core.verb:Building package 'esp32_interface' with the following arguments: {'ament_cmake_args': None, 'build_base': '/home/santhosh/Desktop/ros2_ws/pendulum_control/build/esp32_interface', 'catkin_cmake_args': None, 'catkin_skip_building_tests': False, 'cmake_args': None, 'cmake_clean_cache': False, 'cmake_clean_first': False, 'cmake_force_configure': False, 'cmake_target': None, 'cmake_target_skip_unavailable': False, 'install_base': '/home/santhosh/Desktop/ros2_ws/pendulum_control/install/esp32_interface', 'merge_install': False, 'path': '/home/santhosh/Desktop/ros2_ws/pendulum_control/src/esp32_interface', 'symlink_install': False, 'test_result_base': None}
[0.200s] INFO:colcon.colcon_core.executor:Executing jobs using 'parallel' executor
[0.201s] DEBUG:colcon.colcon_parallel_executor.executor.parallel:run_until_complete
[0.201s] INFO:colcon.colcon_ros.task.ament_cmake.build:Building ROS package in '/home/santhosh/Desktop/ros2_ws/pendulum_control/src/esp32_msgs' with build type 'ament_cmake'
[0.201s] INFO:colcon.colcon_cmake.task.cmake.build:Building CMake package in '/home/santhosh/Desktop/ros2_ws/pendulum_control/src/esp32_msgs'
[0.203s] INFO:colcon.colcon_core.plugin_system:Skipping extension 'colcon_core.shell.bat': Not used on non-Windows systems
[0.203s] INFO:colcon.colcon_core.shell:Skip shell extension 'powershell' for command environment: Not usable outside of PowerShell
[0.203s] DEBUG:colcon.colcon_core.shell:Skip shell extension 'dsv' for command environment
[0.213s] DEBUG:colcon.colcon_core.event_handler.log_command:Invoking command in '/home/santhosh/Desktop/ros2_ws/pendulum_control/build/esp32_msgs': CMAKE_PREFIX_PATH=${CMAKE_PREFIX_PATH}:/opt/ros/humble /usr/bin/cmake --build /home/santhosh/Desktop/ros2_ws/pendulum_control/build/esp32_msgs -- -j16 -l16
[0.468s] DEBUG:colcon.colcon_core.event_handler.log_command:Invoked command in '/home/santhosh/Desktop/ros2_ws/pendulum_control/build/esp32_msgs' returned '0': CMAKE_PREFIX_PATH=${CMAKE_PREFIX_PATH}:/opt/ros/humble /usr/bin/cmake --build /home/santhosh/Desktop/ros2_ws/pendulum_control/build/esp32_msgs -- -j16 -l16
[0.477s] DEBUG:colcon.colcon_core.event_handler.log_command:Invoking command in '/home/santhosh/Desktop/ros2_ws/pendulum_control/build/esp32_msgs': CMAKE_PREFIX_PATH=${CMAKE_PREFIX_PATH}:/opt/ros/humble /usr/bin/cmake --install /home/santhosh/Desktop/ros2_ws/pendulum_control/build/esp32_msgs
[0.525s] Level 1:colcon.colcon_core.environment:create_environment_scripts_only(esp32_msgs)
[0.526s] DEBUG:colcon.colcon_core.event_handler.log_command:Invoked command in '/home/santhosh/Desktop/ros2_ws/pendulum_control/build/esp32_msgs' returned '0': CMAKE_PREFIX_PATH=${CMAKE_PREFIX_PATH}:/opt/ros/humble /usr/bin/cmake --install /home/santhosh/Desktop/ros2_ws/pendulum_control/build/esp32_msgs
[0.528s] Level 1:colcon.colcon_core.environment:checking '/home/santhosh/Desktop/ros2_ws/pendulum_control/install/esp32_msgs' for CMake module files
[0.528s] Level 1:colcon.colcon_core.environment:checking '/home/santhosh/Desktop/ros2_ws/pendulum_control/install/esp32_msgs' for CMake config files
[0.529s] Level 1:colcon.colcon_core.shell:create_environment_hook('esp32_msgs', 'cmake_prefix_path')
[0.529s] INFO:colcon.colcon_core.shell:Creating environment hook '/home/santhosh/Desktop/ros2_ws/pendulum_control/install/esp32_msgs/share/esp32_msgs/hook/cmake_prefix_path.ps1'
[0.530s] INFO:colcon.colcon_core.shell:Creating environment descriptor '/home/santhosh/Desktop/ros2_ws/pendulum_control/install/esp32_msgs/share/esp32_msgs/hook/cmake_prefix_path.dsv'
[0.536s] INFO:colcon.colcon_core.shell:Creating environment hook '/home/santhosh/Desktop/ros2_ws/pendulum_control/install/esp32_msgs/share/esp32_msgs/hook/cmake_prefix_path.sh'
[0.540s] Level 1:colcon.colcon_core.environment:checking '/home/santhosh/Desktop/ros2_ws/pendulum_control/install/esp32_msgs/lib'
[0.540s] Level 1:colcon.colcon_core.shell:create_environment_hook('esp32_msgs', 'ld_library_path_lib')
[0.540s] INFO:colcon.colcon_core.shell:Creating environment hook '/home/santhosh/Desktop/ros2_ws/pendulum_control/install/esp32_msgs/share/esp32_msgs/hook/ld_library_path_lib.ps1'
[0.543s] INFO:colcon.colcon_core.shell:Creating environment descriptor '/home/santhosh/Desktop/ros2_ws/pendulum_control/install/esp32_msgs/share/esp32_msgs/hook/ld_library_path_lib.dsv'
[0.547s] INFO:colcon.colcon_core.shell:Creating environment hook '/home/santhosh/Desktop/ros2_ws/pendulum_control/install/esp32_msgs/share/esp32_msgs/hook/ld_library_path_lib.sh'
[0.552s] Level 1:colcon.colcon_core.environment:checking '/home/santhosh/Desktop/ros2_ws/pendulum_control/install/esp32_msgs/bin'
[0.552s] Level 1:colcon.colcon_core.environment:checking '/home/santhosh/Desktop/ros2_ws/pendulum_control/install/esp32_msgs/lib/pkgconfig/esp32_msgs.pc'
[0.552s] Level 1:colcon.colcon_core.environment:checking '/home/santhosh/Desktop/ros2_ws/pendulum_control/install/esp32_msgs/lib/python3.10/site-packages'
[0.552s] Level 1:colcon.colcon_core.environment:checking '/home/santhosh/Desktop/ros2_ws/pendulum_control/install/esp32_msgs/bin'
[0.553s] INFO:colcon.colcon_core.shell:Creating package script '/home/santhosh/Desktop/ros2_ws/pendulum_control/install/esp32_msgs/share/esp32_msgs/package.ps1'
[0.556s] INFO:colcon.colcon_core.shell:Creating package descriptor '/home/santhosh/Desktop/ros2_ws/pendulum_control/install/esp32_msgs/share/esp32_msgs/package.dsv'
[0.560s] INFO:colcon.colcon_core.shell:Creating package script '/home/santhosh/Desktop/ros2_ws/pendulum_control/install/esp32_msgs/share/esp32_msgs/package.sh'
[0.563s] INFO:colcon.colcon_core.shell:Creating package script '/home/santhosh/Desktop/ros2_ws/pendulum_control/install/esp32_msgs/share/esp32_msgs/package.bash'
[0.568s] INFO:colcon.colcon_core.shell:Creating package script '/home/santhosh/Desktop/ros2_ws/pendulum_control/install/esp32_msgs/share/esp32_msgs/package.zsh'
[0.571s] Level 1:colcon.colcon_core.environment:create_file_with_runtime_dependencies(/home/santhosh/Desktop/ros2_ws/pendulum_control/install/esp32_msgs/share/colcon-core/packages/esp32_msgs)
[0.576s] Level 1:colcon.colcon_core.environment:create_environment_scripts_only(esp32_msgs)
[0.577s] Level 1:colcon.colcon_core.environment:checking '/home/santhosh/Desktop/ros2_ws/pendulum_control/install/esp32_msgs' for CMake module files
[0.577s] Level 1:colcon.colcon_core.environment:checking '/home/santhosh/Desktop/ros2_ws/pendulum_control/install/esp32_msgs' for CMake config files
[0.577s] Level 1:colcon.colcon_core.shell:create_environment_hook('esp32_msgs', 'cmake_prefix_path')
[0.578s] INFO:colcon.colcon_core.shell:Creating environment hook '/home/santhosh/Desktop/ros2_ws/pendulum_control/install/esp32_msgs/share/esp32_msgs/hook/cmake_prefix_path.ps1'
[0.579s] INFO:colcon.colcon_core.shell:Creating environment descriptor '/home/santhosh/Desktop/ros2_ws/pendulum_control/install/esp32_msgs/share/esp32_msgs/hook/cmake_prefix_path.dsv'
[0.583s] INFO:colcon.colcon_core.shell:Creating environment hook '/home/santhosh/Desktop/ros2_ws/pendulum_control/install/esp32_msgs/share/esp32_msgs/hook/cmake_prefix_path.sh'
[0.588s] Level 1:colcon.colcon_core.environment:checking '/home/santhosh/Desktop/ros2_ws/pendulum_control/install/esp32_msgs/lib'
[0.588s] Level 1:colcon.colcon_core.shell:create_environment_hook('esp32_msgs', 'ld_library_path_lib')
[0.589s] INFO:colcon.colcon_core.shell:Creating environment hook '/home/santhosh/Desktop/ros2_ws/pendulum_control/install/esp32_msgs/share/esp32_msgs/hook/ld_library_path_lib.ps1'
[0.591s] INFO:colcon.colcon_core.shell:Creating environment descriptor '/home/santhosh/Desktop/ros2_ws/pendulum_control/install/esp32_msgs/share/esp32_msgs/hook/ld_library_path_lib.dsv'
[0.596s] INFO:colcon.colcon_core.shell:Creating environment hook '/home/santhosh/Desktop/ros2_ws/pendulum_control/install/esp32_msgs/share/esp32_msgs/hook/ld_library_path_lib.sh'
[0.600s] Level 1:colcon.colcon_core.environment:checking '/home/santhosh/Desktop/ros2_ws/pendulum_control/install/esp32_msgs/bin'
[0.600s] Level 1:colcon.colcon_core.environment:checking '/home/santhosh/Desktop/ros2_ws/pendulum_control/install/esp32_msgs/lib/pkgconfig/esp32_msgs.pc'
[0.600s] Level 1:colcon.colcon_core.environment:checking '/home/santhosh/Desktop/ros2_ws/pendulum_control/install/esp32_msgs/lib/python3.10/site-packages'
[0.600s] Level 1:colcon.colcon_core.environment:checking '/home/santhosh/Desktop/ros2_ws/pendulum_control/install/esp32_msgs/bin'
[0.601s] INFO:colcon.colcon_core.shell:Creating package script '/home/santhosh/Desktop/ros2_ws/pendulum_control/install/esp32_msgs/share/esp32_msgs/package.ps1'
[0.601s] INFO:colcon.colcon_core.shell:Creating package descriptor '/home/santhosh/Desktop/ros2_ws/pendulum_control/install/esp32_msgs/share/esp32_msgs/package.dsv'
[0.604s] INFO:colcon.colcon_core.shell:Creating package script '/home/santhosh/Desktop/ros2_ws/pendulum_control/install/esp32_msgs/share/esp32_msgs/package.sh'
[0.605s] INFO:colcon.colcon_core.shell:Creating package script '/home/santhosh/Desktop/ros2_ws/pendulum_control/install/esp32_msgs/share/esp32_msgs/package.bash'
[0.605s] INFO:colcon.colcon_core.shell:Creating package script '/home/santhosh/Desktop/ros2_ws/pendulum_control/install/esp32_msgs/share/esp32_msgs/package.zsh'
[0.605s] Level 1:colcon.colcon_core.environment:create_file_with_runtime_dependencies(/home/santhosh/Desktop/ros2_ws/pendulum_control/install/esp32_msgs/share/colcon-core/packages/esp32_msgs)
[0.606s] INFO:colcon.colcon_ros.task.ament_cmake.build:Building ROS package in '/home/santhosh/Desktop/ros2_ws/pendulum_control/src/esp32_interface' with build type 'ament_cmake'
[0.606s] INFO:colcon.colcon_cmake.task.cmake.build:Building CMake package in '/home/santhosh/Desktop/ros2_ws/pendulum_control/src/esp32_interface'
[0.606s] INFO:colcon.colcon_core.shell:Skip shell extension 'powershell' for command environment: Not usable outside of PowerShell
[0.607s] DEBUG:colcon.colcon_core.shell:Skip shell extension 'dsv' for command environment
[0.617s] DEBUG:colcon.colcon_core.event_handler.log_command:Invoking command in '/home/santhosh/Desktop/ros2_ws/pendulum_control/build/esp32_interface': CMAKE_PREFIX_PATH=/home/santhosh/Desktop/ros2_ws/pendulum_control/install/esp32_msgs:/home/santhosh/Desktop/ros2_ws/pendulum_control/install/esp32_interface:/opt/ros/humble /usr/bin/cmake --build /home/santhosh/Desktop/ros2_ws/pendulum_control/build/esp32_interface -- -j16 -l16
[4.288s] DEBUG:colcon.colcon_core.event_handler.log_command:Invoked command in '/home/santhosh/Desktop/ros2_ws/pendulum_control/build/esp32_interface' returned '2': CMAKE_PREFIX_PATH=/home/santhosh/Desktop/ros2_ws/pendulum_control/install/esp32_msgs:/home/santhosh/Desktop/ros2_ws/pendulum_control/install/esp32_interface:/opt/ros/humble /usr/bin/cmake --build /home/santhosh/Desktop/ros2_ws/pendulum_control/build/esp32_interface -- -j16 -l16
[4.288s] Level 1:colcon.colcon_core.environment:create_environment_scripts_only(esp32_interface)
[4.289s] Level 1:colcon.colcon_core.environment:checking '/home/santhosh/Desktop/ros2_ws/pendulum_control/install/esp32_interface' for CMake module files
[4.289s] Level 1:colcon.colcon_core.environment:checking '/home/santhosh/Desktop/ros2_ws/pendulum_control/install/esp32_interface' for CMake config files
[4.289s] Level 1:colcon.colcon_core.shell:create_environment_hook('esp32_interface', 'cmake_prefix_path')
[4.289s] INFO:colcon.colcon_core.shell:Creating environment hook '/home/santhosh/Desktop/ros2_ws/pendulum_control/install/esp32_interface/share/esp32_interface/hook/cmake_prefix_path.ps1'
[4.290s] INFO:colcon.colcon_core.shell:Creating environment descriptor '/home/santhosh/Desktop/ros2_ws/pendulum_control/install/esp32_interface/share/esp32_interface/hook/cmake_prefix_path.dsv'
[4.290s] INFO:colcon.colcon_core.shell:Creating environment hook '/home/santhosh/Desktop/ros2_ws/pendulum_control/install/esp32_interface/share/esp32_interface/hook/cmake_prefix_path.sh'
[4.290s] Level 1:colcon.colcon_core.environment:checking '/home/santhosh/Desktop/ros2_ws/pendulum_control/install/esp32_interface/lib'
[4.291s] Level 1:colcon.colcon_core.environment:checking '/home/santhosh/Desktop/ros2_ws/pendulum_control/install/esp32_interface/bin'
[4.291s] Level 1:colcon.colcon_core.environment:checking '/home/santhosh/Desktop/ros2_ws/pendulum_control/install/esp32_interface/lib/pkgconfig/esp32_interface.pc'
[4.291s] Level 1:colcon.colcon_core.environment:checking '/home/santhosh/Desktop/ros2_ws/pendulum_control/install/esp32_interface/lib/python3.10/site-packages'
[4.291s] Level 1:colcon.colcon_core.environment:checking '/home/santhosh/Desktop/ros2_ws/pendulum_control/install/esp32_interface/bin'
[4.291s] INFO:colcon.colcon_core.shell:Creating package script '/home/santhosh/Desktop/ros2_ws/pendulum_control/install/esp32_interface/share/esp32_interface/package.ps1'
[4.291s] INFO:colcon.colcon_core.shell:Creating package descriptor '/home/santhosh/Desktop/ros2_ws/pendulum_control/install/esp32_interface/share/esp32_interface/package.dsv'
[4.292s] INFO:colcon.colcon_core.shell:Creating package script '/home/santhosh/Desktop/ros2_ws/pendulum_control/install/esp32_interface/share/esp32_interface/package.sh'
[4.292s] INFO:colcon.colcon_core.shell:Creating package script '/home/santhosh/Desktop/ros2_ws/pendulum_control/install/esp32_interface/share/esp32_interface/package.bash'
[4.292s] INFO:colcon.colcon_core.shell:Creating package script '/home/santhosh/Desktop/ros2_ws/pendulum_control/install/esp32_interface/share/esp32_interface/package.zsh'
[4.292s] Level 1:colcon.colcon_core.environment:create_file_with_runtime_dependencies(/home/santhosh/Desktop/ros2_ws/pendulum_control/install/esp32_interface/share/colcon-core/packages/esp32_interface)
[4.303s] DEBUG:colcon.colcon_parallel_executor.executor.parallel:closing loop
[4.303s] DEBUG:colcon.colcon_parallel_executor.executor.parallel:loop closed
[4.303s] DEBUG:colcon.colcon_parallel_executor.executor.parallel:run_until_complete finished with '2'
[4.303s] DEBUG:colcon.colcon_core.event_reactor:joining thread
[4.307s] INFO:colcon.colcon_core.plugin_system:Skipping extension 'colcon_notification.desktop_notification.terminal_notifier': Not used on non-Darwin systems
[4.307s] INFO:colcon.colcon_core.plugin_system:Skipping extension 'colcon_notification.desktop_notification.win32': Not used on non-Windows systems
[4.307s] INFO:colcon.colcon_notification.desktop_notification:Sending desktop notification using 'notify2'
[4.317s] DEBUG:colcon.colcon_core.event_reactor:joined thread
[4.318s] INFO:colcon.colcon_core.shell:Creating prefix script '/home/santhosh/Desktop/ros2_ws/pendulum_control/install/local_setup.ps1'
[4.319s] INFO:colcon.colcon_core.shell:Creating prefix util module '/home/santhosh/Desktop/ros2_ws/pendulum_control/install/_local_setup_util_ps1.py'
[4.321s] INFO:colcon.colcon_core.shell:Creating prefix chain script '/home/santhosh/Desktop/ros2_ws/pendulum_control/install/setup.ps1'
[4.322s] INFO:colcon.colcon_core.shell:Creating prefix script '/home/santhosh/Desktop/ros2_ws/pendulum_control/install/local_setup.sh'
[4.323s] INFO:colcon.colcon_core.shell:Creating prefix util module '/home/santhosh/Desktop/ros2_ws/pendulum_control/install/_local_setup_util_sh.py'
[4.323s] INFO:colcon.colcon_core.shell:Creating prefix chain script '/home/santhosh/Desktop/ros2_ws/pendulum_control/install/setup.sh'
[4.325s] INFO:colcon.colcon_core.shell:Creating prefix script '/home/santhosh/Desktop/ros2_ws/pendulum_control/install/local_setup.bash'
[4.325s] INFO:colcon.colcon_core.shell:Creating prefix chain script '/home/santhosh/Desktop/ros2_ws/pendulum_control/install/setup.bash'
[4.327s] INFO:colcon.colcon_core.shell:Creating prefix script '/home/santhosh/Desktop/ros2_ws/pendulum_control/install/local_setup.zsh'
[4.328s] INFO:colcon.colcon_core.shell:Creating prefix chain script '/home/santhosh/Desktop/ros2_ws/pendulum_control/install/setup.zsh'
