[0.009s] Invoking command in '/home/santhosh/Desktop/ros2_ws/pendulum_control/build/ESP32msgs': CMAKE_PREFIX_PATH=/opt/ros/humble /usr/bin/cmake /home/santhosh/Desktop/ros2_ws/pendulum_control/src/esp32_msgs -DCMAKE_INSTALL_PREFIX=/home/santhosh/Desktop/ros2_ws/pendulum_control/install/ESP32msgs
[0.056s] -- The C compiler identification is GNU 11.4.0
[0.097s] -- The CXX compiler identification is GNU 11.4.0
[0.103s] -- Detecting C compiler ABI info
[0.163s] -- Detecting C compiler ABI info - done
[0.168s] -- Check for working C compiler: /usr/bin/cc - skipped
[0.168s] -- Detecting C compile features
[0.168s] -- Detecting C compile features - done
[0.170s] -- Detecting CXX compiler ABI info
[0.238s] -- Detecting CXX compiler ABI info - done
[0.242s] -- Check for working CXX compiler: /usr/bin/c++ - skipped
[0.243s] -- Detecting CXX compile features
[0.243s] -- Detecting CXX compile features - done
[0.244s] -- Found ament_cmake: 1.3.12 (/opt/ros/humble/share/ament_cmake/cmake)
[0.354s] -- Found Python3: /usr/bin/python3 (found version "3.10.12") found components: Interpreter 
[0.418s] -- Found rosidl_default_generators: 1.2.0 (/opt/ros/humble/share/rosidl_default_generators/cmake)
[0.421s] -- Using all available rosidl_typesupport_c: rosidl_typesupport_fastrtps_c;rosidl_typesupport_introspection_c
[0.428s] -- Found rosidl_adapter: 3.1.7 (/opt/ros/humble/share/rosidl_adapter/cmake)
[0.462s] -- Using all available rosidl_typesupport_cpp: rosidl_typesupport_fastrtps_cpp;rosidl_typesupport_introspection_cpp
[0.488s] [31mCMake Error at /opt/ros/humble/share/rosidl_cmake/cmake/rosidl_generate_interfaces.cmake:93 (message):
[0.488s]   rosidl_generate_interfaces() the passed file 'msgs/IMUdata.msg' doesn't
[0.488s]   exist relative to the CMAKE_CURRENT_SOURCE_DIR
[0.488s]   '/home/santhosh/Desktop/ros2_ws/pendulum_control/src/esp32_msgs'
[0.488s] Call Stack (most recent call first):
[0.488s]   CMakeLists.txt:15 (rosidl_generate_interfaces)
[0.488s] 
[0.488s] [0m
[0.488s] -- Configuring incomplete, errors occurred!
[0.488s] See also "/home/santhosh/Desktop/ros2_ws/pendulum_control/build/ESP32msgs/CMakeFiles/CMakeOutput.log".
