[0.010s] Invoking command in '/home/santhosh/Desktop/ros2_ws/pendulum_control/build/esp32_interface': CMAKE_PREFIX_PATH=/opt/ros/humble /usr/bin/cmake /home/santhosh/Desktop/ros2_ws/pendulum_control/src/esp32_interface -DCMAKE_INSTALL_PREFIX=/home/santhosh/Desktop/ros2_ws/pendulum_control/install/esp32_interface
[0.019s] -- Found ament_cmake: 1.3.12 (/opt/ros/humble/share/ament_cmake/cmake)
[0.099s] -- Found rclcpp: 16.0.14 (/opt/ros/humble/share/rclcpp/cmake)
[0.124s] -- Found rosidl_generator_c: 3.1.7 (/opt/ros/humble/share/rosidl_generator_c/cmake)
[0.125s] -- Found rosidl_adapter: 3.1.7 (/opt/ros/humble/share/rosidl_adapter/cmake)
[0.129s] -- Found rosidl_generator_cpp: 3.1.7 (/opt/ros/humble/share/rosidl_generator_cpp/cmake)
[0.134s] -- Using all available rosidl_typesupport_c: rosidl_typesupport_fastrtps_c;rosidl_typesupport_introspection_c
[0.141s] -- Using all available rosidl_typesupport_cpp: rosidl_typesupport_fastrtps_cpp;rosidl_typesupport_introspection_cpp
[0.161s] -- Found rmw_implementation_cmake: 6.1.2 (/opt/ros/humble/share/rmw_implementation_cmake/cmake)
[0.162s] -- Found rmw_fastrtps_cpp: 6.2.8 (/opt/ros/humble/share/rmw_fastrtps_cpp/cmake)
[0.240s] -- Using RMW implementation 'rmw_fastrtps_cpp' as default
[0.275s] [31mCMake Error at CMakeLists.txt:12 (find_package):
[0.275s]   By not providing "Findesp32_msgs.cmake" in CMAKE_MODULE_PATH this project
[0.275s]   has asked CMake to find a package configuration file provided by
[0.276s]   "esp32_msgs", but CMake did not find one.
[0.276s] 
[0.276s]   Could not find a package configuration file provided by "esp32_msgs" with
[0.276s]   any of the following names:
[0.276s] 
[0.276s]     esp32_msgsConfig.cmake
[0.276s]     esp32_msgs-config.cmake
[0.276s] 
[0.276s]   Add the installation prefix of "esp32_msgs" to CMAKE_PREFIX_PATH or set
[0.276s]   "esp32_msgs_DIR" to a directory containing one of the above files.  If
[0.276s]   "esp32_msgs" provides a separate development package or SDK, be sure it has
[0.276s]   been installed.
[0.276s] 
[0.276s] [0m
[0.276s] -- Configuring incomplete, errors occurred!
[0.277s] See also "/home/santhosh/Desktop/ros2_ws/pendulum_control/build/esp32_interface/CMakeFiles/CMakeOutput.log".
[0.281s] Invoked command in '/home/santhosh/Desktop/ros2_ws/pendulum_control/build/esp32_interface' returned '1': CMAKE_PREFIX_PATH=/opt/ros/humble /usr/bin/cmake /home/santhosh/Desktop/ros2_ws/pendulum_control/src/esp32_interface -DCMAKE_INSTALL_PREFIX=/home/santhosh/Desktop/ros2_ws/pendulum_control/install/esp32_interface
