-- Found ament_cmake: 1.3.12 (/opt/ros/humble/share/ament_cmake/cmake)
-- Found rosidl_default_generators: 1.2.0 (/opt/ros/humble/share/rosidl_default_generators/cmake)
-- Using all available rosidl_typesupport_c: rosidl_typesupport_fastrtps_c;rosidl_typesupport_introspection_c
-- Found rosidl_adapter: 3.1.7 (/opt/ros/humble/share/rosidl_adapter/cmake)
-- Using all available rosidl_typesupport_cpp: rosidl_typesupport_fastrtps_cpp;rosidl_typesupport_introspection_cpp
-- Found std_msgs: 4.9.0 (/opt/ros/humble/share/std_msgs/cmake)
-- Found ament_cmake_ros: 0.10.0 (/opt/ros/humble/share/ament_cmake_ros/cmake)
-- Using all available rosidl_typesupport_c: rosidl_typesupport_fastrtps_c;rosidl_typesupport_introspection_c
-- Using all available rosidl_typesupport_cpp: rosidl_typesupport_fastrtps_cpp;rosidl_typesupport_introspection_cpp
-- Found python_cmake_module: 0.10.0 (/opt/ros/humble/share/python_cmake_module/cmake)
-- Using PYTHON_EXECUTABLE: /usr/bin/python3
-- Using PYTHON_INCLUDE_DIRS: /usr/include/python3.10
-- Using PYTHON_LIBRARIES: /usr/lib/x86_64-linux-gnu/libpython3.10.so
-- Found ament_lint_auto: 0.12.14 (/opt/ros/humble/share/ament_lint_auto/cmake)
-- Added test 'lint_cmake' to check CMake code style
-- Added test 'xmllint' to check XML markup files
-- Configuring done
-- Generating done
-- Build files have been written to: /home/santhosh/Desktop/ros2_ws/pendulum_control/build/esp32_msgs
[  3%] [34m[1mGenerating C code for ROS interfaces[0m
[  6%] [34m[1mGenerating C++ code for ROS interfaces[0m
[  6%] Built target ament_cmake_python_copy_esp32_msgs
[35m[1mConsolidate compiler generated dependencies of target esp32_msgs__rosidl_generator_c[0m
[  6%] Built target esp32_msgs__cpp
[  9%] [32mBuilding C object CMakeFiles/esp32_msgs__rosidl_generator_c.dir/rosidl_generator_c/esp32_msgs/msg/detail/imu_data__functions.c.o[0m
running egg_info
writing esp32_msgs.egg-info/PKG-INFO
writing dependency_links to esp32_msgs.egg-info/dependency_links.txt
writing top-level names to esp32_msgs.egg-info/top_level.txt
reading manifest file 'esp32_msgs.egg-info/SOURCES.txt'
[ 19%] [34m[1mGenerating C++ type support dispatch for ROS interfaces[0m
[ 19%] [34m[1mGenerating C++ type support for eProsima Fast-RTPS[0m
[ 19%] [34m[1mGenerating C++ introspection for ROS interfaces[0m
writing manifest file 'esp32_msgs.egg-info/SOURCES.txt'
[ 19%] Built target ament_cmake_python_build_esp32_msgs_egg
[ 22%] [32m[1mLinking C shared library libesp32_msgs__rosidl_generator_c.so[0m
[ 22%] Built target esp32_msgs__rosidl_generator_c
[ 32%] [34m[1mGenerating C type support for eProsima Fast-RTPS[0m
[ 32%] [34m[1mGenerating C type support dispatch for ROS interfaces[0m
[ 32%] [34m[1mGenerating C introspection for ROS interfaces[0m
[35m[1mConsolidate compiler generated dependencies of target esp32_msgs__rosidl_typesupport_cpp[0m
[35m[1mConsolidate compiler generated dependencies of target esp32_msgs__rosidl_typesupport_introspection_cpp[0m
[ 35%] [32mBuilding CXX object CMakeFiles/esp32_msgs__rosidl_typesupport_cpp.dir/rosidl_typesupport_cpp/esp32_msgs/msg/imu_data__type_support.cpp.o[0m
[35m[1mConsolidate compiler generated dependencies of target esp32_msgs__rosidl_typesupport_fastrtps_cpp[0m
[ 38%] [32mBuilding CXX object CMakeFiles/esp32_msgs__rosidl_typesupport_introspection_cpp.dir/rosidl_typesupport_introspection_cpp/esp32_msgs/msg/detail/imu_data__type_support.cpp.o[0m
[ 41%] [32mBuilding CXX object CMakeFiles/esp32_msgs__rosidl_typesupport_fastrtps_cpp.dir/rosidl_typesupport_fastrtps_cpp/esp32_msgs/msg/detail/dds_fastrtps/imu_data__type_support.cpp.o[0m
[35m[1mConsolidate compiler generated dependencies of target esp32_msgs__rosidl_typesupport_c[0m
[ 45%] [32mBuilding CXX object CMakeFiles/esp32_msgs__rosidl_typesupport_c.dir/rosidl_typesupport_c/esp32_msgs/msg/imu_data__type_support.cpp.o[0m
[35m[1mConsolidate compiler generated dependencies of target esp32_msgs__rosidl_typesupport_introspection_c[0m
[35m[1mConsolidate compiler generated dependencies of target esp32_msgs__rosidl_typesupport_fastrtps_c[0m
[ 48%] [32mBuilding C object CMakeFiles/esp32_msgs__rosidl_typesupport_introspection_c.dir/rosidl_typesupport_introspection_c/esp32_msgs/msg/detail/imu_data__type_support.c.o[0m
[ 51%] [32m[1mLinking CXX shared library libesp32_msgs__rosidl_typesupport_c.so[0m
[ 54%] [32mBuilding CXX object CMakeFiles/esp32_msgs__rosidl_typesupport_fastrtps_c.dir/rosidl_typesupport_fastrtps_c/esp32_msgs/msg/detail/imu_data__type_support_c.cpp.o[0m
[ 58%] [32m[1mLinking C shared library libesp32_msgs__rosidl_typesupport_introspection_c.so[0m
[ 58%] Built target esp32_msgs__rosidl_typesupport_c
[ 58%] Built target esp32_msgs__rosidl_typesupport_introspection_c
[ 61%] [32m[1mLinking CXX shared library libesp32_msgs__rosidl_typesupport_cpp.so[0m
[ 61%] Built target esp32_msgs__rosidl_typesupport_cpp
[ 64%] [32m[1mLinking CXX shared library libesp32_msgs__rosidl_typesupport_introspection_cpp.so[0m
[ 67%] [32m[1mLinking CXX shared library libesp32_msgs__rosidl_typesupport_fastrtps_cpp.so[0m
[ 67%] Built target esp32_msgs__rosidl_typesupport_introspection_cpp
[ 70%] [32m[1mLinking CXX shared library libesp32_msgs__rosidl_typesupport_fastrtps_c.so[0m
[ 70%] Built target esp32_msgs__rosidl_typesupport_fastrtps_cpp
[ 70%] Built target esp32_msgs__rosidl_typesupport_fastrtps_c
[ 70%] Built target esp32_msgs
[ 74%] [34m[1mGenerating Python code for ROS interfaces[0m
[ 74%] Built target esp32_msgs__py
[35m[1mConsolidate compiler generated dependencies of target esp32_msgs__rosidl_generator_py[0m
[ 77%] [32mBuilding C object CMakeFiles/esp32_msgs__rosidl_generator_py.dir/rosidl_generator_py/esp32_msgs/msg/_imu_data_s.c.o[0m
[ 80%] [32m[1mLinking C shared library rosidl_generator_py/esp32_msgs/libesp32_msgs__rosidl_generator_py.so[0m
[ 80%] Built target esp32_msgs__rosidl_generator_py
[35m[1mConsolidate compiler generated dependencies of target esp32_msgs__rosidl_typesupport_fastrtps_c__pyext[0m
[35m[1mConsolidate compiler generated dependencies of target esp32_msgs__rosidl_typesupport_introspection_c__pyext[0m
[35m[1mConsolidate compiler generated dependencies of target esp32_msgs__rosidl_typesupport_c__pyext[0m
[ 90%] [32mBuilding C object CMakeFiles/esp32_msgs__rosidl_typesupport_introspection_c__pyext.dir/rosidl_generator_py/esp32_msgs/_esp32_msgs_s.ep.rosidl_typesupport_introspection_c.c.o[0m
[ 90%] [32mBuilding C object CMakeFiles/esp32_msgs__rosidl_typesupport_fastrtps_c__pyext.dir/rosidl_generator_py/esp32_msgs/_esp32_msgs_s.ep.rosidl_typesupport_fastrtps_c.c.o[0m
[ 90%] [32mBuilding C object CMakeFiles/esp32_msgs__rosidl_typesupport_c__pyext.dir/rosidl_generator_py/esp32_msgs/_esp32_msgs_s.ep.rosidl_typesupport_c.c.o[0m
[ 96%] [32m[1mLinking C shared library rosidl_generator_py/esp32_msgs/esp32_msgs_s__rosidl_typesupport_c.cpython-310-x86_64-linux-gnu.so[0m
[ 96%] [32m[1mLinking C shared library rosidl_generator_py/esp32_msgs/esp32_msgs_s__rosidl_typesupport_introspection_c.cpython-310-x86_64-linux-gnu.so[0m
[100%] [32m[1mLinking C shared library rosidl_generator_py/esp32_msgs/esp32_msgs_s__rosidl_typesupport_fastrtps_c.cpython-310-x86_64-linux-gnu.so[0m
[100%] Built target esp32_msgs__rosidl_typesupport_fastrtps_c__pyext
[100%] Built target esp32_msgs__rosidl_typesupport_introspection_c__pyext
[100%] Built target esp32_msgs__rosidl_typesupport_c__pyext
-- Install configuration: ""
-- Installing: /home/santhosh/Desktop/ros2_ws/pendulum_control/install/esp32_msgs/share/ament_index/resource_index/rosidl_interfaces/esp32_msgs
-- Up-to-date: /home/santhosh/Desktop/ros2_ws/pendulum_control/install/esp32_msgs/include/esp32_msgs/esp32_msgs
-- Up-to-date: /home/santhosh/Desktop/ros2_ws/pendulum_control/install/esp32_msgs/include/esp32_msgs/esp32_msgs/msg
-- Up-to-date: /home/santhosh/Desktop/ros2_ws/pendulum_control/install/esp32_msgs/include/esp32_msgs/esp32_msgs/msg/detail
-- Installing: /home/santhosh/Desktop/ros2_ws/pendulum_control/install/esp32_msgs/include/esp32_msgs/esp32_msgs/msg/detail/imu_data__functions.h
-- Installing: /home/santhosh/Desktop/ros2_ws/pendulum_control/install/esp32_msgs/include/esp32_msgs/esp32_msgs/msg/detail/imu_data__type_support.h
-- Installing: /home/santhosh/Desktop/ros2_ws/pendulum_control/install/esp32_msgs/include/esp32_msgs/esp32_msgs/msg/detail/imu_data__struct.h
-- Installing: /home/santhosh/Desktop/ros2_ws/pendulum_control/install/esp32_msgs/include/esp32_msgs/esp32_msgs/msg/detail/imu_data__functions.c
-- Up-to-date: /home/santhosh/Desktop/ros2_ws/pendulum_control/install/esp32_msgs/include/esp32_msgs/esp32_msgs/msg/rosidl_generator_c__visibility_control.h
-- Installing: /home/santhosh/Desktop/ros2_ws/pendulum_control/install/esp32_msgs/include/esp32_msgs/esp32_msgs/msg/imu_data.h
-- Up-to-date: /home/santhosh/Desktop/ros2_ws/pendulum_control/install/esp32_msgs/share/esp32_msgs/environment/library_path.sh
-- Installing: /home/santhosh/Desktop/ros2_ws/pendulum_control/install/esp32_msgs/share/esp32_msgs/environment/library_path.dsv
-- Installing: /home/santhosh/Desktop/ros2_ws/pendulum_control/install/esp32_msgs/lib/libesp32_msgs__rosidl_generator_c.so
-- Set runtime path of "/home/santhosh/Desktop/ros2_ws/pendulum_control/install/esp32_msgs/lib/libesp32_msgs__rosidl_generator_c.so" to ""
-- Up-to-date: /home/santhosh/Desktop/ros2_ws/pendulum_control/install/esp32_msgs/include/esp32_msgs/esp32_msgs
-- Up-to-date: /home/santhosh/Desktop/ros2_ws/pendulum_control/install/esp32_msgs/include/esp32_msgs/esp32_msgs/msg
-- Up-to-date: /home/santhosh/Desktop/ros2_ws/pendulum_control/install/esp32_msgs/include/esp32_msgs/esp32_msgs/msg/rosidl_typesupport_fastrtps_c__visibility_control.h
-- Up-to-date: /home/santhosh/Desktop/ros2_ws/pendulum_control/install/esp32_msgs/include/esp32_msgs/esp32_msgs/msg/detail
-- Installing: /home/santhosh/Desktop/ros2_ws/pendulum_control/install/esp32_msgs/include/esp32_msgs/esp32_msgs/msg/detail/imu_data__rosidl_typesupport_fastrtps_c.h
-- Installing: /home/santhosh/Desktop/ros2_ws/pendulum_control/install/esp32_msgs/lib/libesp32_msgs__rosidl_typesupport_fastrtps_c.so
-- Set runtime path of "/home/santhosh/Desktop/ros2_ws/pendulum_control/install/esp32_msgs/lib/libesp32_msgs__rosidl_typesupport_fastrtps_c.so" to ""
-- Up-to-date: /home/santhosh/Desktop/ros2_ws/pendulum_control/install/esp32_msgs/include/esp32_msgs/esp32_msgs
-- Up-to-date: /home/santhosh/Desktop/ros2_ws/pendulum_control/install/esp32_msgs/include/esp32_msgs/esp32_msgs/msg
-- Up-to-date: /home/santhosh/Desktop/ros2_ws/pendulum_control/install/esp32_msgs/include/esp32_msgs/esp32_msgs/msg/rosidl_typesupport_introspection_c__visibility_control.h
-- Up-to-date: /home/santhosh/Desktop/ros2_ws/pendulum_control/install/esp32_msgs/include/esp32_msgs/esp32_msgs/msg/detail
-- Installing: /home/santhosh/Desktop/ros2_ws/pendulum_control/install/esp32_msgs/include/esp32_msgs/esp32_msgs/msg/detail/imu_data__type_support.c
-- Installing: /home/santhosh/Desktop/ros2_ws/pendulum_control/install/esp32_msgs/include/esp32_msgs/esp32_msgs/msg/detail/imu_data__rosidl_typesupport_introspection_c.h
-- Installing: /home/santhosh/Desktop/ros2_ws/pendulum_control/install/esp32_msgs/lib/libesp32_msgs__rosidl_typesupport_introspection_c.so
-- Set runtime path of "/home/santhosh/Desktop/ros2_ws/pendulum_control/install/esp32_msgs/lib/libesp32_msgs__rosidl_typesupport_introspection_c.so" to ""
-- Installing: /home/santhosh/Desktop/ros2_ws/pendulum_control/install/esp32_msgs/lib/libesp32_msgs__rosidl_typesupport_c.so
-- Set runtime path of "/home/santhosh/Desktop/ros2_ws/pendulum_control/install/esp32_msgs/lib/libesp32_msgs__rosidl_typesupport_c.so" to ""
-- Up-to-date: /home/santhosh/Desktop/ros2_ws/pendulum_control/install/esp32_msgs/include/esp32_msgs/esp32_msgs
-- Up-to-date: /home/santhosh/Desktop/ros2_ws/pendulum_control/install/esp32_msgs/include/esp32_msgs/esp32_msgs/msg
-- Installing: /home/santhosh/Desktop/ros2_ws/pendulum_control/install/esp32_msgs/include/esp32_msgs/esp32_msgs/msg/imu_data.hpp
-- Up-to-date: /home/santhosh/Desktop/ros2_ws/pendulum_control/install/esp32_msgs/include/esp32_msgs/esp32_msgs/msg/rosidl_generator_cpp__visibility_control.hpp
-- Up-to-date: /home/santhosh/Desktop/ros2_ws/pendulum_control/install/esp32_msgs/include/esp32_msgs/esp32_msgs/msg/detail
-- Installing: /home/santhosh/Desktop/ros2_ws/pendulum_control/install/esp32_msgs/include/esp32_msgs/esp32_msgs/msg/detail/imu_data__traits.hpp
-- Installing: /home/santhosh/Desktop/ros2_ws/pendulum_control/install/esp32_msgs/include/esp32_msgs/esp32_msgs/msg/detail/imu_data__type_support.hpp
-- Installing: /home/santhosh/Desktop/ros2_ws/pendulum_control/install/esp32_msgs/include/esp32_msgs/esp32_msgs/msg/detail/imu_data__builder.hpp
-- Installing: /home/santhosh/Desktop/ros2_ws/pendulum_control/install/esp32_msgs/include/esp32_msgs/esp32_msgs/msg/detail/imu_data__struct.hpp
-- Up-to-date: /home/santhosh/Desktop/ros2_ws/pendulum_control/install/esp32_msgs/include/esp32_msgs/esp32_msgs
-- Up-to-date: /home/santhosh/Desktop/ros2_ws/pendulum_control/install/esp32_msgs/include/esp32_msgs/esp32_msgs/msg
-- Up-to-date: /home/santhosh/Desktop/ros2_ws/pendulum_control/install/esp32_msgs/include/esp32_msgs/esp32_msgs/msg/rosidl_typesupport_fastrtps_cpp__visibility_control.h
-- Up-to-date: /home/santhosh/Desktop/ros2_ws/pendulum_control/install/esp32_msgs/include/esp32_msgs/esp32_msgs/msg/detail
-- Installing: /home/santhosh/Desktop/ros2_ws/pendulum_control/install/esp32_msgs/include/esp32_msgs/esp32_msgs/msg/detail/imu_data__rosidl_typesupport_fastrtps_cpp.hpp
-- Up-to-date: /home/santhosh/Desktop/ros2_ws/pendulum_control/install/esp32_msgs/include/esp32_msgs/esp32_msgs/msg/detail/dds_fastrtps
-- Installing: /home/santhosh/Desktop/ros2_ws/pendulum_control/install/esp32_msgs/lib/libesp32_msgs__rosidl_typesupport_fastrtps_cpp.so
-- Set runtime path of "/home/santhosh/Desktop/ros2_ws/pendulum_control/install/esp32_msgs/lib/libesp32_msgs__rosidl_typesupport_fastrtps_cpp.so" to ""
-- Up-to-date: /home/santhosh/Desktop/ros2_ws/pendulum_control/install/esp32_msgs/include/esp32_msgs/esp32_msgs
-- Up-to-date: /home/santhosh/Desktop/ros2_ws/pendulum_control/install/esp32_msgs/include/esp32_msgs/esp32_msgs/msg
-- Up-to-date: /home/santhosh/Desktop/ros2_ws/pendulum_control/install/esp32_msgs/include/esp32_msgs/esp32_msgs/msg/detail
-- Installing: /home/santhosh/Desktop/ros2_ws/pendulum_control/install/esp32_msgs/include/esp32_msgs/esp32_msgs/msg/detail/imu_data__type_support.cpp
-- Installing: /home/santhosh/Desktop/ros2_ws/pendulum_control/install/esp32_msgs/include/esp32_msgs/esp32_msgs/msg/detail/imu_data__rosidl_typesupport_introspection_cpp.hpp
-- Installing: /home/santhosh/Desktop/ros2_ws/pendulum_control/install/esp32_msgs/lib/libesp32_msgs__rosidl_typesupport_introspection_cpp.so
-- Set runtime path of "/home/santhosh/Desktop/ros2_ws/pendulum_control/install/esp32_msgs/lib/libesp32_msgs__rosidl_typesupport_introspection_cpp.so" to ""
-- Installing: /home/santhosh/Desktop/ros2_ws/pendulum_control/install/esp32_msgs/lib/libesp32_msgs__rosidl_typesupport_cpp.so
-- Set runtime path of "/home/santhosh/Desktop/ros2_ws/pendulum_control/install/esp32_msgs/lib/libesp32_msgs__rosidl_typesupport_cpp.so" to ""
-- Up-to-date: /home/santhosh/Desktop/ros2_ws/pendulum_control/install/esp32_msgs/share/esp32_msgs/environment/pythonpath.sh
-- Installing: /home/santhosh/Desktop/ros2_ws/pendulum_control/install/esp32_msgs/share/esp32_msgs/environment/pythonpath.dsv
-- Up-to-date: /home/santhosh/Desktop/ros2_ws/pendulum_control/install/esp32_msgs/local/lib/python3.10/dist-packages/esp32_msgs-0.0.0-py3.10.egg-info
-- Installing: /home/santhosh/Desktop/ros2_ws/pendulum_control/install/esp32_msgs/local/lib/python3.10/dist-packages/esp32_msgs-0.0.0-py3.10.egg-info/PKG-INFO
-- Installing: /home/santhosh/Desktop/ros2_ws/pendulum_control/install/esp32_msgs/local/lib/python3.10/dist-packages/esp32_msgs-0.0.0-py3.10.egg-info/top_level.txt
-- Installing: /home/santhosh/Desktop/ros2_ws/pendulum_control/install/esp32_msgs/local/lib/python3.10/dist-packages/esp32_msgs-0.0.0-py3.10.egg-info/dependency_links.txt
-- Installing: /home/santhosh/Desktop/ros2_ws/pendulum_control/install/esp32_msgs/local/lib/python3.10/dist-packages/esp32_msgs-0.0.0-py3.10.egg-info/SOURCES.txt
-- Up-to-date: /home/santhosh/Desktop/ros2_ws/pendulum_control/install/esp32_msgs/local/lib/python3.10/dist-packages/esp32_msgs
-- Installing: /home/santhosh/Desktop/ros2_ws/pendulum_control/install/esp32_msgs/local/lib/python3.10/dist-packages/esp32_msgs/_esp32_msgs_s.ep.rosidl_typesupport_introspection_c.c
-- Installing: /home/santhosh/Desktop/ros2_ws/pendulum_control/install/esp32_msgs/local/lib/python3.10/dist-packages/esp32_msgs/esp32_msgs_s__rosidl_typesupport_c.cpython-310-x86_64-linux-gnu.so
-- Installing: /home/santhosh/Desktop/ros2_ws/pendulum_control/install/esp32_msgs/local/lib/python3.10/dist-packages/esp32_msgs/__init__.py
-- Installing: /home/santhosh/Desktop/ros2_ws/pendulum_control/install/esp32_msgs/local/lib/python3.10/dist-packages/esp32_msgs/_esp32_msgs_s.ep.rosidl_typesupport_fastrtps_c.c
-- Up-to-date: /home/santhosh/Desktop/ros2_ws/pendulum_control/install/esp32_msgs/local/lib/python3.10/dist-packages/esp32_msgs/msg
-- Installing: /home/santhosh/Desktop/ros2_ws/pendulum_control/install/esp32_msgs/local/lib/python3.10/dist-packages/esp32_msgs/msg/_imu_data_s.c
-- Installing: /home/santhosh/Desktop/ros2_ws/pendulum_control/install/esp32_msgs/local/lib/python3.10/dist-packages/esp32_msgs/msg/__init__.py
-- Installing: /home/santhosh/Desktop/ros2_ws/pendulum_control/install/esp32_msgs/local/lib/python3.10/dist-packages/esp32_msgs/msg/_imu_data.py
-- Installing: /home/santhosh/Desktop/ros2_ws/pendulum_control/install/esp32_msgs/local/lib/python3.10/dist-packages/esp32_msgs/esp32_msgs_s__rosidl_typesupport_fastrtps_c.cpython-310-x86_64-linux-gnu.so
-- Installing: /home/santhosh/Desktop/ros2_ws/pendulum_control/install/esp32_msgs/local/lib/python3.10/dist-packages/esp32_msgs/_esp32_msgs_s.ep.rosidl_typesupport_c.c
-- Installing: /home/santhosh/Desktop/ros2_ws/pendulum_control/install/esp32_msgs/local/lib/python3.10/dist-packages/esp32_msgs/esp32_msgs_s__rosidl_typesupport_introspection_c.cpython-310-x86_64-linux-gnu.so
-- Installing: /home/santhosh/Desktop/ros2_ws/pendulum_control/install/esp32_msgs/local/lib/python3.10/dist-packages/esp32_msgs/libesp32_msgs__rosidl_generator_py.so
Listing '/home/santhosh/Desktop/ros2_ws/pendulum_control/install/esp32_msgs/local/lib/python3.10/dist-packages/esp32_msgs'...
Compiling '/home/santhosh/Desktop/ros2_ws/pendulum_control/install/esp32_msgs/local/lib/python3.10/dist-packages/esp32_msgs/__init__.py'...
Listing '/home/santhosh/Desktop/ros2_ws/pendulum_control/install/esp32_msgs/local/lib/python3.10/dist-packages/esp32_msgs/msg'...
Compiling '/home/santhosh/Desktop/ros2_ws/pendulum_control/install/esp32_msgs/local/lib/python3.10/dist-packages/esp32_msgs/msg/__init__.py'...
Compiling '/home/santhosh/Desktop/ros2_ws/pendulum_control/install/esp32_msgs/local/lib/python3.10/dist-packages/esp32_msgs/msg/_imu_data.py'...
-- Installing: /home/santhosh/Desktop/ros2_ws/pendulum_control/install/esp32_msgs/local/lib/python3.10/dist-packages/esp32_msgs/esp32_msgs_s__rosidl_typesupport_fastrtps_c.cpython-310-x86_64-linux-gnu.so
-- Set runtime path of "/home/santhosh/Desktop/ros2_ws/pendulum_control/install/esp32_msgs/local/lib/python3.10/dist-packages/esp32_msgs/esp32_msgs_s__rosidl_typesupport_fastrtps_c.cpython-310-x86_64-linux-gnu.so" to ""
-- Installing: /home/santhosh/Desktop/ros2_ws/pendulum_control/install/esp32_msgs/local/lib/python3.10/dist-packages/esp32_msgs/esp32_msgs_s__rosidl_typesupport_introspection_c.cpython-310-x86_64-linux-gnu.so
-- Set runtime path of "/home/santhosh/Desktop/ros2_ws/pendulum_control/install/esp32_msgs/local/lib/python3.10/dist-packages/esp32_msgs/esp32_msgs_s__rosidl_typesupport_introspection_c.cpython-310-x86_64-linux-gnu.so" to ""
-- Installing: /home/santhosh/Desktop/ros2_ws/pendulum_control/install/esp32_msgs/local/lib/python3.10/dist-packages/esp32_msgs/esp32_msgs_s__rosidl_typesupport_c.cpython-310-x86_64-linux-gnu.so
-- Set runtime path of "/home/santhosh/Desktop/ros2_ws/pendulum_control/install/esp32_msgs/local/lib/python3.10/dist-packages/esp32_msgs/esp32_msgs_s__rosidl_typesupport_c.cpython-310-x86_64-linux-gnu.so" to ""
-- Installing: /home/santhosh/Desktop/ros2_ws/pendulum_control/install/esp32_msgs/lib/libesp32_msgs__rosidl_generator_py.so
-- Set runtime path of "/home/santhosh/Desktop/ros2_ws/pendulum_control/install/esp32_msgs/lib/libesp32_msgs__rosidl_generator_py.so" to ""
-- Installing: /home/santhosh/Desktop/ros2_ws/pendulum_control/install/esp32_msgs/share/esp32_msgs/msg/ImuData.idl
-- Installing: /home/santhosh/Desktop/ros2_ws/pendulum_control/install/esp32_msgs/share/esp32_msgs/msg/ImuData.msg
-- Up-to-date: /home/santhosh/Desktop/ros2_ws/pendulum_control/install/esp32_msgs/share/ament_index/resource_index/package_run_dependencies/esp32_msgs
-- Up-to-date: /home/santhosh/Desktop/ros2_ws/pendulum_control/install/esp32_msgs/share/ament_index/resource_index/parent_prefix_path/esp32_msgs
-- Up-to-date: /home/santhosh/Desktop/ros2_ws/pendulum_control/install/esp32_msgs/share/esp32_msgs/environment/ament_prefix_path.sh
-- Installing: /home/santhosh/Desktop/ros2_ws/pendulum_control/install/esp32_msgs/share/esp32_msgs/environment/ament_prefix_path.dsv
-- Up-to-date: /home/santhosh/Desktop/ros2_ws/pendulum_control/install/esp32_msgs/share/esp32_msgs/environment/path.sh
-- Installing: /home/santhosh/Desktop/ros2_ws/pendulum_control/install/esp32_msgs/share/esp32_msgs/environment/path.dsv
-- Up-to-date: /home/santhosh/Desktop/ros2_ws/pendulum_control/install/esp32_msgs/share/esp32_msgs/local_setup.bash
-- Up-to-date: /home/santhosh/Desktop/ros2_ws/pendulum_control/install/esp32_msgs/share/esp32_msgs/local_setup.sh
-- Up-to-date: /home/santhosh/Desktop/ros2_ws/pendulum_control/install/esp32_msgs/share/esp32_msgs/local_setup.zsh
-- Installing: /home/santhosh/Desktop/ros2_ws/pendulum_control/install/esp32_msgs/share/esp32_msgs/local_setup.dsv
-- Installing: /home/santhosh/Desktop/ros2_ws/pendulum_control/install/esp32_msgs/share/esp32_msgs/package.dsv
-- Up-to-date: /home/santhosh/Desktop/ros2_ws/pendulum_control/install/esp32_msgs/share/ament_index/resource_index/packages/esp32_msgs
-- Up-to-date: /home/santhosh/Desktop/ros2_ws/pendulum_control/install/esp32_msgs/share/esp32_msgs/cmake/export_esp32_msgs__rosidl_generator_cExport.cmake
-- Up-to-date: /home/santhosh/Desktop/ros2_ws/pendulum_control/install/esp32_msgs/share/esp32_msgs/cmake/export_esp32_msgs__rosidl_generator_cExport-noconfig.cmake
-- Up-to-date: /home/santhosh/Desktop/ros2_ws/pendulum_control/install/esp32_msgs/share/esp32_msgs/cmake/export_esp32_msgs__rosidl_typesupport_fastrtps_cExport.cmake
-- Up-to-date: /home/santhosh/Desktop/ros2_ws/pendulum_control/install/esp32_msgs/share/esp32_msgs/cmake/export_esp32_msgs__rosidl_typesupport_fastrtps_cExport-noconfig.cmake
-- Up-to-date: /home/santhosh/Desktop/ros2_ws/pendulum_control/install/esp32_msgs/share/esp32_msgs/cmake/esp32_msgs__rosidl_typesupport_introspection_cExport.cmake
-- Up-to-date: /home/santhosh/Desktop/ros2_ws/pendulum_control/install/esp32_msgs/share/esp32_msgs/cmake/esp32_msgs__rosidl_typesupport_introspection_cExport-noconfig.cmake
-- Up-to-date: /home/santhosh/Desktop/ros2_ws/pendulum_control/install/esp32_msgs/share/esp32_msgs/cmake/esp32_msgs__rosidl_typesupport_cExport.cmake
-- Up-to-date: /home/santhosh/Desktop/ros2_ws/pendulum_control/install/esp32_msgs/share/esp32_msgs/cmake/esp32_msgs__rosidl_typesupport_cExport-noconfig.cmake
-- Up-to-date: /home/santhosh/Desktop/ros2_ws/pendulum_control/install/esp32_msgs/share/esp32_msgs/cmake/export_esp32_msgs__rosidl_generator_cppExport.cmake
-- Up-to-date: /home/santhosh/Desktop/ros2_ws/pendulum_control/install/esp32_msgs/share/esp32_msgs/cmake/export_esp32_msgs__rosidl_typesupport_fastrtps_cppExport.cmake
-- Up-to-date: /home/santhosh/Desktop/ros2_ws/pendulum_control/install/esp32_msgs/share/esp32_msgs/cmake/export_esp32_msgs__rosidl_typesupport_fastrtps_cppExport-noconfig.cmake
-- Up-to-date: /home/santhosh/Desktop/ros2_ws/pendulum_control/install/esp32_msgs/share/esp32_msgs/cmake/esp32_msgs__rosidl_typesupport_introspection_cppExport.cmake
-- Up-to-date: /home/santhosh/Desktop/ros2_ws/pendulum_control/install/esp32_msgs/share/esp32_msgs/cmake/esp32_msgs__rosidl_typesupport_introspection_cppExport-noconfig.cmake
-- Up-to-date: /home/santhosh/Desktop/ros2_ws/pendulum_control/install/esp32_msgs/share/esp32_msgs/cmake/esp32_msgs__rosidl_typesupport_cppExport.cmake
-- Up-to-date: /home/santhosh/Desktop/ros2_ws/pendulum_control/install/esp32_msgs/share/esp32_msgs/cmake/esp32_msgs__rosidl_typesupport_cppExport-noconfig.cmake
-- Up-to-date: /home/santhosh/Desktop/ros2_ws/pendulum_control/install/esp32_msgs/share/esp32_msgs/cmake/export_esp32_msgs__rosidl_generator_pyExport.cmake
-- Up-to-date: /home/santhosh/Desktop/ros2_ws/pendulum_control/install/esp32_msgs/share/esp32_msgs/cmake/export_esp32_msgs__rosidl_generator_pyExport-noconfig.cmake
-- Installing: /home/santhosh/Desktop/ros2_ws/pendulum_control/install/esp32_msgs/share/esp32_msgs/cmake/rosidl_cmake-extras.cmake
-- Up-to-date: /home/santhosh/Desktop/ros2_ws/pendulum_control/install/esp32_msgs/share/esp32_msgs/cmake/ament_cmake_export_dependencies-extras.cmake
-- Up-to-date: /home/santhosh/Desktop/ros2_ws/pendulum_control/install/esp32_msgs/share/esp32_msgs/cmake/ament_cmake_export_include_directories-extras.cmake
-- Up-to-date: /home/santhosh/Desktop/ros2_ws/pendulum_control/install/esp32_msgs/share/esp32_msgs/cmake/ament_cmake_export_libraries-extras.cmake
-- Up-to-date: /home/santhosh/Desktop/ros2_ws/pendulum_control/install/esp32_msgs/share/esp32_msgs/cmake/ament_cmake_export_targets-extras.cmake
-- Up-to-date: /home/santhosh/Desktop/ros2_ws/pendulum_control/install/esp32_msgs/share/esp32_msgs/cmake/rosidl_cmake_export_typesupport_targets-extras.cmake
-- Up-to-date: /home/santhosh/Desktop/ros2_ws/pendulum_control/install/esp32_msgs/share/esp32_msgs/cmake/rosidl_cmake_export_typesupport_libraries-extras.cmake
-- Up-to-date: /home/santhosh/Desktop/ros2_ws/pendulum_control/install/esp32_msgs/share/esp32_msgs/cmake/esp32_msgsConfig.cmake
-- Up-to-date: /home/santhosh/Desktop/ros2_ws/pendulum_control/install/esp32_msgs/share/esp32_msgs/cmake/esp32_msgsConfig-version.cmake
-- Up-to-date: /home/santhosh/Desktop/ros2_ws/pendulum_control/install/esp32_msgs/share/esp32_msgs/package.xml
