[0.008s] Invoking command in '/home/santhosh/Desktop/ros2_ws/pendulum_control/build/esp32_msgs': CMAKE_PREFIX_PATH=/opt/ros/humble /usr/bin/cmake --build /home/santhosh/Desktop/ros2_ws/pendulum_control/build/esp32_msgs -- -j16 -l16
[0.054s] [  9%] Built target esp32_msgs__cpp
[0.054s] [ 12%] Built target esp32_msgs__rosidl_generator_c
[0.065s] [ 12%] Built target ament_cmake_python_copy_esp32_msgs
[0.075s] [ 48%] Built target esp32_msgs__rosidl_typesupport_fastrtps_c
[0.076s] [ 48%] Built target esp32_msgs__rosidl_typesupport_fastrtps_cpp
[0.076s] [ 54%] Built target esp32_msgs__rosidl_typesupport_introspection_c
[0.076s] [ 54%] Built target esp32_msgs__rosidl_typesupport_introspection_cpp
[0.076s] [ 61%] Built target esp32_msgs__rosidl_typesupport_c
[0.085s] [ 70%] Built target esp32_msgs__rosidl_typesupport_cpp
[0.104s] [ 70%] Built target esp32_msgs
[0.126s] [ 74%] Built target esp32_msgs__py
[0.150s] [ 80%] Built target esp32_msgs__rosidl_generator_py
[0.170s] [100%] Built target esp32_msgs__rosidl_typesupport_introspection_c__pyext
[0.170s] [100%] Built target esp32_msgs__rosidl_typesupport_fastrtps_c__pyext
[0.170s] [100%] Built target esp32_msgs__rosidl_typesupport_c__pyext
[0.224s] running egg_info
[0.225s] writing esp32_msgs.egg-info/PKG-INFO
[0.225s] writing dependency_links to esp32_msgs.egg-info/dependency_links.txt
[0.225s] writing top-level names to esp32_msgs.egg-info/top_level.txt
[0.227s] reading manifest file 'esp32_msgs.egg-info/SOURCES.txt'
[0.227s] writing manifest file 'esp32_msgs.egg-info/SOURCES.txt'
[0.255s] [100%] Built target ament_cmake_python_build_esp32_msgs_egg
[0.265s] Invoked command in '/home/santhosh/Desktop/ros2_ws/pendulum_control/build/esp32_msgs' returned '0': CMAKE_PREFIX_PATH=/opt/ros/humble /usr/bin/cmake --build /home/santhosh/Desktop/ros2_ws/pendulum_control/build/esp32_msgs -- -j16 -l16
[0.275s] Invoking command in '/home/santhosh/Desktop/ros2_ws/pendulum_control/build/esp32_msgs': CMAKE_PREFIX_PATH=/opt/ros/humble /usr/bin/cmake --install /home/santhosh/Desktop/ros2_ws/pendulum_control/build/esp32_msgs
[0.280s] -- Install configuration: ""
[0.281s] -- Up-to-date: /home/santhosh/Desktop/ros2_ws/pendulum_control/install/esp32_msgs/share/ament_index/resource_index/rosidl_interfaces/esp32_msgs
[0.281s] -- Up-to-date: /home/santhosh/Desktop/ros2_ws/pendulum_control/install/esp32_msgs/include/esp32_msgs/esp32_msgs
[0.281s] -- Up-to-date: /home/santhosh/Desktop/ros2_ws/pendulum_control/install/esp32_msgs/include/esp32_msgs/esp32_msgs/msg
[0.281s] -- Up-to-date: /home/santhosh/Desktop/ros2_ws/pendulum_control/install/esp32_msgs/include/esp32_msgs/esp32_msgs/msg/detail
[0.281s] -- Up-to-date: /home/santhosh/Desktop/ros2_ws/pendulum_control/install/esp32_msgs/include/esp32_msgs/esp32_msgs/msg/detail/imu_data__functions.h
[0.281s] -- Up-to-date: /home/santhosh/Desktop/ros2_ws/pendulum_control/install/esp32_msgs/include/esp32_msgs/esp32_msgs/msg/detail/imu_data__type_support.h
[0.281s] -- Up-to-date: /home/santhosh/Desktop/ros2_ws/pendulum_control/install/esp32_msgs/include/esp32_msgs/esp32_msgs/msg/detail/imu_data__struct.h
[0.281s] -- Up-to-date: /home/santhosh/Desktop/ros2_ws/pendulum_control/install/esp32_msgs/include/esp32_msgs/esp32_msgs/msg/detail/imu_data__functions.c
[0.281s] -- Up-to-date: /home/santhosh/Desktop/ros2_ws/pendulum_control/install/esp32_msgs/include/esp32_msgs/esp32_msgs/msg/rosidl_generator_c__visibility_control.h
[0.281s] -- Up-to-date: /home/santhosh/Desktop/ros2_ws/pendulum_control/install/esp32_msgs/include/esp32_msgs/esp32_msgs/msg/imu_data.h
[0.281s] -- Up-to-date: /home/santhosh/Desktop/ros2_ws/pendulum_control/install/esp32_msgs/share/esp32_msgs/environment/library_path.sh
[0.281s] -- Up-to-date: /home/santhosh/Desktop/ros2_ws/pendulum_control/install/esp32_msgs/share/esp32_msgs/environment/library_path.dsv
[0.281s] -- Up-to-date: /home/santhosh/Desktop/ros2_ws/pendulum_control/install/esp32_msgs/lib/libesp32_msgs__rosidl_generator_c.so
[0.281s] -- Up-to-date: /home/santhosh/Desktop/ros2_ws/pendulum_control/install/esp32_msgs/include/esp32_msgs/esp32_msgs
[0.281s] -- Up-to-date: /home/santhosh/Desktop/ros2_ws/pendulum_control/install/esp32_msgs/include/esp32_msgs/esp32_msgs/msg
[0.281s] -- Up-to-date: /home/santhosh/Desktop/ros2_ws/pendulum_control/install/esp32_msgs/include/esp32_msgs/esp32_msgs/msg/rosidl_typesupport_fastrtps_c__visibility_control.h
[0.281s] -- Up-to-date: /home/santhosh/Desktop/ros2_ws/pendulum_control/install/esp32_msgs/include/esp32_msgs/esp32_msgs/msg/detail
[0.281s] -- Up-to-date: /home/santhosh/Desktop/ros2_ws/pendulum_control/install/esp32_msgs/include/esp32_msgs/esp32_msgs/msg/detail/imu_data__rosidl_typesupport_fastrtps_c.h
[0.281s] -- Up-to-date: /home/santhosh/Desktop/ros2_ws/pendulum_control/install/esp32_msgs/lib/libesp32_msgs__rosidl_typesupport_fastrtps_c.so
[0.281s] -- Up-to-date: /home/santhosh/Desktop/ros2_ws/pendulum_control/install/esp32_msgs/include/esp32_msgs/esp32_msgs
[0.282s] -- Up-to-date: /home/santhosh/Desktop/ros2_ws/pendulum_control/install/esp32_msgs/include/esp32_msgs/esp32_msgs/msg
[0.282s] -- Up-to-date: /home/santhosh/Desktop/ros2_ws/pendulum_control/install/esp32_msgs/include/esp32_msgs/esp32_msgs/msg/rosidl_typesupport_introspection_c__visibility_control.h
[0.282s] -- Up-to-date: /home/santhosh/Desktop/ros2_ws/pendulum_control/install/esp32_msgs/include/esp32_msgs/esp32_msgs/msg/detail
[0.282s] -- Up-to-date: /home/santhosh/Desktop/ros2_ws/pendulum_control/install/esp32_msgs/include/esp32_msgs/esp32_msgs/msg/detail/imu_data__type_support.c
[0.282s] -- Up-to-date: /home/santhosh/Desktop/ros2_ws/pendulum_control/install/esp32_msgs/include/esp32_msgs/esp32_msgs/msg/detail/imu_data__rosidl_typesupport_introspection_c.h
[0.282s] -- Up-to-date: /home/santhosh/Desktop/ros2_ws/pendulum_control/install/esp32_msgs/lib/libesp32_msgs__rosidl_typesupport_introspection_c.so
[0.282s] -- Up-to-date: /home/santhosh/Desktop/ros2_ws/pendulum_control/install/esp32_msgs/lib/libesp32_msgs__rosidl_typesupport_c.so
[0.282s] -- Up-to-date: /home/santhosh/Desktop/ros2_ws/pendulum_control/install/esp32_msgs/include/esp32_msgs/esp32_msgs
[0.282s] -- Up-to-date: /home/santhosh/Desktop/ros2_ws/pendulum_control/install/esp32_msgs/include/esp32_msgs/esp32_msgs/msg
[0.282s] -- Up-to-date: /home/santhosh/Desktop/ros2_ws/pendulum_control/install/esp32_msgs/include/esp32_msgs/esp32_msgs/msg/imu_data.hpp
[0.282s] -- Up-to-date: /home/santhosh/Desktop/ros2_ws/pendulum_control/install/esp32_msgs/include/esp32_msgs/esp32_msgs/msg/rosidl_generator_cpp__visibility_control.hpp
[0.282s] -- Up-to-date: /home/santhosh/Desktop/ros2_ws/pendulum_control/install/esp32_msgs/include/esp32_msgs/esp32_msgs/msg/detail
[0.282s] -- Up-to-date: /home/santhosh/Desktop/ros2_ws/pendulum_control/install/esp32_msgs/include/esp32_msgs/esp32_msgs/msg/detail/imu_data__traits.hpp
[0.282s] -- Up-to-date: /home/santhosh/Desktop/ros2_ws/pendulum_control/install/esp32_msgs/include/esp32_msgs/esp32_msgs/msg/detail/imu_data__type_support.hpp
[0.282s] -- Up-to-date: /home/santhosh/Desktop/ros2_ws/pendulum_control/install/esp32_msgs/include/esp32_msgs/esp32_msgs/msg/detail/imu_data__builder.hpp
[0.282s] -- Up-to-date: /home/santhosh/Desktop/ros2_ws/pendulum_control/install/esp32_msgs/include/esp32_msgs/esp32_msgs/msg/detail/imu_data__struct.hpp
[0.282s] -- Up-to-date: /home/santhosh/Desktop/ros2_ws/pendulum_control/install/esp32_msgs/include/esp32_msgs/esp32_msgs
[0.282s] -- Up-to-date: /home/santhosh/Desktop/ros2_ws/pendulum_control/install/esp32_msgs/include/esp32_msgs/esp32_msgs/msg
[0.282s] -- Up-to-date: /home/santhosh/Desktop/ros2_ws/pendulum_control/install/esp32_msgs/include/esp32_msgs/esp32_msgs/msg/rosidl_typesupport_fastrtps_cpp__visibility_control.h
[0.282s] -- Up-to-date: /home/santhosh/Desktop/ros2_ws/pendulum_control/install/esp32_msgs/include/esp32_msgs/esp32_msgs/msg/detail
[0.282s] -- Up-to-date: /home/santhosh/Desktop/ros2_ws/pendulum_control/install/esp32_msgs/include/esp32_msgs/esp32_msgs/msg/detail/imu_data__rosidl_typesupport_fastrtps_cpp.hpp
[0.282s] -- Up-to-date: /home/santhosh/Desktop/ros2_ws/pendulum_control/install/esp32_msgs/include/esp32_msgs/esp32_msgs/msg/detail/dds_fastrtps
[0.283s] -- Up-to-date: /home/santhosh/Desktop/ros2_ws/pendulum_control/install/esp32_msgs/lib/libesp32_msgs__rosidl_typesupport_fastrtps_cpp.so
[0.283s] -- Up-to-date: /home/santhosh/Desktop/ros2_ws/pendulum_control/install/esp32_msgs/include/esp32_msgs/esp32_msgs
[0.283s] -- Up-to-date: /home/santhosh/Desktop/ros2_ws/pendulum_control/install/esp32_msgs/include/esp32_msgs/esp32_msgs/msg
[0.283s] -- Up-to-date: /home/santhosh/Desktop/ros2_ws/pendulum_control/install/esp32_msgs/include/esp32_msgs/esp32_msgs/msg/detail
[0.283s] -- Up-to-date: /home/santhosh/Desktop/ros2_ws/pendulum_control/install/esp32_msgs/include/esp32_msgs/esp32_msgs/msg/detail/imu_data__type_support.cpp
[0.283s] -- Up-to-date: /home/santhosh/Desktop/ros2_ws/pendulum_control/install/esp32_msgs/include/esp32_msgs/esp32_msgs/msg/detail/imu_data__rosidl_typesupport_introspection_cpp.hpp
[0.283s] -- Up-to-date: /home/santhosh/Desktop/ros2_ws/pendulum_control/install/esp32_msgs/lib/libesp32_msgs__rosidl_typesupport_introspection_cpp.so
[0.283s] -- Up-to-date: /home/santhosh/Desktop/ros2_ws/pendulum_control/install/esp32_msgs/lib/libesp32_msgs__rosidl_typesupport_cpp.so
[0.283s] -- Up-to-date: /home/santhosh/Desktop/ros2_ws/pendulum_control/install/esp32_msgs/share/esp32_msgs/environment/pythonpath.sh
[0.284s] -- Up-to-date: /home/santhosh/Desktop/ros2_ws/pendulum_control/install/esp32_msgs/share/esp32_msgs/environment/pythonpath.dsv
[0.284s] -- Up-to-date: /home/santhosh/Desktop/ros2_ws/pendulum_control/install/esp32_msgs/local/lib/python3.10/dist-packages/esp32_msgs-0.0.0-py3.10.egg-info
[0.284s] -- Installing: /home/santhosh/Desktop/ros2_ws/pendulum_control/install/esp32_msgs/local/lib/python3.10/dist-packages/esp32_msgs-0.0.0-py3.10.egg-info/PKG-INFO
[0.284s] -- Installing: /home/santhosh/Desktop/ros2_ws/pendulum_control/install/esp32_msgs/local/lib/python3.10/dist-packages/esp32_msgs-0.0.0-py3.10.egg-info/top_level.txt
[0.285s] -- Installing: /home/santhosh/Desktop/ros2_ws/pendulum_control/install/esp32_msgs/local/lib/python3.10/dist-packages/esp32_msgs-0.0.0-py3.10.egg-info/dependency_links.txt
[0.285s] -- Installing: /home/santhosh/Desktop/ros2_ws/pendulum_control/install/esp32_msgs/local/lib/python3.10/dist-packages/esp32_msgs-0.0.0-py3.10.egg-info/SOURCES.txt
[0.286s] -- Up-to-date: /home/santhosh/Desktop/ros2_ws/pendulum_control/install/esp32_msgs/local/lib/python3.10/dist-packages/esp32_msgs
[0.286s] -- Up-to-date: /home/santhosh/Desktop/ros2_ws/pendulum_control/install/esp32_msgs/local/lib/python3.10/dist-packages/esp32_msgs/_esp32_msgs_s.ep.rosidl_typesupport_introspection_c.c
[0.286s] -- Up-to-date: /home/santhosh/Desktop/ros2_ws/pendulum_control/install/esp32_msgs/local/lib/python3.10/dist-packages/esp32_msgs/esp32_msgs_s__rosidl_typesupport_c.cpython-310-x86_64-linux-gnu.so
[0.286s] -- Up-to-date: /home/santhosh/Desktop/ros2_ws/pendulum_control/install/esp32_msgs/local/lib/python3.10/dist-packages/esp32_msgs/__init__.py
[0.286s] -- Up-to-date: /home/santhosh/Desktop/ros2_ws/pendulum_control/install/esp32_msgs/local/lib/python3.10/dist-packages/esp32_msgs/_esp32_msgs_s.ep.rosidl_typesupport_fastrtps_c.c
[0.286s] -- Up-to-date: /home/santhosh/Desktop/ros2_ws/pendulum_control/install/esp32_msgs/local/lib/python3.10/dist-packages/esp32_msgs/msg
[0.286s] -- Up-to-date: /home/santhosh/Desktop/ros2_ws/pendulum_control/install/esp32_msgs/local/lib/python3.10/dist-packages/esp32_msgs/msg/_imu_data_s.c
[0.286s] -- Up-to-date: /home/santhosh/Desktop/ros2_ws/pendulum_control/install/esp32_msgs/local/lib/python3.10/dist-packages/esp32_msgs/msg/__init__.py
[0.286s] -- Up-to-date: /home/santhosh/Desktop/ros2_ws/pendulum_control/install/esp32_msgs/local/lib/python3.10/dist-packages/esp32_msgs/msg/_imu_data.py
[0.286s] -- Up-to-date: /home/santhosh/Desktop/ros2_ws/pendulum_control/install/esp32_msgs/local/lib/python3.10/dist-packages/esp32_msgs/esp32_msgs_s__rosidl_typesupport_fastrtps_c.cpython-310-x86_64-linux-gnu.so
[0.286s] -- Up-to-date: /home/santhosh/Desktop/ros2_ws/pendulum_control/install/esp32_msgs/local/lib/python3.10/dist-packages/esp32_msgs/_esp32_msgs_s.ep.rosidl_typesupport_c.c
[0.286s] -- Up-to-date: /home/santhosh/Desktop/ros2_ws/pendulum_control/install/esp32_msgs/local/lib/python3.10/dist-packages/esp32_msgs/esp32_msgs_s__rosidl_typesupport_introspection_c.cpython-310-x86_64-linux-gnu.so
[0.287s] -- Up-to-date: /home/santhosh/Desktop/ros2_ws/pendulum_control/install/esp32_msgs/local/lib/python3.10/dist-packages/esp32_msgs/libesp32_msgs__rosidl_generator_py.so
[0.306s] Listing '/home/santhosh/Desktop/ros2_ws/pendulum_control/install/esp32_msgs/local/lib/python3.10/dist-packages/esp32_msgs'...
[0.306s] Listing '/home/santhosh/Desktop/ros2_ws/pendulum_control/install/esp32_msgs/local/lib/python3.10/dist-packages/esp32_msgs/msg'...
[0.309s] -- Up-to-date: /home/santhosh/Desktop/ros2_ws/pendulum_control/install/esp32_msgs/local/lib/python3.10/dist-packages/esp32_msgs/esp32_msgs_s__rosidl_typesupport_fastrtps_c.cpython-310-x86_64-linux-gnu.so
[0.309s] -- Up-to-date: /home/santhosh/Desktop/ros2_ws/pendulum_control/install/esp32_msgs/local/lib/python3.10/dist-packages/esp32_msgs/esp32_msgs_s__rosidl_typesupport_introspection_c.cpython-310-x86_64-linux-gnu.so
[0.310s] -- Up-to-date: /home/santhosh/Desktop/ros2_ws/pendulum_control/install/esp32_msgs/local/lib/python3.10/dist-packages/esp32_msgs/esp32_msgs_s__rosidl_typesupport_c.cpython-310-x86_64-linux-gnu.so
[0.310s] -- Up-to-date: /home/santhosh/Desktop/ros2_ws/pendulum_control/install/esp32_msgs/lib/libesp32_msgs__rosidl_generator_py.so
[0.310s] -- Up-to-date: /home/santhosh/Desktop/ros2_ws/pendulum_control/install/esp32_msgs/share/esp32_msgs/msg/ImuData.idl
[0.310s] -- Up-to-date: /home/santhosh/Desktop/ros2_ws/pendulum_control/install/esp32_msgs/share/esp32_msgs/msg/ImuData.msg
[0.310s] -- Up-to-date: /home/santhosh/Desktop/ros2_ws/pendulum_control/install/esp32_msgs/share/ament_index/resource_index/package_run_dependencies/esp32_msgs
[0.310s] -- Up-to-date: /home/santhosh/Desktop/ros2_ws/pendulum_control/install/esp32_msgs/share/ament_index/resource_index/parent_prefix_path/esp32_msgs
[0.311s] -- Up-to-date: /home/santhosh/Desktop/ros2_ws/pendulum_control/install/esp32_msgs/share/esp32_msgs/environment/ament_prefix_path.sh
[0.311s] -- Up-to-date: /home/santhosh/Desktop/ros2_ws/pendulum_control/install/esp32_msgs/share/esp32_msgs/environment/ament_prefix_path.dsv
[0.311s] -- Up-to-date: /home/santhosh/Desktop/ros2_ws/pendulum_control/install/esp32_msgs/share/esp32_msgs/environment/path.sh
[0.311s] -- Up-to-date: /home/santhosh/Desktop/ros2_ws/pendulum_control/install/esp32_msgs/share/esp32_msgs/environment/path.dsv
[0.311s] -- Up-to-date: /home/santhosh/Desktop/ros2_ws/pendulum_control/install/esp32_msgs/share/esp32_msgs/local_setup.bash
[0.311s] -- Up-to-date: /home/santhosh/Desktop/ros2_ws/pendulum_control/install/esp32_msgs/share/esp32_msgs/local_setup.sh
[0.311s] -- Up-to-date: /home/santhosh/Desktop/ros2_ws/pendulum_control/install/esp32_msgs/share/esp32_msgs/local_setup.zsh
[0.311s] -- Up-to-date: /home/santhosh/Desktop/ros2_ws/pendulum_control/install/esp32_msgs/share/esp32_msgs/local_setup.dsv
[0.311s] -- Installing: /home/santhosh/Desktop/ros2_ws/pendulum_control/install/esp32_msgs/share/esp32_msgs/package.dsv
[0.311s] -- Up-to-date: /home/santhosh/Desktop/ros2_ws/pendulum_control/install/esp32_msgs/share/ament_index/resource_index/packages/esp32_msgs
[0.311s] -- Up-to-date: /home/santhosh/Desktop/ros2_ws/pendulum_control/install/esp32_msgs/share/esp32_msgs/cmake/export_esp32_msgs__rosidl_generator_cExport.cmake
[0.311s] -- Up-to-date: /home/santhosh/Desktop/ros2_ws/pendulum_control/install/esp32_msgs/share/esp32_msgs/cmake/export_esp32_msgs__rosidl_generator_cExport-noconfig.cmake
[0.311s] -- Up-to-date: /home/santhosh/Desktop/ros2_ws/pendulum_control/install/esp32_msgs/share/esp32_msgs/cmake/export_esp32_msgs__rosidl_typesupport_fastrtps_cExport.cmake
[0.311s] -- Up-to-date: /home/santhosh/Desktop/ros2_ws/pendulum_control/install/esp32_msgs/share/esp32_msgs/cmake/export_esp32_msgs__rosidl_typesupport_fastrtps_cExport-noconfig.cmake
[0.311s] -- Up-to-date: /home/santhosh/Desktop/ros2_ws/pendulum_control/install/esp32_msgs/share/esp32_msgs/cmake/esp32_msgs__rosidl_typesupport_introspection_cExport.cmake
[0.311s] -- Up-to-date: /home/santhosh/Desktop/ros2_ws/pendulum_control/install/esp32_msgs/share/esp32_msgs/cmake/esp32_msgs__rosidl_typesupport_introspection_cExport-noconfig.cmake
[0.311s] -- Up-to-date: /home/santhosh/Desktop/ros2_ws/pendulum_control/install/esp32_msgs/share/esp32_msgs/cmake/esp32_msgs__rosidl_typesupport_cExport.cmake
[0.311s] -- Up-to-date: /home/santhosh/Desktop/ros2_ws/pendulum_control/install/esp32_msgs/share/esp32_msgs/cmake/esp32_msgs__rosidl_typesupport_cExport-noconfig.cmake
[0.311s] -- Up-to-date: /home/santhosh/Desktop/ros2_ws/pendulum_control/install/esp32_msgs/share/esp32_msgs/cmake/export_esp32_msgs__rosidl_generator_cppExport.cmake
[0.311s] -- Up-to-date: /home/santhosh/Desktop/ros2_ws/pendulum_control/install/esp32_msgs/share/esp32_msgs/cmake/export_esp32_msgs__rosidl_typesupport_fastrtps_cppExport.cmake
[0.311s] -- Up-to-date: /home/santhosh/Desktop/ros2_ws/pendulum_control/install/esp32_msgs/share/esp32_msgs/cmake/export_esp32_msgs__rosidl_typesupport_fastrtps_cppExport-noconfig.cmake
[0.312s] -- Up-to-date: /home/santhosh/Desktop/ros2_ws/pendulum_control/install/esp32_msgs/share/esp32_msgs/cmake/esp32_msgs__rosidl_typesupport_introspection_cppExport.cmake
[0.312s] -- Up-to-date: /home/santhosh/Desktop/ros2_ws/pendulum_control/install/esp32_msgs/share/esp32_msgs/cmake/esp32_msgs__rosidl_typesupport_introspection_cppExport-noconfig.cmake
[0.312s] -- Up-to-date: /home/santhosh/Desktop/ros2_ws/pendulum_control/install/esp32_msgs/share/esp32_msgs/cmake/esp32_msgs__rosidl_typesupport_cppExport.cmake
[0.312s] -- Up-to-date: /home/santhosh/Desktop/ros2_ws/pendulum_control/install/esp32_msgs/share/esp32_msgs/cmake/esp32_msgs__rosidl_typesupport_cppExport-noconfig.cmake
[0.312s] -- Up-to-date: /home/santhosh/Desktop/ros2_ws/pendulum_control/install/esp32_msgs/share/esp32_msgs/cmake/export_esp32_msgs__rosidl_generator_pyExport.cmake
[0.312s] -- Up-to-date: /home/santhosh/Desktop/ros2_ws/pendulum_control/install/esp32_msgs/share/esp32_msgs/cmake/export_esp32_msgs__rosidl_generator_pyExport-noconfig.cmake
[0.312s] -- Up-to-date: /home/santhosh/Desktop/ros2_ws/pendulum_control/install/esp32_msgs/share/esp32_msgs/cmake/rosidl_cmake-extras.cmake
[0.312s] -- Up-to-date: /home/santhosh/Desktop/ros2_ws/pendulum_control/install/esp32_msgs/share/esp32_msgs/cmake/ament_cmake_export_dependencies-extras.cmake
[0.312s] -- Up-to-date: /home/santhosh/Desktop/ros2_ws/pendulum_control/install/esp32_msgs/share/esp32_msgs/cmake/ament_cmake_export_include_directories-extras.cmake
[0.312s] -- Up-to-date: /home/santhosh/Desktop/ros2_ws/pendulum_control/install/esp32_msgs/share/esp32_msgs/cmake/ament_cmake_export_libraries-extras.cmake
[0.312s] -- Up-to-date: /home/santhosh/Desktop/ros2_ws/pendulum_control/install/esp32_msgs/share/esp32_msgs/cmake/ament_cmake_export_targets-extras.cmake
[0.312s] -- Up-to-date: /home/santhosh/Desktop/ros2_ws/pendulum_control/install/esp32_msgs/share/esp32_msgs/cmake/rosidl_cmake_export_typesupport_targets-extras.cmake
[0.312s] -- Up-to-date: /home/santhosh/Desktop/ros2_ws/pendulum_control/install/esp32_msgs/share/esp32_msgs/cmake/rosidl_cmake_export_typesupport_libraries-extras.cmake
[0.312s] -- Up-to-date: /home/santhosh/Desktop/ros2_ws/pendulum_control/install/esp32_msgs/share/esp32_msgs/cmake/esp32_msgsConfig.cmake
[0.312s] -- Up-to-date: /home/santhosh/Desktop/ros2_ws/pendulum_control/install/esp32_msgs/share/esp32_msgs/cmake/esp32_msgsConfig-version.cmake
[0.312s] -- Up-to-date: /home/santhosh/Desktop/ros2_ws/pendulum_control/install/esp32_msgs/share/esp32_msgs/package.xml
[0.315s] Invoked command in '/home/santhosh/Desktop/ros2_ws/pendulum_control/build/esp32_msgs' returned '0': CMAKE_PREFIX_PATH=/opt/ros/humble /usr/bin/cmake --install /home/santhosh/Desktop/ros2_ws/pendulum_control/build/esp32_msgs
