[0.161s] DEBUG:colcon:Command line arguments: ['/usr/bin/colcon', 'build']
[0.161s] DEBUG:colcon:Parsed command line arguments: Namespace(log_base=None, log_level=None, verb_name='build', build_base='build', install_base='install', merge_install=False, symlink_install=False, test_result_base=None, continue_on_error=False, executor='parallel', parallel_workers=16, event_handlers=None, ignore_user_meta=False, metas=['./colcon.meta'], base_paths=['.'], packages_ignore=None, packages_ignore_regex=None, paths=None, packages_up_to=None, packages_up_to_regex=None, packages_above=None, packages_above_and_dependencies=None, packages_above_depth=None, packages_select_by_dep=None, packages_skip_by_dep=None, packages_skip_up_to=None, packages_select_build_failed=False, packages_skip_build_finished=False, packages_select_test_failures=False, packages_skip_test_passed=False, packages_select=None, packages_skip=None, packages_select_regex=None, packages_skip_regex=None, packages_start=None, packages_end=None, allow_overriding=[], cmake_args=None, cmake_target=None, cmake_target_skip_unavailable=False, cmake_clean_cache=False, cmake_clean_first=False, cmake_force_configure=False, ament_cmake_args=None, catkin_cmake_args=None, catkin_skip_building_tests=False, verb_parser=<colcon_defaults.argument_parser.defaults.DefaultArgumentsDecorator object at 0x7aa68889f340>, verb_extension=<colcon_core.verb.build.BuildVerb object at 0x7aa688a68760>, main=<bound method BuildVerb.main of <colcon_core.verb.build.BuildVerb object at 0x7aa688a68760>>)
[0.394s] Level 1:colcon.colcon_core.package_discovery:discover_packages(colcon_meta) check parameters
[0.394s] Level 1:colcon.colcon_core.package_discovery:discover_packages(recursive) check parameters
[0.394s] Level 1:colcon.colcon_core.package_discovery:discover_packages(ignore) check parameters
[0.394s] Level 1:colcon.colcon_core.package_discovery:discover_packages(path) check parameters
[0.394s] Level 1:colcon.colcon_core.package_discovery:discover_packages(colcon_meta) discover
[0.394s] Level 1:colcon.colcon_core.package_discovery:discover_packages(recursive) discover
[0.394s] INFO:colcon.colcon_core.package_discovery:Crawling recursively for packages in '/home/santhosh/Desktop/ros2_ws/pendulum_control'
[0.395s] Level 1:colcon.colcon_core.package_identification:_identify(.) by extensions ['ignore', 'ignore_ament_install']
[0.395s] Level 1:colcon.colcon_core.package_identification:_identify(.) by extension 'ignore'
[0.395s] Level 1:colcon.colcon_core.package_identification:_identify(.) by extension 'ignore_ament_install'
[0.395s] Level 1:colcon.colcon_core.package_identification:_identify(.) by extensions ['colcon_pkg']
[0.395s] Level 1:colcon.colcon_core.package_identification:_identify(.) by extension 'colcon_pkg'
[0.395s] Level 1:colcon.colcon_core.package_identification:_identify(.) by extensions ['colcon_meta']
[0.395s] Level 1:colcon.colcon_core.package_identification:_identify(.) by extension 'colcon_meta'
[0.395s] Level 1:colcon.colcon_core.package_identification:_identify(.) by extensions ['ros']
[0.395s] Level 1:colcon.colcon_core.package_identification:_identify(.) by extension 'ros'
[0.406s] Level 1:colcon.colcon_core.package_identification:_identify(.) by extensions ['cmake', 'python']
[0.406s] Level 1:colcon.colcon_core.package_identification:_identify(.) by extension 'cmake'
[0.406s] Level 1:colcon.colcon_core.package_identification:_identify(.) by extension 'python'
[0.406s] Level 1:colcon.colcon_core.package_identification:_identify(.) by extensions ['python_setup_py']
[0.406s] Level 1:colcon.colcon_core.package_identification:_identify(.) by extension 'python_setup_py'
[0.406s] Level 1:colcon.colcon_core.package_identification:_identify(build) by extensions ['ignore', 'ignore_ament_install']
[0.406s] Level 1:colcon.colcon_core.package_identification:_identify(build) by extension 'ignore'
[0.406s] Level 1:colcon.colcon_core.package_identification:_identify(build) ignored
[0.406s] Level 1:colcon.colcon_core.package_identification:_identify(install) by extensions ['ignore', 'ignore_ament_install']
[0.406s] Level 1:colcon.colcon_core.package_identification:_identify(install) by extension 'ignore'
[0.406s] Level 1:colcon.colcon_core.package_identification:_identify(install) ignored
[0.406s] Level 1:colcon.colcon_core.package_identification:_identify(log) by extensions ['ignore', 'ignore_ament_install']
[0.406s] Level 1:colcon.colcon_core.package_identification:_identify(log) by extension 'ignore'
[0.406s] Level 1:colcon.colcon_core.package_identification:_identify(log) ignored
[0.406s] Level 1:colcon.colcon_core.package_identification:_identify(src) by extensions ['ignore', 'ignore_ament_install']
[0.406s] Level 1:colcon.colcon_core.package_identification:_identify(src) by extension 'ignore'
[0.406s] Level 1:colcon.colcon_core.package_identification:_identify(src) by extension 'ignore_ament_install'
[0.406s] Level 1:colcon.colcon_core.package_identification:_identify(src) by extensions ['colcon_pkg']
[0.406s] Level 1:colcon.colcon_core.package_identification:_identify(src) by extension 'colcon_pkg'
[0.406s] Level 1:colcon.colcon_core.package_identification:_identify(src) by extensions ['colcon_meta']
[0.407s] Level 1:colcon.colcon_core.package_identification:_identify(src) by extension 'colcon_meta'
[0.407s] Level 1:colcon.colcon_core.package_identification:_identify(src) by extensions ['ros']
[0.407s] Level 1:colcon.colcon_core.package_identification:_identify(src) by extension 'ros'
[0.407s] Level 1:colcon.colcon_core.package_identification:_identify(src) by extensions ['cmake', 'python']
[0.407s] Level 1:colcon.colcon_core.package_identification:_identify(src) by extension 'cmake'
[0.407s] Level 1:colcon.colcon_core.package_identification:_identify(src) by extension 'python'
[0.407s] Level 1:colcon.colcon_core.package_identification:_identify(src) by extensions ['python_setup_py']
[0.407s] Level 1:colcon.colcon_core.package_identification:_identify(src) by extension 'python_setup_py'
[0.407s] Level 1:colcon.colcon_core.package_identification:_identify(src/esp32_interface) by extensions ['ignore', 'ignore_ament_install']
[0.407s] Level 1:colcon.colcon_core.package_identification:_identify(src/esp32_interface) by extension 'ignore'
[0.407s] Level 1:colcon.colcon_core.package_identification:_identify(src/esp32_interface) by extension 'ignore_ament_install'
[0.407s] Level 1:colcon.colcon_core.package_identification:_identify(src/esp32_interface) by extensions ['colcon_pkg']
[0.407s] Level 1:colcon.colcon_core.package_identification:_identify(src/esp32_interface) by extension 'colcon_pkg'
[0.407s] Level 1:colcon.colcon_core.package_identification:_identify(src/esp32_interface) by extensions ['colcon_meta']
[0.407s] Level 1:colcon.colcon_core.package_identification:_identify(src/esp32_interface) by extension 'colcon_meta'
[0.407s] Level 1:colcon.colcon_core.package_identification:_identify(src/esp32_interface) by extensions ['ros']
[0.407s] Level 1:colcon.colcon_core.package_identification:_identify(src/esp32_interface) by extension 'ros'
[0.411s] DEBUG:colcon.colcon_core.package_identification:Package 'src/esp32_interface' with type 'ros.ament_cmake' and name 'esp32_interface'
[0.411s] Level 1:colcon.colcon_core.package_identification:_identify(src/esp32_msgs) by extensions ['ignore', 'ignore_ament_install']
[0.411s] Level 1:colcon.colcon_core.package_identification:_identify(src/esp32_msgs) by extension 'ignore'
[0.411s] Level 1:colcon.colcon_core.package_identification:_identify(src/esp32_msgs) by extension 'ignore_ament_install'
[0.411s] Level 1:colcon.colcon_core.package_identification:_identify(src/esp32_msgs) by extensions ['colcon_pkg']
[0.411s] Level 1:colcon.colcon_core.package_identification:_identify(src/esp32_msgs) by extension 'colcon_pkg'
[0.411s] Level 1:colcon.colcon_core.package_identification:_identify(src/esp32_msgs) by extensions ['colcon_meta']
[0.411s] Level 1:colcon.colcon_core.package_identification:_identify(src/esp32_msgs) by extension 'colcon_meta'
[0.411s] Level 1:colcon.colcon_core.package_identification:_identify(src/esp32_msgs) by extensions ['ros']
[0.411s] Level 1:colcon.colcon_core.package_identification:_identify(src/esp32_msgs) by extension 'ros'
[0.412s] DEBUG:colcon.colcon_core.package_identification:Package 'src/esp32_msgs' with type 'ros.ament_cmake' and name 'esp32_msgs'
[0.412s] Level 1:colcon.colcon_core.package_discovery:discover_packages(recursive) using defaults
[0.412s] Level 1:colcon.colcon_core.package_discovery:discover_packages(ignore) discover
[0.412s] Level 1:colcon.colcon_core.package_discovery:discover_packages(ignore) using defaults
[0.412s] Level 1:colcon.colcon_core.package_discovery:discover_packages(path) discover
[0.412s] Level 1:colcon.colcon_core.package_discovery:discover_packages(path) using defaults
[0.436s] Level 1:colcon.colcon_core.package_discovery:discover_packages(prefix_path) check parameters
[0.436s] Level 1:colcon.colcon_core.package_discovery:discover_packages(prefix_path) discover
[0.441s] DEBUG:colcon.colcon_installed_package_information.package_discovery:Found 277 installed packages in /opt/ros/humble
[0.444s] Level 1:colcon.colcon_core.package_discovery:discover_packages(prefix_path) using defaults
[0.473s] Level 5:colcon.colcon_core.verb:set package 'esp32_msgs' build argument 'cmake_args' from command line to 'None'
[0.473s] Level 5:colcon.colcon_core.verb:set package 'esp32_msgs' build argument 'cmake_target' from command line to 'None'
[0.473s] Level 5:colcon.colcon_core.verb:set package 'esp32_msgs' build argument 'cmake_target_skip_unavailable' from command line to 'False'
[0.473s] Level 5:colcon.colcon_core.verb:set package 'esp32_msgs' build argument 'cmake_clean_cache' from command line to 'False'
[0.473s] Level 5:colcon.colcon_core.verb:set package 'esp32_msgs' build argument 'cmake_clean_first' from command line to 'False'
[0.473s] Level 5:colcon.colcon_core.verb:set package 'esp32_msgs' build argument 'cmake_force_configure' from command line to 'False'
[0.473s] Level 5:colcon.colcon_core.verb:set package 'esp32_msgs' build argument 'ament_cmake_args' from command line to 'None'
[0.473s] Level 5:colcon.colcon_core.verb:set package 'esp32_msgs' build argument 'catkin_cmake_args' from command line to 'None'
[0.473s] Level 5:colcon.colcon_core.verb:set package 'esp32_msgs' build argument 'catkin_skip_building_tests' from command line to 'False'
[0.473s] DEBUG:colcon.colcon_core.verb:Building package 'esp32_msgs' with the following arguments: {'ament_cmake_args': None, 'build_base': '/home/santhosh/Desktop/ros2_ws/pendulum_control/build/esp32_msgs', 'catkin_cmake_args': None, 'catkin_skip_building_tests': False, 'cmake_args': None, 'cmake_clean_cache': False, 'cmake_clean_first': False, 'cmake_force_configure': False, 'cmake_target': None, 'cmake_target_skip_unavailable': False, 'install_base': '/home/santhosh/Desktop/ros2_ws/pendulum_control/install/esp32_msgs', 'merge_install': False, 'path': '/home/santhosh/Desktop/ros2_ws/pendulum_control/src/esp32_msgs', 'symlink_install': False, 'test_result_base': None}
[0.474s] Level 5:colcon.colcon_core.verb:set package 'esp32_interface' build argument 'cmake_args' from command line to 'None'
[0.474s] Level 5:colcon.colcon_core.verb:set package 'esp32_interface' build argument 'cmake_target' from command line to 'None'
[0.474s] Level 5:colcon.colcon_core.verb:set package 'esp32_interface' build argument 'cmake_target_skip_unavailable' from command line to 'False'
[0.474s] Level 5:colcon.colcon_core.verb:set package 'esp32_interface' build argument 'cmake_clean_cache' from command line to 'False'
[0.474s] Level 5:colcon.colcon_core.verb:set package 'esp32_interface' build argument 'cmake_clean_first' from command line to 'False'
[0.474s] Level 5:colcon.colcon_core.verb:set package 'esp32_interface' build argument 'cmake_force_configure' from command line to 'False'
[0.474s] Level 5:colcon.colcon_core.verb:set package 'esp32_interface' build argument 'ament_cmake_args' from command line to 'None'
[0.474s] Level 5:colcon.colcon_core.verb:set package 'esp32_interface' build argument 'catkin_cmake_args' from command line to 'None'
[0.474s] Level 5:colcon.colcon_core.verb:set package 'esp32_interface' build argument 'catkin_skip_building_tests' from command line to 'False'
[0.474s] DEBUG:colcon.colcon_core.verb:Building package 'esp32_interface' with the following arguments: {'ament_cmake_args': None, 'build_base': '/home/santhosh/Desktop/ros2_ws/pendulum_control/build/esp32_interface', 'catkin_cmake_args': None, 'catkin_skip_building_tests': False, 'cmake_args': None, 'cmake_clean_cache': False, 'cmake_clean_first': False, 'cmake_force_configure': False, 'cmake_target': None, 'cmake_target_skip_unavailable': False, 'install_base': '/home/santhosh/Desktop/ros2_ws/pendulum_control/install/esp32_interface', 'merge_install': False, 'path': '/home/santhosh/Desktop/ros2_ws/pendulum_control/src/esp32_interface', 'symlink_install': False, 'test_result_base': None}
[0.474s] INFO:colcon.colcon_core.executor:Executing jobs using 'parallel' executor
[0.475s] DEBUG:colcon.colcon_parallel_executor.executor.parallel:run_until_complete
[0.475s] INFO:colcon.colcon_ros.task.ament_cmake.build:Building ROS package in '/home/santhosh/Desktop/ros2_ws/pendulum_control/src/esp32_msgs' with build type 'ament_cmake'
[0.475s] INFO:colcon.colcon_cmake.task.cmake.build:Building CMake package in '/home/santhosh/Desktop/ros2_ws/pendulum_control/src/esp32_msgs'
[0.481s] INFO:colcon.colcon_core.plugin_system:Skipping extension 'colcon_core.shell.bat': Not used on non-Windows systems
[0.482s] INFO:colcon.colcon_core.shell:Skip shell extension 'powershell' for command environment: Not usable outside of PowerShell
[0.482s] DEBUG:colcon.colcon_core.shell:Skip shell extension 'dsv' for command environment
[0.496s] DEBUG:colcon.colcon_core.event_handler.log_command:Invoking command in '/home/santhosh/Desktop/ros2_ws/pendulum_control/build/esp32_msgs': CMAKE_PREFIX_PATH=/opt/ros/humble /usr/bin/cmake --build /home/santhosh/Desktop/ros2_ws/pendulum_control/build/esp32_msgs -- -j16 -l16
[0.800s] DEBUG:colcon.colcon_core.event_handler.log_command:Invoked command in '/home/santhosh/Desktop/ros2_ws/pendulum_control/build/esp32_msgs' returned '0': CMAKE_PREFIX_PATH=/opt/ros/humble /usr/bin/cmake --build /home/santhosh/Desktop/ros2_ws/pendulum_control/build/esp32_msgs -- -j16 -l16
[0.810s] DEBUG:colcon.colcon_core.event_handler.log_command:Invoking command in '/home/santhosh/Desktop/ros2_ws/pendulum_control/build/esp32_msgs': CMAKE_PREFIX_PATH=/opt/ros/humble /usr/bin/cmake --install /home/santhosh/Desktop/ros2_ws/pendulum_control/build/esp32_msgs
[0.870s] Level 1:colcon.colcon_core.environment:create_environment_scripts_only(esp32_msgs)
[0.870s] DEBUG:colcon.colcon_core.event_handler.log_command:Invoked command in '/home/santhosh/Desktop/ros2_ws/pendulum_control/build/esp32_msgs' returned '0': CMAKE_PREFIX_PATH=/opt/ros/humble /usr/bin/cmake --install /home/santhosh/Desktop/ros2_ws/pendulum_control/build/esp32_msgs
[0.878s] Level 1:colcon.colcon_core.environment:checking '/home/santhosh/Desktop/ros2_ws/pendulum_control/install/esp32_msgs' for CMake module files
[0.879s] Level 1:colcon.colcon_core.environment:checking '/home/santhosh/Desktop/ros2_ws/pendulum_control/install/esp32_msgs' for CMake config files
[0.879s] Level 1:colcon.colcon_core.shell:create_environment_hook('esp32_msgs', 'cmake_prefix_path')
[0.880s] INFO:colcon.colcon_core.shell:Creating environment hook '/home/santhosh/Desktop/ros2_ws/pendulum_control/install/esp32_msgs/share/esp32_msgs/hook/cmake_prefix_path.ps1'
[0.881s] INFO:colcon.colcon_core.shell:Creating environment descriptor '/home/santhosh/Desktop/ros2_ws/pendulum_control/install/esp32_msgs/share/esp32_msgs/hook/cmake_prefix_path.dsv'
[0.882s] INFO:colcon.colcon_core.shell:Creating environment hook '/home/santhosh/Desktop/ros2_ws/pendulum_control/install/esp32_msgs/share/esp32_msgs/hook/cmake_prefix_path.sh'
[0.883s] Level 1:colcon.colcon_core.environment:checking '/home/santhosh/Desktop/ros2_ws/pendulum_control/install/esp32_msgs/lib'
[0.883s] Level 1:colcon.colcon_core.shell:create_environment_hook('esp32_msgs', 'ld_library_path_lib')
[0.883s] INFO:colcon.colcon_core.shell:Creating environment hook '/home/santhosh/Desktop/ros2_ws/pendulum_control/install/esp32_msgs/share/esp32_msgs/hook/ld_library_path_lib.ps1'
[0.884s] INFO:colcon.colcon_core.shell:Creating environment descriptor '/home/santhosh/Desktop/ros2_ws/pendulum_control/install/esp32_msgs/share/esp32_msgs/hook/ld_library_path_lib.dsv'
[0.884s] INFO:colcon.colcon_core.shell:Creating environment hook '/home/santhosh/Desktop/ros2_ws/pendulum_control/install/esp32_msgs/share/esp32_msgs/hook/ld_library_path_lib.sh'
[0.884s] Level 1:colcon.colcon_core.environment:checking '/home/santhosh/Desktop/ros2_ws/pendulum_control/install/esp32_msgs/bin'
[0.884s] Level 1:colcon.colcon_core.environment:checking '/home/santhosh/Desktop/ros2_ws/pendulum_control/install/esp32_msgs/lib/pkgconfig/esp32_msgs.pc'
[0.884s] Level 1:colcon.colcon_core.environment:checking '/home/santhosh/Desktop/ros2_ws/pendulum_control/install/esp32_msgs/lib/python3.10/site-packages'
[0.884s] Level 1:colcon.colcon_core.environment:checking '/home/santhosh/Desktop/ros2_ws/pendulum_control/install/esp32_msgs/bin'
[0.885s] INFO:colcon.colcon_core.shell:Creating package script '/home/santhosh/Desktop/ros2_ws/pendulum_control/install/esp32_msgs/share/esp32_msgs/package.ps1'
[0.886s] INFO:colcon.colcon_core.shell:Creating package descriptor '/home/santhosh/Desktop/ros2_ws/pendulum_control/install/esp32_msgs/share/esp32_msgs/package.dsv'
[0.886s] INFO:colcon.colcon_core.shell:Creating package script '/home/santhosh/Desktop/ros2_ws/pendulum_control/install/esp32_msgs/share/esp32_msgs/package.sh'
[0.887s] INFO:colcon.colcon_core.shell:Creating package script '/home/santhosh/Desktop/ros2_ws/pendulum_control/install/esp32_msgs/share/esp32_msgs/package.bash'
[0.889s] INFO:colcon.colcon_core.shell:Creating package script '/home/santhosh/Desktop/ros2_ws/pendulum_control/install/esp32_msgs/share/esp32_msgs/package.zsh'
[0.890s] Level 1:colcon.colcon_core.environment:create_file_with_runtime_dependencies(/home/santhosh/Desktop/ros2_ws/pendulum_control/install/esp32_msgs/share/colcon-core/packages/esp32_msgs)
[0.891s] Level 1:colcon.colcon_core.environment:create_environment_scripts_only(esp32_msgs)
[0.891s] Level 1:colcon.colcon_core.environment:checking '/home/santhosh/Desktop/ros2_ws/pendulum_control/install/esp32_msgs' for CMake module files
[0.892s] Level 1:colcon.colcon_core.environment:checking '/home/santhosh/Desktop/ros2_ws/pendulum_control/install/esp32_msgs' for CMake config files
[0.892s] Level 1:colcon.colcon_core.shell:create_environment_hook('esp32_msgs', 'cmake_prefix_path')
[0.892s] INFO:colcon.colcon_core.shell:Creating environment hook '/home/santhosh/Desktop/ros2_ws/pendulum_control/install/esp32_msgs/share/esp32_msgs/hook/cmake_prefix_path.ps1'
[0.892s] INFO:colcon.colcon_core.shell:Creating environment descriptor '/home/santhosh/Desktop/ros2_ws/pendulum_control/install/esp32_msgs/share/esp32_msgs/hook/cmake_prefix_path.dsv'
[0.893s] INFO:colcon.colcon_core.shell:Creating environment hook '/home/santhosh/Desktop/ros2_ws/pendulum_control/install/esp32_msgs/share/esp32_msgs/hook/cmake_prefix_path.sh'
[0.893s] Level 1:colcon.colcon_core.environment:checking '/home/santhosh/Desktop/ros2_ws/pendulum_control/install/esp32_msgs/lib'
[0.893s] Level 1:colcon.colcon_core.shell:create_environment_hook('esp32_msgs', 'ld_library_path_lib')
[0.894s] INFO:colcon.colcon_core.shell:Creating environment hook '/home/santhosh/Desktop/ros2_ws/pendulum_control/install/esp32_msgs/share/esp32_msgs/hook/ld_library_path_lib.ps1'
[0.894s] INFO:colcon.colcon_core.shell:Creating environment descriptor '/home/santhosh/Desktop/ros2_ws/pendulum_control/install/esp32_msgs/share/esp32_msgs/hook/ld_library_path_lib.dsv'
[0.894s] INFO:colcon.colcon_core.shell:Creating environment hook '/home/santhosh/Desktop/ros2_ws/pendulum_control/install/esp32_msgs/share/esp32_msgs/hook/ld_library_path_lib.sh'
[0.895s] Level 1:colcon.colcon_core.environment:checking '/home/santhosh/Desktop/ros2_ws/pendulum_control/install/esp32_msgs/bin'
[0.895s] Level 1:colcon.colcon_core.environment:checking '/home/santhosh/Desktop/ros2_ws/pendulum_control/install/esp32_msgs/lib/pkgconfig/esp32_msgs.pc'
[0.895s] Level 1:colcon.colcon_core.environment:checking '/home/santhosh/Desktop/ros2_ws/pendulum_control/install/esp32_msgs/lib/python3.10/site-packages'
[0.895s] Level 1:colcon.colcon_core.environment:checking '/home/santhosh/Desktop/ros2_ws/pendulum_control/install/esp32_msgs/bin'
[0.896s] INFO:colcon.colcon_core.shell:Creating package script '/home/santhosh/Desktop/ros2_ws/pendulum_control/install/esp32_msgs/share/esp32_msgs/package.ps1'
[0.896s] INFO:colcon.colcon_core.shell:Creating package descriptor '/home/santhosh/Desktop/ros2_ws/pendulum_control/install/esp32_msgs/share/esp32_msgs/package.dsv'
[0.897s] INFO:colcon.colcon_core.shell:Creating package script '/home/santhosh/Desktop/ros2_ws/pendulum_control/install/esp32_msgs/share/esp32_msgs/package.sh'
[0.897s] INFO:colcon.colcon_core.shell:Creating package script '/home/santhosh/Desktop/ros2_ws/pendulum_control/install/esp32_msgs/share/esp32_msgs/package.bash'
[0.897s] INFO:colcon.colcon_core.shell:Creating package script '/home/santhosh/Desktop/ros2_ws/pendulum_control/install/esp32_msgs/share/esp32_msgs/package.zsh'
[0.898s] Level 1:colcon.colcon_core.environment:create_file_with_runtime_dependencies(/home/santhosh/Desktop/ros2_ws/pendulum_control/install/esp32_msgs/share/colcon-core/packages/esp32_msgs)
[0.898s] INFO:colcon.colcon_ros.task.ament_cmake.build:Building ROS package in '/home/santhosh/Desktop/ros2_ws/pendulum_control/src/esp32_interface' with build type 'ament_cmake'
[0.898s] INFO:colcon.colcon_cmake.task.cmake.build:Building CMake package in '/home/santhosh/Desktop/ros2_ws/pendulum_control/src/esp32_interface'
[0.898s] INFO:colcon.colcon_core.shell:Skip shell extension 'powershell' for command environment: Not usable outside of PowerShell
[0.898s] DEBUG:colcon.colcon_core.shell:Skip shell extension 'dsv' for command environment
[0.910s] DEBUG:colcon.colcon_core.event_handler.log_command:Invoking command in '/home/santhosh/Desktop/ros2_ws/pendulum_control/build/esp32_interface': AMENT_PREFIX_PATH=/home/santhosh/Desktop/ros2_ws/pendulum_control/install/esp32_msgs:${AMENT_PREFIX_PATH} CMAKE_PREFIX_PATH=/home/santhosh/Desktop/ros2_ws/pendulum_control/install/esp32_msgs:/opt/ros/humble LD_LIBRARY_PATH=/home/santhosh/Desktop/ros2_ws/pendulum_control/install/esp32_msgs/lib:${LD_LIBRARY_PATH} PYTHONPATH=/home/santhosh/Desktop/ros2_ws/pendulum_control/install/esp32_msgs/local/lib/python3.10/dist-packages:${PYTHONPATH} /usr/bin/cmake --build /home/santhosh/Desktop/ros2_ws/pendulum_control/build/esp32_interface -- -j16 -l16
[5.984s] DEBUG:colcon.colcon_core.event_handler.log_command:Invoked command in '/home/santhosh/Desktop/ros2_ws/pendulum_control/build/esp32_interface' returned '0': AMENT_PREFIX_PATH=/home/santhosh/Desktop/ros2_ws/pendulum_control/install/esp32_msgs:${AMENT_PREFIX_PATH} CMAKE_PREFIX_PATH=/home/santhosh/Desktop/ros2_ws/pendulum_control/install/esp32_msgs:/opt/ros/humble LD_LIBRARY_PATH=/home/santhosh/Desktop/ros2_ws/pendulum_control/install/esp32_msgs/lib:${LD_LIBRARY_PATH} PYTHONPATH=/home/santhosh/Desktop/ros2_ws/pendulum_control/install/esp32_msgs/local/lib/python3.10/dist-packages:${PYTHONPATH} /usr/bin/cmake --build /home/santhosh/Desktop/ros2_ws/pendulum_control/build/esp32_interface -- -j16 -l16
[5.987s] DEBUG:colcon.colcon_core.event_handler.log_command:Invoking command in '/home/santhosh/Desktop/ros2_ws/pendulum_control/build/esp32_interface': AMENT_PREFIX_PATH=/home/santhosh/Desktop/ros2_ws/pendulum_control/install/esp32_msgs:${AMENT_PREFIX_PATH} CMAKE_PREFIX_PATH=/home/santhosh/Desktop/ros2_ws/pendulum_control/install/esp32_msgs:/opt/ros/humble LD_LIBRARY_PATH=/home/santhosh/Desktop/ros2_ws/pendulum_control/install/esp32_msgs/lib:${LD_LIBRARY_PATH} PYTHONPATH=/home/santhosh/Desktop/ros2_ws/pendulum_control/install/esp32_msgs/local/lib/python3.10/dist-packages:${PYTHONPATH} /usr/bin/cmake --install /home/santhosh/Desktop/ros2_ws/pendulum_control/build/esp32_interface
[5.998s] Level 1:colcon.colcon_core.environment:create_environment_scripts_only(esp32_interface)
[5.999s] Level 1:colcon.colcon_core.environment:checking '/home/santhosh/Desktop/ros2_ws/pendulum_control/install/esp32_interface' for CMake module files
[5.999s] DEBUG:colcon.colcon_core.event_handler.log_command:Invoked command in '/home/santhosh/Desktop/ros2_ws/pendulum_control/build/esp32_interface' returned '0': AMENT_PREFIX_PATH=/home/santhosh/Desktop/ros2_ws/pendulum_control/install/esp32_msgs:${AMENT_PREFIX_PATH} CMAKE_PREFIX_PATH=/home/santhosh/Desktop/ros2_ws/pendulum_control/install/esp32_msgs:/opt/ros/humble LD_LIBRARY_PATH=/home/santhosh/Desktop/ros2_ws/pendulum_control/install/esp32_msgs/lib:${LD_LIBRARY_PATH} PYTHONPATH=/home/santhosh/Desktop/ros2_ws/pendulum_control/install/esp32_msgs/local/lib/python3.10/dist-packages:${PYTHONPATH} /usr/bin/cmake --install /home/santhosh/Desktop/ros2_ws/pendulum_control/build/esp32_interface
[6.000s] Level 1:colcon.colcon_core.environment:checking '/home/santhosh/Desktop/ros2_ws/pendulum_control/install/esp32_interface' for CMake config files
[6.000s] Level 1:colcon.colcon_core.shell:create_environment_hook('esp32_interface', 'cmake_prefix_path')
[6.000s] INFO:colcon.colcon_core.shell:Creating environment hook '/home/santhosh/Desktop/ros2_ws/pendulum_control/install/esp32_interface/share/esp32_interface/hook/cmake_prefix_path.ps1'
[6.000s] INFO:colcon.colcon_core.shell:Creating environment descriptor '/home/santhosh/Desktop/ros2_ws/pendulum_control/install/esp32_interface/share/esp32_interface/hook/cmake_prefix_path.dsv'
[6.002s] INFO:colcon.colcon_core.shell:Creating environment hook '/home/santhosh/Desktop/ros2_ws/pendulum_control/install/esp32_interface/share/esp32_interface/hook/cmake_prefix_path.sh'
[6.002s] Level 1:colcon.colcon_core.environment:checking '/home/santhosh/Desktop/ros2_ws/pendulum_control/install/esp32_interface/lib'
[6.002s] Level 1:colcon.colcon_core.environment:checking '/home/santhosh/Desktop/ros2_ws/pendulum_control/install/esp32_interface/bin'
[6.003s] Level 1:colcon.colcon_core.environment:checking '/home/santhosh/Desktop/ros2_ws/pendulum_control/install/esp32_interface/lib/pkgconfig/esp32_interface.pc'
[6.003s] Level 1:colcon.colcon_core.environment:checking '/home/santhosh/Desktop/ros2_ws/pendulum_control/install/esp32_interface/lib/python3.10/site-packages'
[6.003s] Level 1:colcon.colcon_core.environment:checking '/home/santhosh/Desktop/ros2_ws/pendulum_control/install/esp32_interface/bin'
[6.003s] INFO:colcon.colcon_core.shell:Creating package script '/home/santhosh/Desktop/ros2_ws/pendulum_control/install/esp32_interface/share/esp32_interface/package.ps1'
[6.004s] INFO:colcon.colcon_core.shell:Creating package descriptor '/home/santhosh/Desktop/ros2_ws/pendulum_control/install/esp32_interface/share/esp32_interface/package.dsv'
[6.006s] INFO:colcon.colcon_core.shell:Creating package script '/home/santhosh/Desktop/ros2_ws/pendulum_control/install/esp32_interface/share/esp32_interface/package.sh'
[6.006s] INFO:colcon.colcon_core.shell:Creating package script '/home/santhosh/Desktop/ros2_ws/pendulum_control/install/esp32_interface/share/esp32_interface/package.bash'
[6.007s] INFO:colcon.colcon_core.shell:Creating package script '/home/santhosh/Desktop/ros2_ws/pendulum_control/install/esp32_interface/share/esp32_interface/package.zsh'
[6.008s] Level 1:colcon.colcon_core.environment:create_file_with_runtime_dependencies(/home/santhosh/Desktop/ros2_ws/pendulum_control/install/esp32_interface/share/colcon-core/packages/esp32_interface)
[6.009s] Level 1:colcon.colcon_core.environment:create_environment_scripts_only(esp32_interface)
[6.009s] Level 1:colcon.colcon_core.environment:checking '/home/santhosh/Desktop/ros2_ws/pendulum_control/install/esp32_interface' for CMake module files
[6.009s] Level 1:colcon.colcon_core.environment:checking '/home/santhosh/Desktop/ros2_ws/pendulum_control/install/esp32_interface' for CMake config files
[6.009s] Level 1:colcon.colcon_core.shell:create_environment_hook('esp32_interface', 'cmake_prefix_path')
[6.009s] INFO:colcon.colcon_core.shell:Creating environment hook '/home/santhosh/Desktop/ros2_ws/pendulum_control/install/esp32_interface/share/esp32_interface/hook/cmake_prefix_path.ps1'
[6.010s] INFO:colcon.colcon_core.shell:Creating environment descriptor '/home/santhosh/Desktop/ros2_ws/pendulum_control/install/esp32_interface/share/esp32_interface/hook/cmake_prefix_path.dsv'
[6.010s] INFO:colcon.colcon_core.shell:Creating environment hook '/home/santhosh/Desktop/ros2_ws/pendulum_control/install/esp32_interface/share/esp32_interface/hook/cmake_prefix_path.sh'
[6.010s] Level 1:colcon.colcon_core.environment:checking '/home/santhosh/Desktop/ros2_ws/pendulum_control/install/esp32_interface/lib'
[6.010s] Level 1:colcon.colcon_core.environment:checking '/home/santhosh/Desktop/ros2_ws/pendulum_control/install/esp32_interface/bin'
[6.010s] Level 1:colcon.colcon_core.environment:checking '/home/santhosh/Desktop/ros2_ws/pendulum_control/install/esp32_interface/lib/pkgconfig/esp32_interface.pc'
[6.011s] Level 1:colcon.colcon_core.environment:checking '/home/santhosh/Desktop/ros2_ws/pendulum_control/install/esp32_interface/lib/python3.10/site-packages'
[6.011s] Level 1:colcon.colcon_core.environment:checking '/home/santhosh/Desktop/ros2_ws/pendulum_control/install/esp32_interface/bin'
[6.011s] INFO:colcon.colcon_core.shell:Creating package script '/home/santhosh/Desktop/ros2_ws/pendulum_control/install/esp32_interface/share/esp32_interface/package.ps1'
[6.011s] INFO:colcon.colcon_core.shell:Creating package descriptor '/home/santhosh/Desktop/ros2_ws/pendulum_control/install/esp32_interface/share/esp32_interface/package.dsv'
[6.012s] INFO:colcon.colcon_core.shell:Creating package script '/home/santhosh/Desktop/ros2_ws/pendulum_control/install/esp32_interface/share/esp32_interface/package.sh'
[6.012s] INFO:colcon.colcon_core.shell:Creating package script '/home/santhosh/Desktop/ros2_ws/pendulum_control/install/esp32_interface/share/esp32_interface/package.bash'
[6.012s] INFO:colcon.colcon_core.shell:Creating package script '/home/santhosh/Desktop/ros2_ws/pendulum_control/install/esp32_interface/share/esp32_interface/package.zsh'
[6.013s] Level 1:colcon.colcon_core.environment:create_file_with_runtime_dependencies(/home/santhosh/Desktop/ros2_ws/pendulum_control/install/esp32_interface/share/colcon-core/packages/esp32_interface)
[6.013s] DEBUG:colcon.colcon_parallel_executor.executor.parallel:closing loop
[6.013s] DEBUG:colcon.colcon_parallel_executor.executor.parallel:loop closed
[6.013s] DEBUG:colcon.colcon_parallel_executor.executor.parallel:run_until_complete finished with '0'
[6.013s] DEBUG:colcon.colcon_core.event_reactor:joining thread
[6.023s] INFO:colcon.colcon_core.plugin_system:Skipping extension 'colcon_notification.desktop_notification.terminal_notifier': Not used on non-Darwin systems
[6.023s] INFO:colcon.colcon_core.plugin_system:Skipping extension 'colcon_notification.desktop_notification.win32': Not used on non-Windows systems
[6.023s] INFO:colcon.colcon_notification.desktop_notification:Sending desktop notification using 'notify2'
[6.036s] DEBUG:colcon.colcon_core.event_reactor:joined thread
[6.036s] INFO:colcon.colcon_core.shell:Creating prefix script '/home/santhosh/Desktop/ros2_ws/pendulum_control/install/local_setup.ps1'
[6.055s] INFO:colcon.colcon_core.shell:Creating prefix util module '/home/santhosh/Desktop/ros2_ws/pendulum_control/install/_local_setup_util_ps1.py'
[6.057s] INFO:colcon.colcon_core.shell:Creating prefix chain script '/home/santhosh/Desktop/ros2_ws/pendulum_control/install/setup.ps1'
[6.061s] INFO:colcon.colcon_core.shell:Creating prefix script '/home/santhosh/Desktop/ros2_ws/pendulum_control/install/local_setup.sh'
[6.065s] INFO:colcon.colcon_core.shell:Creating prefix util module '/home/santhosh/Desktop/ros2_ws/pendulum_control/install/_local_setup_util_sh.py'
[6.069s] INFO:colcon.colcon_core.shell:Creating prefix chain script '/home/santhosh/Desktop/ros2_ws/pendulum_control/install/setup.sh'
[6.074s] INFO:colcon.colcon_core.shell:Creating prefix script '/home/santhosh/Desktop/ros2_ws/pendulum_control/install/local_setup.bash'
[6.078s] INFO:colcon.colcon_core.shell:Creating prefix chain script '/home/santhosh/Desktop/ros2_ws/pendulum_control/install/setup.bash'
[6.082s] INFO:colcon.colcon_core.shell:Creating prefix script '/home/santhosh/Desktop/ros2_ws/pendulum_control/install/local_setup.zsh'
[6.087s] INFO:colcon.colcon_core.shell:Creating prefix chain script '/home/santhosh/Desktop/ros2_ws/pendulum_control/install/setup.zsh'
