[0.009s] Invoking command in '/home/santhosh/Desktop/ros2_ws/pendulum_control/build/ESP32msgs': CMAKE_PREFIX_PATH=/opt/ros/humble /usr/bin/cmake /home/santhosh/Desktop/ros2_ws/pendulum_control/src/esp32_msgs -DCMAKE_INSTALL_PREFIX=/home/santhosh/Desktop/ros2_ws/pendulum_control/install/ESP32msgs
[0.017s] -- Found ament_cmake: 1.3.12 (/opt/ros/humble/share/ament_cmake/cmake)
[0.106s] -- Found rosidl_default_generators: 1.2.0 (/opt/ros/humble/share/rosidl_default_generators/cmake)
[0.106s] -- Using all available rosidl_typesupport_c: rosidl_typesupport_fastrtps_c;rosidl_typesupport_introspection_c
[0.108s] -- Found rosidl_adapter: 3.1.7 (/opt/ros/humble/share/rosidl_adapter/cmake)
[0.133s] -- Using all available rosidl_typesupport_cpp: rosidl_typesupport_fastrtps_cpp;rosidl_typesupport_introspection_cpp
[0.259s] [31mCMake Error at /opt/ros/humble/share/rosidl_adapter/cmake/rosidl_adapt_interfaces.cmake:59 (message):
[0.260s]   execute_process(/usr/bin/python3 -m rosidl_adapter --package-name
[0.260s]   esp32_msgs --arguments-file
[0.260s]   /home/santhosh/Desktop/ros2_ws/pendulum_control/build/ESP32msgs/rosidl_adapter__arguments__esp32_msgs.json
[0.260s]   --output-dir
[0.260s]   /home/santhosh/Desktop/ros2_ws/pendulum_control/build/ESP32msgs/rosidl_adapter/esp32_msgs
[0.260s]   --output-file
[0.260s]   /home/santhosh/Desktop/ros2_ws/pendulum_control/build/ESP32msgs/rosidl_adapter/esp32_msgs.idls)
[0.260s]   returned error code 1:
[0.260s] 
[0.260s]   Error processing 'int16_t ax' of 'esp32_msgs/ImuData': ''int16_t' is an
[0.260s]   invalid message name.  It should have the pattern '^[A-Z][A-Za-z0-9]*$''
[0.260s] 
[0.260s]   Traceback (most recent call last):
[0.260s] 
[0.260s]     File "/usr/lib/python3.10/runpy.py", line 196, in _run_module_as_main
[0.260s]       return _run_code(code, main_globals, None,
[0.260s]     File "/usr/lib/python3.10/runpy.py", line 86, in _run_code
[0.261s]       exec(code, run_globals)
[0.261s]     File "/opt/ros/humble/local/lib/python3.10/dist-packages/rosidl_adapter/__main__.py", line 19, in <module>
[0.261s]       sys.exit(main())
[0.261s]     File "/opt/ros/humble/local/lib/python3.10/dist-packages/rosidl_adapter/main.py", line 53, in main
[0.261s]       abs_idl_file = convert_to_idl(
[0.261s]     File "/opt/ros/humble/local/lib/python3.10/dist-packages/rosidl_adapter/__init__.py", line 19, in convert_to_idl
[0.261s]       return convert_msg_to_idl(
[0.261s]     File "/opt/ros/humble/local/lib/python3.10/dist-packages/rosidl_adapter/msg/__init__.py", line 28, in convert_msg_to_idl
[0.261s]       msg = parse_message_string(package_name, input_file.stem, content)
[0.261s]     File "/opt/ros/humble/local/lib/python3.10/dist-packages/rosidl_adapter/parser.py", line 520, in parse_message_string
[0.261s]       Type(type_string, context_package_name=pkg_name),
[0.261s]     File "/opt/ros/humble/local/lib/python3.10/dist-packages/rosidl_adapter/parser.py", line 277, in __init__
[0.261s]       super(Type, self).__init__(
[0.261s]     File "/opt/ros/humble/local/lib/python3.10/dist-packages/rosidl_adapter/parser.py", line 205, in __init__
[0.261s]       raise InvalidResourceName(
[0.261s] 
[0.261s]   rosidl_adapter.parser.InvalidResourceName: 'int16_t' is an invalid message
[0.261s]   name.  It should have the pattern '^[A-Z][A-Za-z0-9]*$'
[0.261s] 
[0.261s] Call Stack (most recent call first):
[0.261s]   /opt/ros/humble/share/rosidl_cmake/cmake/rosidl_generate_interfaces.cmake:130 (rosidl_adapt_interfaces)
[0.261s]   CMakeLists.txt:15 (rosidl_generate_interfaces)
[0.261s] 
[0.261s] [0m
[0.261s] -- Configuring incomplete, errors occurred!
[0.261s] See also "/home/santhosh/Desktop/ros2_ws/pendulum_control/build/ESP32msgs/CMakeFiles/CMakeOutput.log".
[0.266s] Invoked command in '/home/santhosh/Desktop/ros2_ws/pendulum_control/build/ESP32msgs' returned '1': CMAKE_PREFIX_PATH=/opt/ros/humble /usr/bin/cmake /home/santhosh/Desktop/ros2_ws/pendulum_control/src/esp32_msgs -DCMAKE_INSTALL_PREFIX=/home/santhosh/Desktop/ros2_ws/pendulum_control/install/ESP32msgs
