[0.008s] Invoking command in '/home/santhosh/Desktop/ros2_ws/pendulum_control/build/esp32_msgs': CMAKE_PREFIX_PATH=/opt/ros/humble /usr/bin/cmake --build /home/santhosh/Desktop/ros2_ws/pendulum_control/build/esp32_msgs -- -j16 -l16
[0.045s] [35m[1mConsolidate compiler generated dependencies of target esp32_msgs__rosidl_generator_c[0m
[0.054s] [  9%] Built target esp32_msgs__cpp
[0.054s] [ 12%] Built target esp32_msgs__rosidl_generator_c
[0.063s] [ 12%] Built target ament_cmake_python_copy_esp32_msgs
[0.064s] [35m[1mConsolidate compiler generated dependencies of target esp32_msgs__rosidl_typesupport_c[0m
[0.064s] [35m[1mConsolidate compiler generated dependencies of target esp32_msgs__rosidl_typesupport_introspection_c[0m
[0.064s] [35m[1mConsolidate compiler generated dependencies of target esp32_msgs__rosidl_typesupport_cpp[0m
[0.064s] [35m[1mConsolidate compiler generated dependencies of target esp32_msgs__rosidl_typesupport_introspection_cpp[0m
[0.064s] [35m[1mConsolidate compiler generated dependencies of target esp32_msgs__rosidl_typesupport_fastrtps_c[0m
[0.064s] [35m[1mConsolidate compiler generated dependencies of target esp32_msgs__rosidl_typesupport_fastrtps_cpp[0m
[0.075s] [ 32%] Built target esp32_msgs__rosidl_typesupport_introspection_c
[0.076s] [ 32%] Built target esp32_msgs__rosidl_typesupport_c
[0.077s] [ 41%] Built target esp32_msgs__rosidl_typesupport_fastrtps_c
[0.078s] [ 51%] Built target esp32_msgs__rosidl_typesupport_introspection_cpp
[0.078s] [ 61%] Built target esp32_msgs__rosidl_typesupport_fastrtps_cpp
[0.079s] [ 70%] Built target esp32_msgs__rosidl_typesupport_cpp
[0.100s] [ 70%] Built target esp32_msgs
[0.120s] [ 74%] Built target esp32_msgs__py
[0.132s] [35m[1mConsolidate compiler generated dependencies of target esp32_msgs__rosidl_generator_py[0m
[0.149s] [ 80%] Built target esp32_msgs__rosidl_generator_py
[0.159s] [35m[1mConsolidate compiler generated dependencies of target esp32_msgs__rosidl_typesupport_c__pyext[0m
[0.160s] [35m[1mConsolidate compiler generated dependencies of target esp32_msgs__rosidl_typesupport_introspection_c__pyext[0m
[0.160s] [35m[1mConsolidate compiler generated dependencies of target esp32_msgs__rosidl_typesupport_fastrtps_c__pyext[0m
[0.175s] [100%] Built target esp32_msgs__rosidl_typesupport_fastrtps_c__pyext
[0.175s] [100%] Built target esp32_msgs__rosidl_typesupport_c__pyext
[0.175s] [100%] Built target esp32_msgs__rosidl_typesupport_introspection_c__pyext
[0.238s] running egg_info
[0.239s] writing esp32_msgs.egg-info/PKG-INFO
[0.239s] writing dependency_links to esp32_msgs.egg-info/dependency_links.txt
[0.240s] writing top-level names to esp32_msgs.egg-info/top_level.txt
[0.241s] reading manifest file 'esp32_msgs.egg-info/SOURCES.txt'
[0.241s] writing manifest file 'esp32_msgs.egg-info/SOURCES.txt'
[0.262s] [100%] Built target ament_cmake_python_build_esp32_msgs_egg
[0.273s] Invoked command in '/home/santhosh/Desktop/ros2_ws/pendulum_control/build/esp32_msgs' returned '0': CMAKE_PREFIX_PATH=/opt/ros/humble /usr/bin/cmake --build /home/santhosh/Desktop/ros2_ws/pendulum_control/build/esp32_msgs -- -j16 -l16
[0.282s] Invoking command in '/home/santhosh/Desktop/ros2_ws/pendulum_control/build/esp32_msgs': CMAKE_PREFIX_PATH=/opt/ros/humble /usr/bin/cmake --install /home/santhosh/Desktop/ros2_ws/pendulum_control/build/esp32_msgs
[0.288s] -- Install configuration: ""
[0.289s] -- Up-to-date: /home/santhosh/Desktop/ros2_ws/pendulum_control/install/esp32_msgs/share/ament_index/resource_index/rosidl_interfaces/esp32_msgs
[0.289s] -- Up-to-date: /home/santhosh/Desktop/ros2_ws/pendulum_control/install/esp32_msgs/include/esp32_msgs/esp32_msgs
[0.289s] -- Up-to-date: /home/santhosh/Desktop/ros2_ws/pendulum_control/install/esp32_msgs/include/esp32_msgs/esp32_msgs/msg
[0.289s] -- Up-to-date: /home/santhosh/Desktop/ros2_ws/pendulum_control/install/esp32_msgs/include/esp32_msgs/esp32_msgs/msg/detail
[0.289s] -- Up-to-date: /home/santhosh/Desktop/ros2_ws/pendulum_control/install/esp32_msgs/include/esp32_msgs/esp32_msgs/msg/detail/imu_data__functions.h
[0.289s] -- Up-to-date: /home/santhosh/Desktop/ros2_ws/pendulum_control/install/esp32_msgs/include/esp32_msgs/esp32_msgs/msg/detail/imu_data__type_support.h
[0.289s] -- Up-to-date: /home/santhosh/Desktop/ros2_ws/pendulum_control/install/esp32_msgs/include/esp32_msgs/esp32_msgs/msg/detail/imu_data__struct.h
[0.289s] -- Up-to-date: /home/santhosh/Desktop/ros2_ws/pendulum_control/install/esp32_msgs/include/esp32_msgs/esp32_msgs/msg/detail/imu_data__functions.c
[0.290s] -- Up-to-date: /home/santhosh/Desktop/ros2_ws/pendulum_control/install/esp32_msgs/include/esp32_msgs/esp32_msgs/msg/rosidl_generator_c__visibility_control.h
[0.290s] -- Up-to-date: /home/santhosh/Desktop/ros2_ws/pendulum_control/install/esp32_msgs/include/esp32_msgs/esp32_msgs/msg/imu_data.h
[0.290s] -- Up-to-date: /home/santhosh/Desktop/ros2_ws/pendulum_control/install/esp32_msgs/share/esp32_msgs/environment/library_path.sh
[0.290s] -- Up-to-date: /home/santhosh/Desktop/ros2_ws/pendulum_control/install/esp32_msgs/share/esp32_msgs/environment/library_path.dsv
[0.290s] -- Up-to-date: /home/santhosh/Desktop/ros2_ws/pendulum_control/install/esp32_msgs/lib/libesp32_msgs__rosidl_generator_c.so
[0.290s] -- Up-to-date: /home/santhosh/Desktop/ros2_ws/pendulum_control/install/esp32_msgs/include/esp32_msgs/esp32_msgs
[0.290s] -- Up-to-date: /home/santhosh/Desktop/ros2_ws/pendulum_control/install/esp32_msgs/include/esp32_msgs/esp32_msgs/msg
[0.290s] -- Up-to-date: /home/santhosh/Desktop/ros2_ws/pendulum_control/install/esp32_msgs/include/esp32_msgs/esp32_msgs/msg/rosidl_typesupport_fastrtps_c__visibility_control.h
[0.290s] -- Up-to-date: /home/santhosh/Desktop/ros2_ws/pendulum_control/install/esp32_msgs/include/esp32_msgs/esp32_msgs/msg/detail
[0.290s] -- Up-to-date: /home/santhosh/Desktop/ros2_ws/pendulum_control/install/esp32_msgs/include/esp32_msgs/esp32_msgs/msg/detail/imu_data__rosidl_typesupport_fastrtps_c.h
[0.290s] -- Up-to-date: /home/santhosh/Desktop/ros2_ws/pendulum_control/install/esp32_msgs/lib/libesp32_msgs__rosidl_typesupport_fastrtps_c.so
[0.290s] -- Up-to-date: /home/santhosh/Desktop/ros2_ws/pendulum_control/install/esp32_msgs/include/esp32_msgs/esp32_msgs
[0.290s] -- Up-to-date: /home/santhosh/Desktop/ros2_ws/pendulum_control/install/esp32_msgs/include/esp32_msgs/esp32_msgs/msg
[0.290s] -- Up-to-date: /home/santhosh/Desktop/ros2_ws/pendulum_control/install/esp32_msgs/include/esp32_msgs/esp32_msgs/msg/rosidl_typesupport_introspection_c__visibility_control.h
[0.290s] -- Up-to-date: /home/santhosh/Desktop/ros2_ws/pendulum_control/install/esp32_msgs/include/esp32_msgs/esp32_msgs/msg/detail
[0.290s] -- Up-to-date: /home/santhosh/Desktop/ros2_ws/pendulum_control/install/esp32_msgs/include/esp32_msgs/esp32_msgs/msg/detail/imu_data__type_support.c
[0.290s] -- Up-to-date: /home/santhosh/Desktop/ros2_ws/pendulum_control/install/esp32_msgs/include/esp32_msgs/esp32_msgs/msg/detail/imu_data__rosidl_typesupport_introspection_c.h
[0.290s] -- Up-to-date: /home/santhosh/Desktop/ros2_ws/pendulum_control/install/esp32_msgs/lib/libesp32_msgs__rosidl_typesupport_introspection_c.so
[0.290s] -- Up-to-date: /home/santhosh/Desktop/ros2_ws/pendulum_control/install/esp32_msgs/lib/libesp32_msgs__rosidl_typesupport_c.so
[0.290s] -- Up-to-date: /home/santhosh/Desktop/ros2_ws/pendulum_control/install/esp32_msgs/include/esp32_msgs/esp32_msgs
[0.290s] -- Up-to-date: /home/santhosh/Desktop/ros2_ws/pendulum_control/install/esp32_msgs/include/esp32_msgs/esp32_msgs/msg
[0.291s] -- Up-to-date: /home/santhosh/Desktop/ros2_ws/pendulum_control/install/esp32_msgs/include/esp32_msgs/esp32_msgs/msg/imu_data.hpp
[0.291s] -- Up-to-date: /home/santhosh/Desktop/ros2_ws/pendulum_control/install/esp32_msgs/include/esp32_msgs/esp32_msgs/msg/rosidl_generator_cpp__visibility_control.hpp
[0.291s] -- Up-to-date: /home/santhosh/Desktop/ros2_ws/pendulum_control/install/esp32_msgs/include/esp32_msgs/esp32_msgs/msg/detail
[0.291s] -- Up-to-date: /home/santhosh/Desktop/ros2_ws/pendulum_control/install/esp32_msgs/include/esp32_msgs/esp32_msgs/msg/detail/imu_data__traits.hpp
[0.291s] -- Up-to-date: /home/santhosh/Desktop/ros2_ws/pendulum_control/install/esp32_msgs/include/esp32_msgs/esp32_msgs/msg/detail/imu_data__type_support.hpp
[0.291s] -- Up-to-date: /home/santhosh/Desktop/ros2_ws/pendulum_control/install/esp32_msgs/include/esp32_msgs/esp32_msgs/msg/detail/imu_data__builder.hpp
[0.291s] -- Up-to-date: /home/santhosh/Desktop/ros2_ws/pendulum_control/install/esp32_msgs/include/esp32_msgs/esp32_msgs/msg/detail/imu_data__struct.hpp
[0.291s] -- Up-to-date: /home/santhosh/Desktop/ros2_ws/pendulum_control/install/esp32_msgs/include/esp32_msgs/esp32_msgs
[0.291s] -- Up-to-date: /home/santhosh/Desktop/ros2_ws/pendulum_control/install/esp32_msgs/include/esp32_msgs/esp32_msgs/msg
[0.291s] -- Up-to-date: /home/santhosh/Desktop/ros2_ws/pendulum_control/install/esp32_msgs/include/esp32_msgs/esp32_msgs/msg/rosidl_typesupport_fastrtps_cpp__visibility_control.h
[0.291s] -- Up-to-date: /home/santhosh/Desktop/ros2_ws/pendulum_control/install/esp32_msgs/include/esp32_msgs/esp32_msgs/msg/detail
[0.291s] -- Up-to-date: /home/santhosh/Desktop/ros2_ws/pendulum_control/install/esp32_msgs/include/esp32_msgs/esp32_msgs/msg/detail/imu_data__rosidl_typesupport_fastrtps_cpp.hpp
[0.291s] -- Up-to-date: /home/santhosh/Desktop/ros2_ws/pendulum_control/install/esp32_msgs/include/esp32_msgs/esp32_msgs/msg/detail/dds_fastrtps
[0.291s] -- Up-to-date: /home/santhosh/Desktop/ros2_ws/pendulum_control/install/esp32_msgs/lib/libesp32_msgs__rosidl_typesupport_fastrtps_cpp.so
[0.291s] -- Up-to-date: /home/santhosh/Desktop/ros2_ws/pendulum_control/install/esp32_msgs/include/esp32_msgs/esp32_msgs
[0.291s] -- Up-to-date: /home/santhosh/Desktop/ros2_ws/pendulum_control/install/esp32_msgs/include/esp32_msgs/esp32_msgs/msg
[0.291s] -- Up-to-date: /home/santhosh/Desktop/ros2_ws/pendulum_control/install/esp32_msgs/include/esp32_msgs/esp32_msgs/msg/detail
[0.291s] -- Up-to-date: /home/santhosh/Desktop/ros2_ws/pendulum_control/install/esp32_msgs/include/esp32_msgs/esp32_msgs/msg/detail/imu_data__type_support.cpp
[0.291s] -- Up-to-date: /home/santhosh/Desktop/ros2_ws/pendulum_control/install/esp32_msgs/include/esp32_msgs/esp32_msgs/msg/detail/imu_data__rosidl_typesupport_introspection_cpp.hpp
[0.291s] -- Up-to-date: /home/santhosh/Desktop/ros2_ws/pendulum_control/install/esp32_msgs/lib/libesp32_msgs__rosidl_typesupport_introspection_cpp.so
[0.291s] -- Up-to-date: /home/santhosh/Desktop/ros2_ws/pendulum_control/install/esp32_msgs/lib/libesp32_msgs__rosidl_typesupport_cpp.so
[0.291s] -- Up-to-date: /home/santhosh/Desktop/ros2_ws/pendulum_control/install/esp32_msgs/share/esp32_msgs/environment/pythonpath.sh
[0.291s] -- Up-to-date: /home/santhosh/Desktop/ros2_ws/pendulum_control/install/esp32_msgs/share/esp32_msgs/environment/pythonpath.dsv
[0.292s] -- Up-to-date: /home/santhosh/Desktop/ros2_ws/pendulum_control/install/esp32_msgs/local/lib/python3.10/dist-packages/esp32_msgs-0.0.0-py3.10.egg-info
[0.292s] -- Installing: /home/santhosh/Desktop/ros2_ws/pendulum_control/install/esp32_msgs/local/lib/python3.10/dist-packages/esp32_msgs-0.0.0-py3.10.egg-info/PKG-INFO
[0.292s] -- Installing: /home/santhosh/Desktop/ros2_ws/pendulum_control/install/esp32_msgs/local/lib/python3.10/dist-packages/esp32_msgs-0.0.0-py3.10.egg-info/top_level.txt
[0.292s] -- Installing: /home/santhosh/Desktop/ros2_ws/pendulum_control/install/esp32_msgs/local/lib/python3.10/dist-packages/esp32_msgs-0.0.0-py3.10.egg-info/dependency_links.txt
[0.292s] -- Installing: /home/santhosh/Desktop/ros2_ws/pendulum_control/install/esp32_msgs/local/lib/python3.10/dist-packages/esp32_msgs-0.0.0-py3.10.egg-info/SOURCES.txt
[0.292s] -- Up-to-date: /home/santhosh/Desktop/ros2_ws/pendulum_control/install/esp32_msgs/local/lib/python3.10/dist-packages/esp32_msgs
[0.292s] -- Up-to-date: /home/santhosh/Desktop/ros2_ws/pendulum_control/install/esp32_msgs/local/lib/python3.10/dist-packages/esp32_msgs/_esp32_msgs_s.ep.rosidl_typesupport_introspection_c.c
[0.292s] -- Up-to-date: /home/santhosh/Desktop/ros2_ws/pendulum_control/install/esp32_msgs/local/lib/python3.10/dist-packages/esp32_msgs/esp32_msgs_s__rosidl_typesupport_c.cpython-310-x86_64-linux-gnu.so
[0.292s] -- Up-to-date: /home/santhosh/Desktop/ros2_ws/pendulum_control/install/esp32_msgs/local/lib/python3.10/dist-packages/esp32_msgs/__init__.py
[0.292s] -- Up-to-date: /home/santhosh/Desktop/ros2_ws/pendulum_control/install/esp32_msgs/local/lib/python3.10/dist-packages/esp32_msgs/_esp32_msgs_s.ep.rosidl_typesupport_fastrtps_c.c
[0.293s] -- Up-to-date: /home/santhosh/Desktop/ros2_ws/pendulum_control/install/esp32_msgs/local/lib/python3.10/dist-packages/esp32_msgs/msg
[0.293s] -- Up-to-date: /home/santhosh/Desktop/ros2_ws/pendulum_control/install/esp32_msgs/local/lib/python3.10/dist-packages/esp32_msgs/msg/_imu_data_s.c
[0.293s] -- Up-to-date: /home/santhosh/Desktop/ros2_ws/pendulum_control/install/esp32_msgs/local/lib/python3.10/dist-packages/esp32_msgs/msg/__init__.py
[0.293s] -- Up-to-date: /home/santhosh/Desktop/ros2_ws/pendulum_control/install/esp32_msgs/local/lib/python3.10/dist-packages/esp32_msgs/msg/_imu_data.py
[0.293s] -- Up-to-date: /home/santhosh/Desktop/ros2_ws/pendulum_control/install/esp32_msgs/local/lib/python3.10/dist-packages/esp32_msgs/esp32_msgs_s__rosidl_typesupport_fastrtps_c.cpython-310-x86_64-linux-gnu.so
[0.293s] -- Up-to-date: /home/santhosh/Desktop/ros2_ws/pendulum_control/install/esp32_msgs/local/lib/python3.10/dist-packages/esp32_msgs/_esp32_msgs_s.ep.rosidl_typesupport_c.c
[0.293s] -- Up-to-date: /home/santhosh/Desktop/ros2_ws/pendulum_control/install/esp32_msgs/local/lib/python3.10/dist-packages/esp32_msgs/esp32_msgs_s__rosidl_typesupport_introspection_c.cpython-310-x86_64-linux-gnu.so
[0.293s] -- Up-to-date: /home/santhosh/Desktop/ros2_ws/pendulum_control/install/esp32_msgs/local/lib/python3.10/dist-packages/esp32_msgs/libesp32_msgs__rosidl_generator_py.so
[0.316s] Listing '/home/santhosh/Desktop/ros2_ws/pendulum_control/install/esp32_msgs/local/lib/python3.10/dist-packages/esp32_msgs'...
[0.316s] Listing '/home/santhosh/Desktop/ros2_ws/pendulum_control/install/esp32_msgs/local/lib/python3.10/dist-packages/esp32_msgs/msg'...
[0.320s] -- Up-to-date: /home/santhosh/Desktop/ros2_ws/pendulum_control/install/esp32_msgs/local/lib/python3.10/dist-packages/esp32_msgs/esp32_msgs_s__rosidl_typesupport_fastrtps_c.cpython-310-x86_64-linux-gnu.so
[0.321s] -- Up-to-date: /home/santhosh/Desktop/ros2_ws/pendulum_control/install/esp32_msgs/local/lib/python3.10/dist-packages/esp32_msgs/esp32_msgs_s__rosidl_typesupport_introspection_c.cpython-310-x86_64-linux-gnu.so
[0.321s] -- Up-to-date: /home/santhosh/Desktop/ros2_ws/pendulum_control/install/esp32_msgs/local/lib/python3.10/dist-packages/esp32_msgs/esp32_msgs_s__rosidl_typesupport_c.cpython-310-x86_64-linux-gnu.so
[0.321s] -- Up-to-date: /home/santhosh/Desktop/ros2_ws/pendulum_control/install/esp32_msgs/lib/libesp32_msgs__rosidl_generator_py.so
[0.322s] -- Up-to-date: /home/santhosh/Desktop/ros2_ws/pendulum_control/install/esp32_msgs/share/esp32_msgs/msg/ImuData.idl
[0.322s] -- Up-to-date: /home/santhosh/Desktop/ros2_ws/pendulum_control/install/esp32_msgs/share/esp32_msgs/msgs/ImuData.msg
[0.322s] -- Up-to-date: /home/santhosh/Desktop/ros2_ws/pendulum_control/install/esp32_msgs/share/ament_index/resource_index/package_run_dependencies/esp32_msgs
[0.322s] -- Up-to-date: /home/santhosh/Desktop/ros2_ws/pendulum_control/install/esp32_msgs/share/ament_index/resource_index/parent_prefix_path/esp32_msgs
[0.322s] -- Up-to-date: /home/santhosh/Desktop/ros2_ws/pendulum_control/install/esp32_msgs/share/esp32_msgs/environment/ament_prefix_path.sh
[0.322s] -- Up-to-date: /home/santhosh/Desktop/ros2_ws/pendulum_control/install/esp32_msgs/share/esp32_msgs/environment/ament_prefix_path.dsv
[0.322s] -- Up-to-date: /home/santhosh/Desktop/ros2_ws/pendulum_control/install/esp32_msgs/share/esp32_msgs/environment/path.sh
[0.322s] -- Up-to-date: /home/santhosh/Desktop/ros2_ws/pendulum_control/install/esp32_msgs/share/esp32_msgs/environment/path.dsv
[0.322s] -- Up-to-date: /home/santhosh/Desktop/ros2_ws/pendulum_control/install/esp32_msgs/share/esp32_msgs/local_setup.bash
[0.322s] -- Up-to-date: /home/santhosh/Desktop/ros2_ws/pendulum_control/install/esp32_msgs/share/esp32_msgs/local_setup.sh
[0.322s] -- Up-to-date: /home/santhosh/Desktop/ros2_ws/pendulum_control/install/esp32_msgs/share/esp32_msgs/local_setup.zsh
[0.323s] -- Up-to-date: /home/santhosh/Desktop/ros2_ws/pendulum_control/install/esp32_msgs/share/esp32_msgs/local_setup.dsv
[0.323s] -- Installing: /home/santhosh/Desktop/ros2_ws/pendulum_control/install/esp32_msgs/share/esp32_msgs/package.dsv
[0.323s] -- Up-to-date: /home/santhosh/Desktop/ros2_ws/pendulum_control/install/esp32_msgs/share/ament_index/resource_index/packages/esp32_msgs
[0.323s] -- Up-to-date: /home/santhosh/Desktop/ros2_ws/pendulum_control/install/esp32_msgs/share/esp32_msgs/cmake/export_esp32_msgs__rosidl_generator_cExport.cmake
[0.323s] -- Up-to-date: /home/santhosh/Desktop/ros2_ws/pendulum_control/install/esp32_msgs/share/esp32_msgs/cmake/export_esp32_msgs__rosidl_generator_cExport-noconfig.cmake
[0.323s] -- Up-to-date: /home/santhosh/Desktop/ros2_ws/pendulum_control/install/esp32_msgs/share/esp32_msgs/cmake/export_esp32_msgs__rosidl_typesupport_fastrtps_cExport.cmake
[0.323s] -- Up-to-date: /home/santhosh/Desktop/ros2_ws/pendulum_control/install/esp32_msgs/share/esp32_msgs/cmake/export_esp32_msgs__rosidl_typesupport_fastrtps_cExport-noconfig.cmake
[0.323s] -- Up-to-date: /home/santhosh/Desktop/ros2_ws/pendulum_control/install/esp32_msgs/share/esp32_msgs/cmake/esp32_msgs__rosidl_typesupport_introspection_cExport.cmake
[0.324s] -- Up-to-date: /home/santhosh/Desktop/ros2_ws/pendulum_control/install/esp32_msgs/share/esp32_msgs/cmake/esp32_msgs__rosidl_typesupport_introspection_cExport-noconfig.cmake
[0.324s] -- Up-to-date: /home/santhosh/Desktop/ros2_ws/pendulum_control/install/esp32_msgs/share/esp32_msgs/cmake/esp32_msgs__rosidl_typesupport_cExport.cmake
[0.324s] -- Up-to-date: /home/santhosh/Desktop/ros2_ws/pendulum_control/install/esp32_msgs/share/esp32_msgs/cmake/esp32_msgs__rosidl_typesupport_cExport-noconfig.cmake
[0.324s] -- Up-to-date: /home/santhosh/Desktop/ros2_ws/pendulum_control/install/esp32_msgs/share/esp32_msgs/cmake/export_esp32_msgs__rosidl_generator_cppExport.cmake
[0.325s] -- Up-to-date: /home/santhosh/Desktop/ros2_ws/pendulum_control/install/esp32_msgs/share/esp32_msgs/cmake/export_esp32_msgs__rosidl_typesupport_fastrtps_cppExport.cmake
[0.326s] -- Up-to-date: /home/santhosh/Desktop/ros2_ws/pendulum_control/install/esp32_msgs/share/esp32_msgs/cmake/export_esp32_msgs__rosidl_typesupport_fastrtps_cppExport-noconfig.cmake
[0.326s] -- Up-to-date: /home/santhosh/Desktop/ros2_ws/pendulum_control/install/esp32_msgs/share/esp32_msgs/cmake/esp32_msgs__rosidl_typesupport_introspection_cppExport.cmake
[0.326s] -- Up-to-date: /home/santhosh/Desktop/ros2_ws/pendulum_control/install/esp32_msgs/share/esp32_msgs/cmake/esp32_msgs__rosidl_typesupport_introspection_cppExport-noconfig.cmake
[0.326s] -- Up-to-date: /home/santhosh/Desktop/ros2_ws/pendulum_control/install/esp32_msgs/share/esp32_msgs/cmake/esp32_msgs__rosidl_typesupport_cppExport.cmake
[0.326s] -- Up-to-date: /home/santhosh/Desktop/ros2_ws/pendulum_control/install/esp32_msgs/share/esp32_msgs/cmake/esp32_msgs__rosidl_typesupport_cppExport-noconfig.cmake
[0.326s] -- Up-to-date: /home/santhosh/Desktop/ros2_ws/pendulum_control/install/esp32_msgs/share/esp32_msgs/cmake/export_esp32_msgs__rosidl_generator_pyExport.cmake
[0.326s] -- Up-to-date: /home/santhosh/Desktop/ros2_ws/pendulum_control/install/esp32_msgs/share/esp32_msgs/cmake/export_esp32_msgs__rosidl_generator_pyExport-noconfig.cmake
[0.326s] -- Up-to-date: /home/santhosh/Desktop/ros2_ws/pendulum_control/install/esp32_msgs/share/esp32_msgs/cmake/rosidl_cmake-extras.cmake
[0.326s] -- Up-to-date: /home/santhosh/Desktop/ros2_ws/pendulum_control/install/esp32_msgs/share/esp32_msgs/cmake/ament_cmake_export_dependencies-extras.cmake
[0.326s] -- Up-to-date: /home/santhosh/Desktop/ros2_ws/pendulum_control/install/esp32_msgs/share/esp32_msgs/cmake/ament_cmake_export_include_directories-extras.cmake
[0.326s] -- Up-to-date: /home/santhosh/Desktop/ros2_ws/pendulum_control/install/esp32_msgs/share/esp32_msgs/cmake/ament_cmake_export_libraries-extras.cmake
[0.326s] -- Up-to-date: /home/santhosh/Desktop/ros2_ws/pendulum_control/install/esp32_msgs/share/esp32_msgs/cmake/ament_cmake_export_targets-extras.cmake
[0.326s] -- Up-to-date: /home/santhosh/Desktop/ros2_ws/pendulum_control/install/esp32_msgs/share/esp32_msgs/cmake/rosidl_cmake_export_typesupport_targets-extras.cmake
[0.326s] -- Up-to-date: /home/santhosh/Desktop/ros2_ws/pendulum_control/install/esp32_msgs/share/esp32_msgs/cmake/rosidl_cmake_export_typesupport_libraries-extras.cmake
[0.327s] -- Up-to-date: /home/santhosh/Desktop/ros2_ws/pendulum_control/install/esp32_msgs/share/esp32_msgs/cmake/esp32_msgsConfig.cmake
[0.327s] -- Up-to-date: /home/santhosh/Desktop/ros2_ws/pendulum_control/install/esp32_msgs/share/esp32_msgs/cmake/esp32_msgsConfig-version.cmake
[0.327s] -- Up-to-date: /home/santhosh/Desktop/ros2_ws/pendulum_control/install/esp32_msgs/share/esp32_msgs/package.xml
[0.329s] Invoked command in '/home/santhosh/Desktop/ros2_ws/pendulum_control/build/esp32_msgs' returned '0': CMAKE_PREFIX_PATH=/opt/ros/humble /usr/bin/cmake --install /home/santhosh/Desktop/ros2_ws/pendulum_control/build/esp32_msgs
