[35m[1mConsolidate compiler generated dependencies of target esp32_interface_node[0m
[ 50%] [32mBuilding CXX object CMakeFiles/esp32_interface_node.dir/src/esp32.cpp.o[0m
[01m[K/home/santhosh/Desktop/ros2_ws/pendulum_control/src/esp32_interface/src/esp32.cpp:[m[K In constructor ‘[01m[KESP32Interface::ESP32Interface()[m[K’:
[01m[K/home/santhosh/Desktop/ros2_ws/pendulum_control/src/esp32_interface/src/esp32.cpp:3:35:[m[K [01;31m[Kerror: [m[Kclass ‘[01m[KESP32Interface[m[K’ does not have any field named ‘[01m[KNode[m[K’
    3 | ESP32Interface::ESP32Interface(): [01;31m[KNode[m[K(esp_32_interface), serial_(io_)
      |                                   [01;31m[K^~~~[m[K
[01m[K/home/santhosh/Desktop/ros2_ws/pendulum_control/src/esp32_interface/src/esp32.cpp:3:40:[m[K [01;31m[Kerror: [m[K‘[01m[Kesp_32_interface[m[K’ was not declared in this scope; did you mean ‘[01m[KESP32Interface[m[K’?
    3 | ESP32Interface::ESP32Interface(): Node([01;31m[Kesp_32_interface[m[K), serial_(io_)
      |                                        [01;31m[K^~~~~~~~~~~~~~~~[m[K
      |                                        [32m[KESP32Interface[m[K
[01m[K/home/santhosh/Desktop/ros2_ws/pendulum_control/src/esp32_interface/src/esp32.cpp:19:5:[m[K [01;31m[Kerror: [m[K‘[01m[Ki2c_read_timer_[m[K’ was not declared in this scope
   19 |     [01;31m[Ki2c_read_timer_[m[K = this->create_wall_timer(10ms, std::bind(&ESP32Interface::readDataPubliherThread, this));
      |     [01;31m[K^~~~~~~~~~~~~~~[m[K
[01m[K/home/santhosh/Desktop/ros2_ws/pendulum_control/src/esp32_interface/src/esp32.cpp:19:29:[m[K [01;31m[Kerror: [m[K‘[01m[Kclass ESP32Interface[m[K’ has no member named ‘[01m[Kcreate_wall_timer[m[K’
   19 |     i2c_read_timer_ = this->[01;31m[Kcreate_wall_timer[m[K(10ms, std::bind(&ESP32Interface::readDataPubliherThread, this));
      |                             [01;31m[K^~~~~~~~~~~~~~~~~[m[K
[01m[K/home/santhosh/Desktop/ros2_ws/pendulum_control/src/esp32_interface/src/esp32.cpp:19:47:[m[K [01;31m[Kerror: [m[Kunable to find numeric literal operator ‘[01m[Koperator""ms[m[K’
   19 |     i2c_read_timer_ = this->create_wall_timer([01;31m[K10ms[m[K, std::bind(&ESP32Interface::readDataPubliherThread, this));
      |                                               [01;31m[K^~~~[m[K
[01m[K/home/santhosh/Desktop/ros2_ws/pendulum_control/src/esp32_interface/src/esp32.cpp:20:33:[m[K [01;31m[Kerror: [m[K‘[01m[Kclass ESP32Interface[m[K’ has no member named ‘[01m[Kcreate_publisher[m[K’; did you mean ‘[01m[Kimu_data_publisher_[m[K’?
   20 |     imu_data_publisher_ = this->[01;31m[Kcreate_publisher[m[K<esp32_msgs::msg::ImuData>("/imu_data", 10);
      |                                 [01;31m[K^~~~~~~~~~~~~~~~[m[K
      |                                 [32m[Kimu_data_publisher_[m[K
[01m[K/home/santhosh/Desktop/ros2_ws/pendulum_control/src/esp32_interface/src/esp32.cpp:20:74:[m[K [01;31m[Kerror: [m[Kexpected primary-expression before ‘[01m[K>[m[K’ token
   20 |     imu_data_publisher_ = this->create_publisher<esp32_msgs::msg::ImuData[01;31m[K>[m[K("/imu_data", 10);
      |                                                                          [01;31m[K^[m[K
[01m[K/home/santhosh/Desktop/ros2_ws/pendulum_control/src/esp32_interface/src/esp32.cpp:20:76:[m[K [01;35m[Kwarning: [m[Kleft operand of comma operator has no effect [[01;35m[K]8;;https://gcc.gnu.org/onlinedocs/gcc/Warning-Options.html#index-Wunused-value-Wunused-value]8;;[m[K]
   20 |     imu_data_publisher_ = this->create_publisher<esp32_msgs::msg::ImuData>([01;35m[K"/imu_data"[m[K, 10);
      |                                                                            [01;35m[K^~~~~~~~~~~[m[K
[01m[K/home/santhosh/Desktop/ros2_ws/pendulum_control/src/esp32_interface/src/esp32.cpp:21:14:[m[K [01;31m[Kerror: [m[Kbase operand of ‘[01m[K->[m[K’ has non-pointer type ‘[01m[Kesp32_msgs::msg::ImuData[m[K’ {aka ‘[01m[Kesp32_msgs::msg::ImuData_<std::allocator<void> >[m[K’}
   21 |     imu_data_[01;31m[K->[m[Kax = 0;
      |              [01;31m[K^~[m[K
[01m[K/home/santhosh/Desktop/ros2_ws/pendulum_control/src/esp32_interface/src/esp32.cpp:22:14:[m[K [01;31m[Kerror: [m[Kbase operand of ‘[01m[K->[m[K’ has non-pointer type ‘[01m[Kesp32_msgs::msg::ImuData[m[K’ {aka ‘[01m[Kesp32_msgs::msg::ImuData_<std::allocator<void> >[m[K’}
   22 |     imu_data_[01;31m[K->[m[Kay = 0;
      |              [01;31m[K^~[m[K
[01m[K/home/santhosh/Desktop/ros2_ws/pendulum_control/src/esp32_interface/src/esp32.cpp:23:14:[m[K [01;31m[Kerror: [m[Kbase operand of ‘[01m[K->[m[K’ has non-pointer type ‘[01m[Kesp32_msgs::msg::ImuData[m[K’ {aka ‘[01m[Kesp32_msgs::msg::ImuData_<std::allocator<void> >[m[K’}
   23 |     imu_data_[01;31m[K->[m[Kaz = 0;
      |              [01;31m[K^~[m[K
[01m[K/home/santhosh/Desktop/ros2_ws/pendulum_control/src/esp32_interface/src/esp32.cpp:[m[K In static member function ‘[01m[Kstatic ESP32Interface::esp_read_response_ ESP32Interface::read_register(uint8_t, int, int16_t&)[m[K’:
[01m[K/home/santhosh/Desktop/ros2_ws/pendulum_control/src/esp32_interface/src/esp32.cpp:34:24:[m[K [01;31m[Kerror: [m[Kinvalid use of member ‘[01m[KESP32Interface::serial_[m[K’ in static member function
   34 |     boost::asio::write([01;31m[Kserial_[m[K, boost::asio::buffer(request, 2));
      |                        [01;31m[K^~~~~~~[m[K
In file included from [01m[K/home/santhosh/Desktop/ros2_ws/pendulum_control/src/esp32_interface/src/esp32.cpp:1[m[K:
[01m[K/home/santhosh/Desktop/ros2_ws/pendulum_control/src/esp32_interface/include/esp32_interface/esp32.hpp:18:30:[m[K [01;36m[Knote: [m[Kdeclared here
   18 |     boost::asio::serial_port [01;36m[Kserial_[m[K;
      |                              [01;36m[K^~~~~~~[m[K
[01m[K/home/santhosh/Desktop/ros2_ws/pendulum_control/src/esp32_interface/src/esp32.cpp:45:20:[m[K [01;31m[Kerror: [m[Kinvalid use of member ‘[01m[KESP32Interface::serial_[m[K’ in static member function
   45 |         size_t n = [01;31m[Kserial_[m[K.read_some(boost::asio::buffer(&byte, 1), ec);
      |                    [01;31m[K^~~~~~~[m[K
In file included from [01m[K/home/santhosh/Desktop/ros2_ws/pendulum_control/src/esp32_interface/src/esp32.cpp:1[m[K:
[01m[K/home/santhosh/Desktop/ros2_ws/pendulum_control/src/esp32_interface/include/esp32_interface/esp32.hpp:18:30:[m[K [01;36m[Knote: [m[Kdeclared here
   18 |     boost::asio::serial_port [01;36m[Kserial_[m[K;
      |                              [01;36m[K^~~~~~~[m[K
[01m[K/home/santhosh/Desktop/ros2_ws/pendulum_control/src/esp32_interface/src/esp32.cpp:72:20:[m[K [01;31m[Kerror: [m[Kinvalid use of member ‘[01m[KESP32Interface::serial_[m[K’ in static member function
   72 |         size_t n = [01;31m[Kserial_[m[K.read_some(boost::asio::buffer(resp + total_read, PACKET_SIZE - total_read), ec);
      |                    [01;31m[K^~~~~~~[m[K
In file included from [01m[K/home/santhosh/Desktop/ros2_ws/pendulum_control/src/esp32_interface/src/esp32.cpp:1[m[K:
[01m[K/home/santhosh/Desktop/ros2_ws/pendulum_control/src/esp32_interface/include/esp32_interface/esp32.hpp:18:30:[m[K [01;36m[Knote: [m[Kdeclared here
   18 |     boost::asio::serial_port [01;36m[Kserial_[m[K;
      |                              [01;36m[K^~~~~~~[m[K
[01m[K/home/santhosh/Desktop/ros2_ws/pendulum_control/src/esp32_interface/src/esp32.cpp:[m[K At global scope:
[01m[K/home/santhosh/Desktop/ros2_ws/pendulum_control/src/esp32_interface/src/esp32.cpp:133:40:[m[K [01;31m[Kerror: [m[K‘[01m[Krclcpp::TimerBase::SharedPtr ESP32Interface::readDataPubliherThread[m[K’ is private within this context
  133 | ESP32Interface::readDataPubliherThread([01;31m[K)[m[K{
      |                                        [01;31m[K^[m[K
In file included from [01m[K/home/santhosh/Desktop/ros2_ws/pendulum_control/src/esp32_interface/src/esp32.cpp:1[m[K:
[01m[K/home/santhosh/Desktop/ros2_ws/pendulum_control/src/esp32_interface/include/esp32_interface/esp32.hpp:19:34:[m[K [01;36m[Knote: [m[Kdeclared private here
   19 |     rclcpp::TimerBase::SharedPtr [01;36m[KreadDataPubliherThread[m[K;
      |                                  [01;36m[K^~~~~~~~~~~~~~~~~~~~~~[m[K
[01m[K/home/santhosh/Desktop/ros2_ws/pendulum_control/src/esp32_interface/src/esp32.cpp:133:1:[m[K [01;31m[Kerror: [m[KISO C++ forbids declaration of ‘[01m[KreadDataPubliherThread[m[K’ with no type [[01;31m[K]8;;https://gcc.gnu.org/onlinedocs/gcc/Warning-Options.html#index-fpermissive-fpermissive]8;;[m[K]
  133 | [01;31m[KESP32Interface[m[K::readDataPubliherThread(){
      | [01;31m[K^~~~~~~~~~~~~~[m[K
[01m[K/home/santhosh/Desktop/ros2_ws/pendulum_control/src/esp32_interface/src/esp32.cpp:133:1:[m[K [01;31m[Kerror: [m[Kno declaration matches ‘[01m[Kint ESP32Interface::readDataPubliherThread()[m[K’
In file included from [01m[K/home/santhosh/Desktop/ros2_ws/pendulum_control/src/esp32_interface/src/esp32.cpp:1[m[K:
[01m[K/home/santhosh/Desktop/ros2_ws/pendulum_control/src/esp32_interface/include/esp32_interface/esp32.hpp:19:34:[m[K [01;36m[Knote: [m[Kcandidate is: ‘[01m[Krclcpp::TimerBase::SharedPtr ESP32Interface::readDataPubliherThread[m[K’
   19 |     rclcpp::TimerBase::SharedPtr [01;36m[KreadDataPubliherThread[m[K;
      |                                  [01;36m[K^~~~~~~~~~~~~~~~~~~~~~[m[K
[01m[K/home/santhosh/Desktop/ros2_ws/pendulum_control/src/esp32_interface/include/esp32_interface/esp32.hpp:7:7:[m[K [01;36m[Knote: [m[K‘[01m[Kclass ESP32Interface[m[K’ defined here
    7 | class [01;36m[KESP32Interface[m[K {
      |       [01;36m[K^~~~~~~~~~~~~~[m[K
[01m[K/home/santhosh/Desktop/ros2_ws/pendulum_control/src/esp32_interface/src/esp32.cpp:[m[K In function ‘[01m[Kint main()[m[K’:
[01m[K/home/santhosh/Desktop/ros2_ws/pendulum_control/src/esp32_interface/src/esp32.cpp:147:17:[m[K [01;31m[Kerror: [m[Kno matching function for call to ‘[01m[Kspin(std::shared_ptr<ESP32Interface>&)[m[K’
  147 |     [01;31m[Krclcpp::spin(node)[m[K;
      |     [01;31m[K~~~~~~~~~~~~^~~~~~[m[K
In file included from [01m[K/opt/ros/humble/include/rclcpp/rclcpp/rclcpp.hpp:155[m[K,
                 from [01m[K/home/santhosh/Desktop/ros2_ws/pendulum_control/src/esp32_interface/include/esp32_interface/esp32.hpp:5[m[K,
                 from [01m[K/home/santhosh/Desktop/ros2_ws/pendulum_control/src/esp32_interface/src/esp32.cpp:1[m[K:
[01m[K/opt/ros/humble/include/rclcpp/rclcpp/executors.hpp:45:1:[m[K [01;36m[Knote: [m[Kcandidate: ‘[01m[Kvoid rclcpp::spin(rclcpp::node_interfaces::NodeBaseInterface::SharedPtr)[m[K’
   45 | [01;36m[Kspin[m[K(rclcpp::node_interfaces::NodeBaseInterface::SharedPtr node_ptr);
      | [01;36m[K^~~~[m[K
[01m[K/opt/ros/humble/include/rclcpp/rclcpp/executors.hpp:45:60:[m[K [01;36m[Knote: [m[K  no known conversion for argument 1 from ‘[01m[Kshared_ptr<[01;32m[KESP32Interface[m[K>[m[K’ to ‘[01m[Kshared_ptr<[01;32m[Krclcpp::node_interfaces::NodeBaseInterface[m[K>[m[K’
   45 | spin([01;36m[Krclcpp::node_interfaces::NodeBaseInterface::SharedPtr node_ptr[m[K);
      |      [01;36m[K~~~~~~~~~~~~~~~~~~~~~~~~~~~~~~~~~~~~~~~~~~~~~~~~~~~~~~^~~~~~~~[m[K
[01m[K/opt/ros/humble/include/rclcpp/rclcpp/executors.hpp:49:1:[m[K [01;36m[Knote: [m[Kcandidate: ‘[01m[Kvoid rclcpp::spin(rclcpp::Node::SharedPtr)[m[K’
   49 | [01;36m[Kspin[m[K(rclcpp::Node::SharedPtr node_ptr);
      | [01;36m[K^~~~[m[K
[01m[K/opt/ros/humble/include/rclcpp/rclcpp/executors.hpp:49:30:[m[K [01;36m[Knote: [m[K  no known conversion for argument 1 from ‘[01m[Kshared_ptr<[01;32m[KESP32Interface[m[K>[m[K’ to ‘[01m[Kshared_ptr<[01;32m[Krclcpp::Node[m[K>[m[K’
   49 | spin([01;36m[Krclcpp::Node::SharedPtr node_ptr[m[K);
      |      [01;36m[K~~~~~~~~~~~~~~~~~~~~~~~~^~~~~~~~[m[K
gmake[2]: *** [CMakeFiles/esp32_interface_node.dir/build.make:76: CMakeFiles/esp32_interface_node.dir/src/esp32.cpp.o] Error 1
gmake[1]: *** [CMakeFiles/Makefile2:137: CMakeFiles/esp32_interface_node.dir/all] Error 2
gmake: *** [Makefile:146: all] Error 2
